<testResult><duration>66.490005</duration><failCount>0</failCount><passCount>302</passCount><skipCount>0</skipCount><suite><case><age>0</age><className>org.pentaho.amazon.s3.S3FileOutputMetaProcessFilenameTest</className><duration>0.076</duration><failedSince>0</failedSince><name>testProcessFilenameCapitalLetter</name><skipped>false</skipped><status>PASSED</status><stderr></stderr><stdout></stdout></case><case><age>0</age><className>org.pentaho.amazon.s3.S3FileOutputMetaProcessFilenameTest</className><duration>0.0010</duration><failedSince>0</failedSince><name>testProcessFilenameOldStyleEncoded</name><skipped>false</skipped><status>PASSED</status><stderr></stderr><stdout></stdout></case><case><age>0</age><className>org.pentaho.amazon.s3.S3FileOutputMetaProcessFilenameTest</className><duration>0.0</duration><failedSince>0</failedSince><name>testProcessFilenameNewStyle1</name><skipped>false</skipped><status>PASSED</status><stderr></stderr><stdout></stdout></case><case><age>0</age><className>org.pentaho.amazon.s3.S3FileOutputMetaProcessFilenameTest</className><duration>0.0</duration><failedSince>0</failedSince><name>testProcessFilenameNewStyle2</name><skipped>false</skipped><status>PASSED</status><stderr></stderr><stdout></stdout></case><case><age>0</age><className>org.pentaho.amazon.s3.S3FileOutputMetaProcessFilenameTest</className><duration>0.0010</duration><failedSince>0</failedSince><name>testProcessFilenameOldStyleNotEncoded</name><skipped>false</skipped><status>PASSED</status><stderr></stderr><stdout></stdout></case><duration>0.078</duration><name>org.pentaho.amazon.s3.S3FileOutputMetaProcessFilenameTest</name><stderr></stderr><stdout></stdout><timestamp>2014-10-07T19:29:54</timestamp></suite><suite><case><age>0</age><className>org.pentaho.di.core.database.HiveDatabaseMetaTest</className><duration>0.024</duration><failedSince>0</failedSince><name>testColumnAlias_060_And_Later</name><skipped>false</skipped><status>PASSED</status><stderr></stderr><stdout></stdout></case><case><age>0</age><className>org.pentaho.di.core.database.HiveDatabaseMetaTest</className><duration>0.0</duration><failedSince>0</failedSince><name>testColumnAlias_050</name><skipped>false</skipped><status>PASSED</status><stderr></stderr><stdout></stdout></case><case><age>0</age><className>org.pentaho.di.core.database.HiveDatabaseMetaTest</className><duration>0.021</duration><failedSince>0</failedSince><name>testGetConnectSQL</name><skipped>false</skipped><status>PASSED</status><stderr></stderr><stdout></stdout></case><case><age>0</age><className>org.pentaho.di.core.database.HiveDatabaseMetaTest</className><duration>0.0</duration><failedSince>0</failedSince><name>testGetConnectSQL2</name><skipped>false</skipped><status>PASSED</status><stderr></stderr><stdout></stdout></case><case><age>0</age><className>org.pentaho.di.core.database.HiveDatabaseMetaTest</className><duration>0.0010</duration><failedSince>0</failedSince><name>testGetConnectSQL3</name><skipped>false</skipped><status>PASSED</status><stderr></stderr><stdout></stdout></case><duration>0.046</duration><name>org.pentaho.di.core.database.HiveDatabaseMetaTest</name><stderr></stderr><stdout></stdout><timestamp>2014-10-07T19:29:55</timestamp></suite><suite><case><age>0</age><className>org.pentaho.di.core.hadoop.HadoopConfigurationBootstrapTest</className><duration>0.175</duration><failedSince>0</failedSince><name>getActiveConfigurationId_missing_property</name><skipped>false</skipped><status>PASSED</status><stderr></stderr><stdout></stdout></case><case><age>0</age><className>org.pentaho.di.core.hadoop.HadoopConfigurationBootstrapTest</className><duration>0.022</duration><failedSince>0</failedSince><name>getHadoopConfigurationProvider</name><skipped>false</skipped><status>PASSED</status><stderr></stderr><stdout></stdout></case><case><age>0</age><className>org.pentaho.di.core.hadoop.HadoopConfigurationBootstrapTest</className><duration>0.0010</duration><failedSince>0</failedSince><name>getHadoopConfigurationProvider_active_invalid</name><skipped>false</skipped><status>PASSED</status><stderr></stderr><stdout></stdout></case><case><age>0</age><className>org.pentaho.di.core.hadoop.HadoopConfigurationBootstrapTest</className><duration>0.0010</duration><failedSince>0</failedSince><name>getHadoopConfigurationProvider_getActiveException</name><skipped>false</skipped><status>PASSED</status><stderr></stderr><stdout></stdout></case><case><age>0</age><className>org.pentaho.di.core.hadoop.HadoopConfigurationBootstrapTest</className><duration>0.0070</duration><failedSince>0</failedSince><name>initializeHadoopConfigurationProvider</name><skipped>false</skipped><status>PASSED</status><stderr></stderr><stdout></stdout></case><case><age>0</age><className>org.pentaho.di.core.hadoop.HadoopConfigurationBootstrapTest</className><duration>0.0010</duration><failedSince>0</failedSince><name>locatePluginDirectory_null_plugin_folder</name><skipped>false</skipped><status>PASSED</status><stderr></stderr><stdout></stdout></case><case><age>0</age><className>org.pentaho.di.core.hadoop.HadoopConfigurationBootstrapTest</className><duration>0.0020</duration><failedSince>0</failedSince><name>locatePluginDirectory_invalid_path</name><skipped>false</skipped><status>PASSED</status><stderr></stderr><stdout></stdout></case><case><age>0</age><className>org.pentaho.di.core.hadoop.HadoopConfigurationBootstrapTest</className><duration>0.226</duration><failedSince>0</failedSince><name>testLifecycleExceptionWithSevereTrueThrows_WhenConfigurationExceptionOccursOnEnvInit</name><skipped>false</skipped><status>PASSED</status><stderr></stderr><stdout></stdout></case><case><age>0</age><className>org.pentaho.di.core.hadoop.HadoopConfigurationBootstrapTest</className><duration>0.0010</duration><failedSince>0</failedSince><name>getPluginInterface_not_registered</name><skipped>false</skipped><status>PASSED</status><stderr></stderr><stdout></stdout></case><case><age>0</age><className>org.pentaho.di.core.hadoop.HadoopConfigurationBootstrapTest</className><duration>0.0</duration><failedSince>0</failedSince><name>getPluginInterface</name><skipped>false</skipped><status>PASSED</status><stderr></stderr><stdout></stdout></case><case><age>0</age><className>org.pentaho.di.core.hadoop.HadoopConfigurationBootstrapTest</className><duration>0.0</duration><failedSince>0</failedSince><name>resolveHadoopConfigurationsDirectory</name><skipped>false</skipped><status>PASSED</status><stderr></stderr><stdout></stdout></case><case><age>0</age><className>org.pentaho.di.core.hadoop.HadoopConfigurationBootstrapTest</className><duration>0.0</duration><failedSince>0</failedSince><name>locatePluginDirectory</name><skipped>false</skipped><status>PASSED</status><stderr></stderr><stdout></stdout></case><case><age>0</age><className>org.pentaho.di.core.hadoop.HadoopConfigurationBootstrapTest</className><duration>0.0</duration><failedSince>0</failedSince><name>getActiveConfigurationId_exception_getting_properties</name><skipped>false</skipped><status>PASSED</status><stderr></stderr><stdout></stdout></case><duration>0.436</duration><name>org.pentaho.di.core.hadoop.HadoopConfigurationBootstrapTest</name><stderr></stderr><stdout></stdout><timestamp>2014-10-07T19:29:57</timestamp></suite><suite><case><age>0</age><className>org.pentaho.di.job.AbstractJobEntryTest</className><duration>2.048</duration><failedSince>0</failedSince><name>testLoadRep</name><skipped>false</skipped><status>PASSED</status><stderr></stderr><stdout>2014/10/07 15:30:00 - H2Repo - Starting to create or modify the repository tables...
2014/10/07 15:30:00 - H2Repo - Created 46 repository tables.
Attempting to load ESAPI.properties via file I/O.
Attempting to load ESAPI.properties as resource file via file I/O.
Not found in 'org.owasp.esapi.resources' directory or file not readable: /build/hudson/jobs/pentaho-big-data-plugin/workspace/ESAPI.properties
Not found in SystemResource Directory/resourceDirectory: .esapi/ESAPI.properties
Not found in 
...[truncated 807 chars]...
roperties
Not found in 'user.home' (/home/tomcat) directory: /home/tomcat/esapi/validation.properties
Loading validation.properties via file I/O failed.
Attempting to load validation.properties via the classpath.
validation.properties could not be loaded by any means. fail. Exception was: java.lang.IllegalArgumentException: Failed to load ESAPI.properties as a classloader resource.
SecurityConfiguration for Logger.LogServerIP not either "true" or "false" in ESAPI.properties. Using default: true
</stdout></case><case><age>0</age><className>org.pentaho.di.job.AbstractJobEntryTest</className><duration>0.0080</duration><failedSince>0</failedSince><name>testLoadXml</name><skipped>false</skipped><status>PASSED</status><stderr></stderr><stdout>2014/10/07 15:30:00 - H2Repo - Starting to create or modify the repository tables...
2014/10/07 15:30:00 - H2Repo - Created 46 repository tables.
Attempting to load ESAPI.properties via file I/O.
Attempting to load ESAPI.properties as resource file via file I/O.
Not found in 'org.owasp.esapi.resources' directory or file not readable: /build/hudson/jobs/pentaho-big-data-plugin/workspace/ESAPI.properties
Not found in SystemResource Directory/resourceDirectory: .esapi/ESAPI.properties
Not found in 
...[truncated 807 chars]...
roperties
Not found in 'user.home' (/home/tomcat) directory: /home/tomcat/esapi/validation.properties
Loading validation.properties via file I/O failed.
Attempting to load validation.properties via the classpath.
validation.properties could not be loaded by any means. fail. Exception was: java.lang.IllegalArgumentException: Failed to load ESAPI.properties as a classloader resource.
SecurityConfiguration for Logger.LogServerIP not either "true" or "false" in ESAPI.properties. Using default: true
</stdout></case><case><age>0</age><className>org.pentaho.di.job.AbstractJobEntryTest</className><duration>0.0</duration><failedSince>0</failedSince><name>testEvaluates</name><skipped>false</skipped><status>PASSED</status><stderr></stderr><stdout>2014/10/07 15:30:00 - H2Repo - Starting to create or modify the repository tables...
2014/10/07 15:30:00 - H2Repo - Created 46 repository tables.
Attempting to load ESAPI.properties via file I/O.
Attempting to load ESAPI.properties as resource file via file I/O.
Not found in 'org.owasp.esapi.resources' directory or file not readable: /build/hudson/jobs/pentaho-big-data-plugin/workspace/ESAPI.properties
Not found in SystemResource Directory/resourceDirectory: .esapi/ESAPI.properties
Not found in 
...[truncated 807 chars]...
roperties
Not found in 'user.home' (/home/tomcat) directory: /home/tomcat/esapi/validation.properties
Loading validation.properties via file I/O failed.
Attempting to load validation.properties via the classpath.
validation.properties could not be loaded by any means. fail. Exception was: java.lang.IllegalArgumentException: Failed to load ESAPI.properties as a classloader resource.
SecurityConfiguration for Logger.LogServerIP not either "true" or "false" in ESAPI.properties. Using default: true
</stdout></case><case><age>0</age><className>org.pentaho.di.job.AbstractJobEntryTest</className><duration>0.0</duration><failedSince>0</failedSince><name>testIsUnconditional</name><skipped>false</skipped><status>PASSED</status><stderr></stderr><stdout>2014/10/07 15:30:00 - H2Repo - Starting to create or modify the repository tables...
2014/10/07 15:30:00 - H2Repo - Created 46 repository tables.
Attempting to load ESAPI.properties via file I/O.
Attempting to load ESAPI.properties as resource file via file I/O.
Not found in 'org.owasp.esapi.resources' directory or file not readable: /build/hudson/jobs/pentaho-big-data-plugin/workspace/ESAPI.properties
Not found in SystemResource Directory/resourceDirectory: .esapi/ESAPI.properties
Not found in 
...[truncated 807 chars]...
roperties
Not found in 'user.home' (/home/tomcat) directory: /home/tomcat/esapi/validation.properties
Loading validation.properties via file I/O failed.
Attempting to load validation.properties via the classpath.
validation.properties could not be loaded by any means. fail. Exception was: java.lang.IllegalArgumentException: Failed to load ESAPI.properties as a classloader resource.
SecurityConfiguration for Logger.LogServerIP not either "true" or "false" in ESAPI.properties. Using default: true
</stdout></case><case><age>0</age><className>org.pentaho.di.job.AbstractJobEntryTest</className><duration>1.022</duration><failedSince>0</failedSince><name>execute_blocking</name><skipped>false</skipped><status>PASSED</status><stderr></stderr><stdout>2014/10/07 15:30:00 - H2Repo - Starting to create or modify the repository tables...
2014/10/07 15:30:00 - H2Repo - Created 46 repository tables.
Attempting to load ESAPI.properties via file I/O.
Attempting to load ESAPI.properties as resource file via file I/O.
Not found in 'org.owasp.esapi.resources' directory or file not readable: /build/hudson/jobs/pentaho-big-data-plugin/workspace/ESAPI.properties
Not found in SystemResource Directory/resourceDirectory: .esapi/ESAPI.properties
Not found in 
...[truncated 807 chars]...
roperties
Not found in 'user.home' (/home/tomcat) directory: /home/tomcat/esapi/validation.properties
Loading validation.properties via file I/O failed.
Attempting to load validation.properties via the classpath.
validation.properties could not be loaded by any means. fail. Exception was: java.lang.IllegalArgumentException: Failed to load ESAPI.properties as a classloader resource.
SecurityConfiguration for Logger.LogServerIP not either "true" or "false" in ESAPI.properties. Using default: true
</stdout></case><case><age>0</age><className>org.pentaho.di.job.AbstractJobEntryTest</className><duration>0.0030</duration><failedSince>0</failedSince><name>execute_nonblocking</name><skipped>false</skipped><status>PASSED</status><stderr></stderr><stdout>2014/10/07 15:30:00 - H2Repo - Starting to create or modify the repository tables...
2014/10/07 15:30:00 - H2Repo - Created 46 repository tables.
Attempting to load ESAPI.properties via file I/O.
Attempting to load ESAPI.properties as resource file via file I/O.
Not found in 'org.owasp.esapi.resources' directory or file not readable: /build/hudson/jobs/pentaho-big-data-plugin/workspace/ESAPI.properties
Not found in SystemResource Directory/resourceDirectory: .esapi/ESAPI.properties
Not found in 
...[truncated 807 chars]...
roperties
Not found in 'user.home' (/home/tomcat) directory: /home/tomcat/esapi/validation.properties
Loading validation.properties via file I/O failed.
Attempting to load validation.properties via the classpath.
validation.properties could not be loaded by any means. fail. Exception was: java.lang.IllegalArgumentException: Failed to load ESAPI.properties as a classloader resource.
SecurityConfiguration for Logger.LogServerIP not either "true" or "false" in ESAPI.properties. Using default: true
</stdout></case><case><age>0</age><className>org.pentaho.di.job.AbstractJobEntryTest</className><duration>1.206</duration><failedSince>0</failedSince><name>execute_interrupted</name><skipped>false</skipped><status>PASSED</status><stderr></stderr><stdout>2014/10/07 15:30:00 - H2Repo - Starting to create or modify the repository tables...
2014/10/07 15:30:00 - H2Repo - Created 46 repository tables.
Attempting to load ESAPI.properties via file I/O.
Attempting to load ESAPI.properties as resource file via file I/O.
Not found in 'org.owasp.esapi.resources' directory or file not readable: /build/hudson/jobs/pentaho-big-data-plugin/workspace/ESAPI.properties
Not found in SystemResource Directory/resourceDirectory: .esapi/ESAPI.properties
Not found in 
...[truncated 807 chars]...
roperties
Not found in 'user.home' (/home/tomcat) directory: /home/tomcat/esapi/validation.properties
Loading validation.properties via file I/O failed.
Attempting to load validation.properties via the classpath.
validation.properties could not be loaded by any means. fail. Exception was: java.lang.IllegalArgumentException: Failed to load ESAPI.properties as a classloader resource.
SecurityConfiguration for Logger.LogServerIP not either "true" or "false" in ESAPI.properties. Using default: true
</stdout></case><duration>4.287</duration><name>org.pentaho.di.job.AbstractJobEntryTest</name><stderr></stderr><stdout>2014/10/07 15:30:00 - H2Repo - Starting to create or modify the repository tables...
2014/10/07 15:30:00 - H2Repo - Created 46 repository tables.
Attempting to load ESAPI.properties via file I/O.
Attempting to load ESAPI.properties as resource file via file I/O.
Not found in 'org.owasp.esapi.resources' directory or file not readable: /build/hudson/jobs/pentaho-big-data-plugin/workspace/ESAPI.properties
Not found in SystemResource Directory/resourceDirectory: .esapi/ESAPI.properties
Not found in 
...[truncated 807 chars]...
roperties
Not found in 'user.home' (/home/tomcat) directory: /home/tomcat/esapi/validation.properties
Loading validation.properties via file I/O failed.
Attempting to load validation.properties via the classpath.
validation.properties could not be loaded by any means. fail. Exception was: java.lang.IllegalArgumentException: Failed to load ESAPI.properties as a classloader resource.
SecurityConfiguration for Logger.LogServerIP not either "true" or "false" in ESAPI.properties. Using default: true
</stdout><timestamp>2014-10-07T19:29:59</timestamp></suite><suite><case><age>0</age><className>org.pentaho.di.job.BlockableJobConfigTest</className><duration>0.015</duration><failedSince>0</failedSince><name>testAddPropertyChangeListener</name><skipped>false</skipped><status>PASSED</status><stderr></stderr><stdout></stdout></case><case><age>0</age><className>org.pentaho.di.job.BlockableJobConfigTest</className><duration>0.0</duration><failedSince>0</failedSince><name>testGetterAndSetter</name><skipped>false</skipped><status>PASSED</status><stderr></stderr><stdout></stdout></case><case><age>0</age><className>org.pentaho.di.job.BlockableJobConfigTest</className><duration>0.0010</duration><failedSince>0</failedSince><name>testClone</name><skipped>false</skipped><status>PASSED</status><stderr></stderr><stdout></stdout></case><case><age>0</age><className>org.pentaho.di.job.BlockableJobConfigTest</className><duration>0.0</duration><failedSince>0</failedSince><name>testAddPropertyChangeListener_propertyName</name><skipped>false</skipped><status>PASSED</status><stderr></stderr><stdout></stdout></case><duration>0.015999999</duration><name>org.pentaho.di.job.BlockableJobConfigTest</name><stderr></stderr><stdout></stdout><timestamp>2014-10-07T19:30:04</timestamp></suite><suite><case><age>0</age><className>org.pentaho.di.job.JobEntryUtilsTest</className><duration>0.019</duration><failedSince>0</failedSince><name>asLong</name><skipped>false</skipped><status>PASSED</status><stderr></stderr><stdout></stdout></case><case><age>0</age><className>org.pentaho.di.job.JobEntryUtilsTest</className><duration>0.092</duration><failedSince>0</failedSince><name>attachAppenderTo</name><skipped>false</skipped><status>PASSED</status><stderr></stderr><stdout></stdout></case><case><age>0</age><className>org.pentaho.di.job.JobEntryUtilsTest</className><duration>0.0</duration><failedSince>0</failedSince><name>removeAppenderFrom</name><skipped>false</skipped><status>PASSED</status><stderr></stderr><stdout></stdout></case><case><age>0</age><className>org.pentaho.di.job.JobEntryUtilsTest</className><duration>0.0</duration><failedSince>0</failedSince><name>findLogger</name><skipped>false</skipped><status>PASSED</status><stderr></stderr><stdout></stdout></case><case><age>0</age><className>org.pentaho.di.job.JobEntryUtilsTest</className><duration>0.0</duration><failedSince>0</failedSince><name>asBoolean</name><skipped>false</skipped><status>PASSED</status><stderr></stderr><stdout></stdout></case><duration>0.111</duration><name>org.pentaho.di.job.JobEntryUtilsTest</name><stderr></stderr><stdout></stdout><timestamp>2014-10-07T19:30:06</timestamp></suite><suite><case><age>0</age><className>org.pentaho.di.job.LoggingProxyTest</className><duration>0.045</duration><failedSince>0</failedSince><name>wrapSysOut</name><skipped>false</skipped><status>PASSED</status><stderr></stderr><stdout>testingINFO - testing
</stdout></case><duration>0.045</duration><name>org.pentaho.di.job.LoggingProxyTest</name><stderr></stderr><stdout>testingINFO - testing
</stdout><timestamp>2014-10-07T19:30:07</timestamp></suite><suite><case><age>0</age><className>org.pentaho.di.job.entries.hadoopjobexecutor.JarUtilityTest</className><duration>0.011</duration><failedSince>0</failedSince><name>getClassesInJarWithMain_null_URL</name><skipped>false</skipped><status>PASSED</status><stderr></stderr><stdout></stdout></case><case><age>0</age><className>org.pentaho.di.job.entries.hadoopjobexecutor.JarUtilityTest</className><duration>0.0010</duration><failedSince>0</failedSince><name>getClassesInJarWithMain_null_classloader</name><skipped>false</skipped><status>PASSED</status><stderr></stderr><stdout></stdout></case><case><age>0</age><className>org.pentaho.di.job.entries.hadoopjobexecutor.JarUtilityTest</className><duration>0.0010</duration><failedSince>0</failedSince><name>getClassesInJarWithMain_bad_file</name><skipped>false</skipped><status>PASSED</status><stderr></stderr><stdout></stdout></case><case><age>0</age><className>org.pentaho.di.job.entries.hadoopjobexecutor.JarUtilityTest</className><duration>0.0</duration><failedSince>0</failedSince><name>getClassesInJarWithMain_bad_URL</name><skipped>false</skipped><status>PASSED</status><stderr></stderr><stdout></stdout></case><case><age>0</age><className>org.pentaho.di.job.entries.hadoopjobexecutor.JarUtilityTest</className><duration>0.065</duration><failedSince>0</failedSince><name>getClassesInJarWithMain</name><skipped>false</skipped><status>PASSED</status><stderr></stderr><stdout></stdout></case><case><age>0</age><className>org.pentaho.di.job.entries.hadoopjobexecutor.JarUtilityTest</className><duration>0.018</duration><failedSince>0</failedSince><name>getClassesInJarWithMain_noMainClass</name><skipped>false</skipped><status>PASSED</status><stderr></stderr><stdout></stdout></case><case><age>0</age><className>org.pentaho.di.job.entries.hadoopjobexecutor.JarUtilityTest</className><duration>0.01</duration><failedSince>0</failedSince><name>testGetClassByNameFromJar</name><skipped>false</skipped><status>PASSED</status><stderr></stderr><stdout></stdout></case><duration>0.10599999</duration><name>org.pentaho.di.job.entries.hadoopjobexecutor.JarUtilityTest</name><stderr></stderr><stdout></stdout><timestamp>2014-10-07T19:30:08</timestamp></suite><suite><case><age>0</age><className>org.pentaho.di.job.entries.hadoopjobexecutor.JobEntryHadoopJobExecutorTest</className><duration>1.239</duration><failedSince>0</failedSince><name>testExecuteSubstituteJobUrl</name><skipped>false</skipped><status>PASSED</status><stderr></stderr><stdout>2014/10/07 15:30:11 - Setup Complete: 0.0 Mapper Completion: 0.0 Reducer Completion: 0.0
</stdout></case><duration>1.239</duration><name>org.pentaho.di.job.entries.hadoopjobexecutor.JobEntryHadoopJobExecutorTest</name><stderr></stderr><stdout>2014/10/07 15:30:11 - Setup Complete: 0.0 Mapper Completion: 0.0 Reducer Completion: 0.0
</stdout><timestamp>2014-10-07T19:30:10</timestamp></suite><suite><case><age>0</age><className>org.pentaho.di.job.entries.hadoopjobexecutor.NoExitSecurityManagerTest</className><duration>0.015</duration><failedSince>0</failedSince><name>checkExit_nonblocked_thread</name><skipped>false</skipped><status>PASSED</status><stderr></stderr><stdout></stdout></case><case><age>0</age><className>org.pentaho.di.job.entries.hadoopjobexecutor.NoExitSecurityManagerTest</className><duration>0.063</duration><failedSince>0</failedSince><name>checkExit_blocked_thread</name><skipped>false</skipped><status>PASSED</status><stderr></stderr><stdout></stdout></case><duration>0.078</duration><name>org.pentaho.di.job.entries.hadoopjobexecutor.NoExitSecurityManagerTest</name><stderr></stderr><stdout></stdout><timestamp>2014-10-07T19:30:13</timestamp></suite><suite><case><age>0</age><className>org.pentaho.di.job.entries.hadoopjobexecutor.SecurityManagerStackTest</className><duration>0.013</duration><failedSince>0</failedSince><name>setSecurityManager_null</name><skipped>false</skipped><status>PASSED</status><stderr></stderr><stdout>set: org.pentaho.di.job.entries.hadoopjobexecutor.NoExitSecurityManager@f5ebe2d
set: org.pentaho.di.job.entries.hadoopjobexecutor.NoExitSecurityManager@1517843d
rm : 	org.pentaho.di.job.entries.hadoopjobexecutor.NoExitSecurityManager@f5ebe2d
set: org.pentaho.di.job.entries.hadoopjobexecutor.NoExitSecurityManager@3aeacb9c
set: org.pentaho.di.job.entries.hadoopjobexecutor.NoExitSecurityManager@cdd8cfc
set: org.pentaho.di.job.entries.hadoopjobexecutor.NoExitSecurityManager@2552fafd
set: org.pentaho
...[truncated 626 chars]...
6adc0b2f
rm : 	org.pentaho.di.job.entries.hadoopjobexecutor.NoExitSecurityManager@2552fafd
rm : 	org.pentaho.di.job.entries.hadoopjobexecutor.NoExitSecurityManager@5b606e1f
rm : 	org.pentaho.di.job.entries.hadoopjobexecutor.NoExitSecurityManager@cdd8cfc
rm : 	org.pentaho.di.job.entries.hadoopjobexecutor.NoExitSecurityManager@17dde417
rm : 	org.pentaho.di.job.entries.hadoopjobexecutor.NoExitSecurityManager@3aeacb9c
rm : 	org.pentaho.di.job.entries.hadoopjobexecutor.NoExitSecurityManager@4b0787bc
</stdout></case><case><age>0</age><className>org.pentaho.di.job.entries.hadoopjobexecutor.SecurityManagerStackTest</className><duration>0.0</duration><failedSince>0</failedSince><name>removeSecurityManager_null</name><skipped>false</skipped><status>PASSED</status><stderr></stderr><stdout>set: org.pentaho.di.job.entries.hadoopjobexecutor.NoExitSecurityManager@f5ebe2d
set: org.pentaho.di.job.entries.hadoopjobexecutor.NoExitSecurityManager@1517843d
rm : 	org.pentaho.di.job.entries.hadoopjobexecutor.NoExitSecurityManager@f5ebe2d
set: org.pentaho.di.job.entries.hadoopjobexecutor.NoExitSecurityManager@3aeacb9c
set: org.pentaho.di.job.entries.hadoopjobexecutor.NoExitSecurityManager@cdd8cfc
set: org.pentaho.di.job.entries.hadoopjobexecutor.NoExitSecurityManager@2552fafd
set: org.pentaho
...[truncated 626 chars]...
6adc0b2f
rm : 	org.pentaho.di.job.entries.hadoopjobexecutor.NoExitSecurityManager@2552fafd
rm : 	org.pentaho.di.job.entries.hadoopjobexecutor.NoExitSecurityManager@5b606e1f
rm : 	org.pentaho.di.job.entries.hadoopjobexecutor.NoExitSecurityManager@cdd8cfc
rm : 	org.pentaho.di.job.entries.hadoopjobexecutor.NoExitSecurityManager@17dde417
rm : 	org.pentaho.di.job.entries.hadoopjobexecutor.NoExitSecurityManager@3aeacb9c
rm : 	org.pentaho.di.job.entries.hadoopjobexecutor.NoExitSecurityManager@4b0787bc
</stdout></case><case><age>0</age><className>org.pentaho.di.job.entries.hadoopjobexecutor.SecurityManagerStackTest</className><duration>0.0020</duration><failedSince>0</failedSince><name>removeSecurityManager_when_empty</name><skipped>false</skipped><status>PASSED</status><stderr></stderr><stdout>set: org.pentaho.di.job.entries.hadoopjobexecutor.NoExitSecurityManager@f5ebe2d
set: org.pentaho.di.job.entries.hadoopjobexecutor.NoExitSecurityManager@1517843d
rm : 	org.pentaho.di.job.entries.hadoopjobexecutor.NoExitSecurityManager@f5ebe2d
set: org.pentaho.di.job.entries.hadoopjobexecutor.NoExitSecurityManager@3aeacb9c
set: org.pentaho.di.job.entries.hadoopjobexecutor.NoExitSecurityManager@cdd8cfc
set: org.pentaho.di.job.entries.hadoopjobexecutor.NoExitSecurityManager@2552fafd
set: org.pentaho
...[truncated 626 chars]...
6adc0b2f
rm : 	org.pentaho.di.job.entries.hadoopjobexecutor.NoExitSecurityManager@2552fafd
rm : 	org.pentaho.di.job.entries.hadoopjobexecutor.NoExitSecurityManager@5b606e1f
rm : 	org.pentaho.di.job.entries.hadoopjobexecutor.NoExitSecurityManager@cdd8cfc
rm : 	org.pentaho.di.job.entries.hadoopjobexecutor.NoExitSecurityManager@17dde417
rm : 	org.pentaho.di.job.entries.hadoopjobexecutor.NoExitSecurityManager@3aeacb9c
rm : 	org.pentaho.di.job.entries.hadoopjobexecutor.NoExitSecurityManager@4b0787bc
</stdout></case><case><age>0</age><className>org.pentaho.di.job.entries.hadoopjobexecutor.SecurityManagerStackTest</className><duration>0.037</duration><failedSince>0</failedSince><name>simple_replace_in_isolation</name><skipped>false</skipped><status>PASSED</status><stderr></stderr><stdout>set: org.pentaho.di.job.entries.hadoopjobexecutor.NoExitSecurityManager@f5ebe2d
set: org.pentaho.di.job.entries.hadoopjobexecutor.NoExitSecurityManager@1517843d
rm : 	org.pentaho.di.job.entries.hadoopjobexecutor.NoExitSecurityManager@f5ebe2d
set: org.pentaho.di.job.entries.hadoopjobexecutor.NoExitSecurityManager@3aeacb9c
set: org.pentaho.di.job.entries.hadoopjobexecutor.NoExitSecurityManager@cdd8cfc
set: org.pentaho.di.job.entries.hadoopjobexecutor.NoExitSecurityManager@2552fafd
set: org.pentaho
...[truncated 626 chars]...
6adc0b2f
rm : 	org.pentaho.di.job.entries.hadoopjobexecutor.NoExitSecurityManager@2552fafd
rm : 	org.pentaho.di.job.entries.hadoopjobexecutor.NoExitSecurityManager@5b606e1f
rm : 	org.pentaho.di.job.entries.hadoopjobexecutor.NoExitSecurityManager@cdd8cfc
rm : 	org.pentaho.di.job.entries.hadoopjobexecutor.NoExitSecurityManager@17dde417
rm : 	org.pentaho.di.job.entries.hadoopjobexecutor.NoExitSecurityManager@3aeacb9c
rm : 	org.pentaho.di.job.entries.hadoopjobexecutor.NoExitSecurityManager@4b0787bc
</stdout></case><case><age>0</age><className>org.pentaho.di.job.entries.hadoopjobexecutor.SecurityManagerStackTest</className><duration>0.0010</duration><failedSince>0</failedSince><name>interweaved_executions</name><skipped>false</skipped><status>PASSED</status><stderr></stderr><stdout>set: org.pentaho.di.job.entries.hadoopjobexecutor.NoExitSecurityManager@f5ebe2d
set: org.pentaho.di.job.entries.hadoopjobexecutor.NoExitSecurityManager@1517843d
rm : 	org.pentaho.di.job.entries.hadoopjobexecutor.NoExitSecurityManager@f5ebe2d
set: org.pentaho.di.job.entries.hadoopjobexecutor.NoExitSecurityManager@3aeacb9c
set: org.pentaho.di.job.entries.hadoopjobexecutor.NoExitSecurityManager@cdd8cfc
set: org.pentaho.di.job.entries.hadoopjobexecutor.NoExitSecurityManager@2552fafd
set: org.pentaho
...[truncated 626 chars]...
6adc0b2f
rm : 	org.pentaho.di.job.entries.hadoopjobexecutor.NoExitSecurityManager@2552fafd
rm : 	org.pentaho.di.job.entries.hadoopjobexecutor.NoExitSecurityManager@5b606e1f
rm : 	org.pentaho.di.job.entries.hadoopjobexecutor.NoExitSecurityManager@cdd8cfc
rm : 	org.pentaho.di.job.entries.hadoopjobexecutor.NoExitSecurityManager@17dde417
rm : 	org.pentaho.di.job.entries.hadoopjobexecutor.NoExitSecurityManager@3aeacb9c
rm : 	org.pentaho.di.job.entries.hadoopjobexecutor.NoExitSecurityManager@4b0787bc
</stdout></case><case><age>0</age><className>org.pentaho.di.job.entries.hadoopjobexecutor.SecurityManagerStackTest</className><duration>0.0</duration><failedSince>0</failedSince><name>sequential_executions</name><skipped>false</skipped><status>PASSED</status><stderr></stderr><stdout>set: org.pentaho.di.job.entries.hadoopjobexecutor.NoExitSecurityManager@f5ebe2d
set: org.pentaho.di.job.entries.hadoopjobexecutor.NoExitSecurityManager@1517843d
rm : 	org.pentaho.di.job.entries.hadoopjobexecutor.NoExitSecurityManager@f5ebe2d
set: org.pentaho.di.job.entries.hadoopjobexecutor.NoExitSecurityManager@3aeacb9c
set: org.pentaho.di.job.entries.hadoopjobexecutor.NoExitSecurityManager@cdd8cfc
set: org.pentaho.di.job.entries.hadoopjobexecutor.NoExitSecurityManager@2552fafd
set: org.pentaho
...[truncated 626 chars]...
6adc0b2f
rm : 	org.pentaho.di.job.entries.hadoopjobexecutor.NoExitSecurityManager@2552fafd
rm : 	org.pentaho.di.job.entries.hadoopjobexecutor.NoExitSecurityManager@5b606e1f
rm : 	org.pentaho.di.job.entries.hadoopjobexecutor.NoExitSecurityManager@cdd8cfc
rm : 	org.pentaho.di.job.entries.hadoopjobexecutor.NoExitSecurityManager@17dde417
rm : 	org.pentaho.di.job.entries.hadoopjobexecutor.NoExitSecurityManager@3aeacb9c
rm : 	org.pentaho.di.job.entries.hadoopjobexecutor.NoExitSecurityManager@4b0787bc
</stdout></case><case><age>0</age><className>org.pentaho.di.job.entries.hadoopjobexecutor.SecurityManagerStackTest</className><duration>1.459</duration><failedSince>0</failedSince><name>randomized_executions</name><skipped>false</skipped><status>PASSED</status><stderr></stderr><stdout>set: org.pentaho.di.job.entries.hadoopjobexecutor.NoExitSecurityManager@f5ebe2d
set: org.pentaho.di.job.entries.hadoopjobexecutor.NoExitSecurityManager@1517843d
rm : 	org.pentaho.di.job.entries.hadoopjobexecutor.NoExitSecurityManager@f5ebe2d
set: org.pentaho.di.job.entries.hadoopjobexecutor.NoExitSecurityManager@3aeacb9c
set: org.pentaho.di.job.entries.hadoopjobexecutor.NoExitSecurityManager@cdd8cfc
set: org.pentaho.di.job.entries.hadoopjobexecutor.NoExitSecurityManager@2552fafd
set: org.pentaho
...[truncated 626 chars]...
6adc0b2f
rm : 	org.pentaho.di.job.entries.hadoopjobexecutor.NoExitSecurityManager@2552fafd
rm : 	org.pentaho.di.job.entries.hadoopjobexecutor.NoExitSecurityManager@5b606e1f
rm : 	org.pentaho.di.job.entries.hadoopjobexecutor.NoExitSecurityManager@cdd8cfc
rm : 	org.pentaho.di.job.entries.hadoopjobexecutor.NoExitSecurityManager@17dde417
rm : 	org.pentaho.di.job.entries.hadoopjobexecutor.NoExitSecurityManager@3aeacb9c
rm : 	org.pentaho.di.job.entries.hadoopjobexecutor.NoExitSecurityManager@4b0787bc
</stdout></case><duration>1.512</duration><name>org.pentaho.di.job.entries.hadoopjobexecutor.SecurityManagerStackTest</name><stderr></stderr><stdout>set: org.pentaho.di.job.entries.hadoopjobexecutor.NoExitSecurityManager@f5ebe2d
set: org.pentaho.di.job.entries.hadoopjobexecutor.NoExitSecurityManager@1517843d
rm : 	org.pentaho.di.job.entries.hadoopjobexecutor.NoExitSecurityManager@f5ebe2d
set: org.pentaho.di.job.entries.hadoopjobexecutor.NoExitSecurityManager@3aeacb9c
set: org.pentaho.di.job.entries.hadoopjobexecutor.NoExitSecurityManager@cdd8cfc
set: org.pentaho.di.job.entries.hadoopjobexecutor.NoExitSecurityManager@2552fafd
set: org.pentaho
...[truncated 626 chars]...
6adc0b2f
rm : 	org.pentaho.di.job.entries.hadoopjobexecutor.NoExitSecurityManager@2552fafd
rm : 	org.pentaho.di.job.entries.hadoopjobexecutor.NoExitSecurityManager@5b606e1f
rm : 	org.pentaho.di.job.entries.hadoopjobexecutor.NoExitSecurityManager@cdd8cfc
rm : 	org.pentaho.di.job.entries.hadoopjobexecutor.NoExitSecurityManager@17dde417
rm : 	org.pentaho.di.job.entries.hadoopjobexecutor.NoExitSecurityManager@3aeacb9c
rm : 	org.pentaho.di.job.entries.hadoopjobexecutor.NoExitSecurityManager@4b0787bc
</stdout><timestamp>2014-10-07T19:30:15</timestamp></suite><suite><case><age>0</age><className>org.pentaho.di.job.entries.hadooptransjobexecutor.JobEntryHadoopTransJobExecutorTest</className><duration>0.095</duration><failedSince>0</failedSince><name>getProperty</name><skipped>false</skipped><status>PASSED</status><stderr>org.pentaho.di.core.exception.KettleException: 
Error in mapper configuration

The input step was not specified


	at org.pentaho.di.job.entries.hadooptransjobexecutor.JobEntryHadoopTransJobExecutor.execute(JobEntryHadoopTransJobExecutor.java:519)
	at org.pentaho.di.job.entries.hadooptransjobexecutor.JobEntryHadoopTransJobExecutorTest.invalidMapperStepNames(JobEntryHadoopTransJobExecutorTest.java:111)
	at sun.reflect.NativeMethodAccessorImpl.invoke0(Native Method)
	at sun.reflect.NativeMethodAcc
...[truncated 24016 chars]...
pentaho.di.core.exception.KettleException: 
2014/10/07 15:30:19 - The output step with name 'Testing' could not be found
2014/10/07 15:30:19 - 
2014/10/07 15:30:19 - 	at org.pentaho.di.job.entries.hadooptransjobexecutor.JobEntryHadoopTransJobExecutor.verifyTransMeta(JobEntryHadoopTransJobExecutor.java:1139)
2014/10/07 15:30:19 - 	at org.pentaho.di.job.entries.hadooptransjobexecutor.JobEntryHadoopTransJobExecutor.execute(JobEntryHadoopTransJobExecutor.java:517)
2014/10/07 15:30:19 - 	... 23 more
</stderr><stdout>2014/10/07 15:30:19 - bad-output-fields - Dispatching started for transformation [bad-output-fields]
2014/10/07 15:30:19 - mr-passthrough - Dispatching started for transformation [mr-passthrough]
2014/10/07 15:30:19 - mr-passthrough - Dispatching started for transformation [mr-passthrough]
</stdout></case><case><age>0</age><className>org.pentaho.di.job.entries.hadooptransjobexecutor.JobEntryHadoopTransJobExecutorTest</className><duration>0.048</duration><failedSince>0</failedSince><name>getProperty_overridden</name><skipped>false</skipped><status>PASSED</status><stderr>org.pentaho.di.core.exception.KettleException: 
Error in mapper configuration

The input step was not specified


	at org.pentaho.di.job.entries.hadooptransjobexecutor.JobEntryHadoopTransJobExecutor.execute(JobEntryHadoopTransJobExecutor.java:519)
	at org.pentaho.di.job.entries.hadooptransjobexecutor.JobEntryHadoopTransJobExecutorTest.invalidMapperStepNames(JobEntryHadoopTransJobExecutorTest.java:111)
	at sun.reflect.NativeMethodAccessorImpl.invoke0(Native Method)
	at sun.reflect.NativeMethodAcc
...[truncated 24016 chars]...
pentaho.di.core.exception.KettleException: 
2014/10/07 15:30:19 - The output step with name 'Testing' could not be found
2014/10/07 15:30:19 - 
2014/10/07 15:30:19 - 	at org.pentaho.di.job.entries.hadooptransjobexecutor.JobEntryHadoopTransJobExecutor.verifyTransMeta(JobEntryHadoopTransJobExecutor.java:1139)
2014/10/07 15:30:19 - 	at org.pentaho.di.job.entries.hadooptransjobexecutor.JobEntryHadoopTransJobExecutor.execute(JobEntryHadoopTransJobExecutor.java:517)
2014/10/07 15:30:19 - 	... 23 more
</stderr><stdout>2014/10/07 15:30:19 - bad-output-fields - Dispatching started for transformation [bad-output-fields]
2014/10/07 15:30:19 - mr-passthrough - Dispatching started for transformation [mr-passthrough]
2014/10/07 15:30:19 - mr-passthrough - Dispatching started for transformation [mr-passthrough]
</stdout></case><case><age>0</age><className>org.pentaho.di.job.entries.hadooptransjobexecutor.JobEntryHadoopTransJobExecutorTest</className><duration>0.039</duration><failedSince>0</failedSince><name>getProperty_default</name><skipped>false</skipped><status>PASSED</status><stderr>org.pentaho.di.core.exception.KettleException: 
Error in mapper configuration

The input step was not specified


	at org.pentaho.di.job.entries.hadooptransjobexecutor.JobEntryHadoopTransJobExecutor.execute(JobEntryHadoopTransJobExecutor.java:519)
	at org.pentaho.di.job.entries.hadooptransjobexecutor.JobEntryHadoopTransJobExecutorTest.invalidMapperStepNames(JobEntryHadoopTransJobExecutorTest.java:111)
	at sun.reflect.NativeMethodAccessorImpl.invoke0(Native Method)
	at sun.reflect.NativeMethodAcc
...[truncated 24016 chars]...
pentaho.di.core.exception.KettleException: 
2014/10/07 15:30:19 - The output step with name 'Testing' could not be found
2014/10/07 15:30:19 - 
2014/10/07 15:30:19 - 	at org.pentaho.di.job.entries.hadooptransjobexecutor.JobEntryHadoopTransJobExecutor.verifyTransMeta(JobEntryHadoopTransJobExecutor.java:1139)
2014/10/07 15:30:19 - 	at org.pentaho.di.job.entries.hadooptransjobexecutor.JobEntryHadoopTransJobExecutor.execute(JobEntryHadoopTransJobExecutor.java:517)
2014/10/07 15:30:19 - 	... 23 more
</stderr><stdout>2014/10/07 15:30:19 - bad-output-fields - Dispatching started for transformation [bad-output-fields]
2014/10/07 15:30:19 - mr-passthrough - Dispatching started for transformation [mr-passthrough]
2014/10/07 15:30:19 - mr-passthrough - Dispatching started for transformation [mr-passthrough]
</stdout></case><case><age>0</age><className>org.pentaho.di.job.entries.hadooptransjobexecutor.JobEntryHadoopTransJobExecutorTest</className><duration>0.036</duration><failedSince>0</failedSince><name>useDistributedCache</name><skipped>false</skipped><status>PASSED</status><stderr>org.pentaho.di.core.exception.KettleException: 
Error in mapper configuration

The input step was not specified


	at org.pentaho.di.job.entries.hadooptransjobexecutor.JobEntryHadoopTransJobExecutor.execute(JobEntryHadoopTransJobExecutor.java:519)
	at org.pentaho.di.job.entries.hadooptransjobexecutor.JobEntryHadoopTransJobExecutorTest.invalidMapperStepNames(JobEntryHadoopTransJobExecutorTest.java:111)
	at sun.reflect.NativeMethodAccessorImpl.invoke0(Native Method)
	at sun.reflect.NativeMethodAcc
...[truncated 24016 chars]...
pentaho.di.core.exception.KettleException: 
2014/10/07 15:30:19 - The output step with name 'Testing' could not be found
2014/10/07 15:30:19 - 
2014/10/07 15:30:19 - 	at org.pentaho.di.job.entries.hadooptransjobexecutor.JobEntryHadoopTransJobExecutor.verifyTransMeta(JobEntryHadoopTransJobExecutor.java:1139)
2014/10/07 15:30:19 - 	at org.pentaho.di.job.entries.hadooptransjobexecutor.JobEntryHadoopTransJobExecutor.execute(JobEntryHadoopTransJobExecutor.java:517)
2014/10/07 15:30:19 - 	... 23 more
</stderr><stdout>2014/10/07 15:30:19 - bad-output-fields - Dispatching started for transformation [bad-output-fields]
2014/10/07 15:30:19 - mr-passthrough - Dispatching started for transformation [mr-passthrough]
2014/10/07 15:30:19 - mr-passthrough - Dispatching started for transformation [mr-passthrough]
</stdout></case><case><age>0</age><className>org.pentaho.di.job.entries.hadooptransjobexecutor.JobEntryHadoopTransJobExecutorTest</className><duration>0.236</duration><failedSince>0</failedSince><name>verifyTransMetaBadOutputFields</name><skipped>false</skipped><status>PASSED</status><stderr>org.pentaho.di.core.exception.KettleException: 
Error in mapper configuration

The input step was not specified


	at org.pentaho.di.job.entries.hadooptransjobexecutor.JobEntryHadoopTransJobExecutor.execute(JobEntryHadoopTransJobExecutor.java:519)
	at org.pentaho.di.job.entries.hadooptransjobexecutor.JobEntryHadoopTransJobExecutorTest.invalidMapperStepNames(JobEntryHadoopTransJobExecutorTest.java:111)
	at sun.reflect.NativeMethodAccessorImpl.invoke0(Native Method)
	at sun.reflect.NativeMethodAcc
...[truncated 24016 chars]...
pentaho.di.core.exception.KettleException: 
2014/10/07 15:30:19 - The output step with name 'Testing' could not be found
2014/10/07 15:30:19 - 
2014/10/07 15:30:19 - 	at org.pentaho.di.job.entries.hadooptransjobexecutor.JobEntryHadoopTransJobExecutor.verifyTransMeta(JobEntryHadoopTransJobExecutor.java:1139)
2014/10/07 15:30:19 - 	at org.pentaho.di.job.entries.hadooptransjobexecutor.JobEntryHadoopTransJobExecutor.execute(JobEntryHadoopTransJobExecutor.java:517)
2014/10/07 15:30:19 - 	... 23 more
</stderr><stdout>2014/10/07 15:30:19 - bad-output-fields - Dispatching started for transformation [bad-output-fields]
2014/10/07 15:30:19 - mr-passthrough - Dispatching started for transformation [mr-passthrough]
2014/10/07 15:30:19 - mr-passthrough - Dispatching started for transformation [mr-passthrough]
</stdout></case><case><age>0</age><className>org.pentaho.di.job.entries.hadooptransjobexecutor.JobEntryHadoopTransJobExecutorTest</className><duration>0.118</duration><failedSince>0</failedSince><name>loadRep_num_map_tasks_null</name><skipped>false</skipped><status>PASSED</status><stderr>org.pentaho.di.core.exception.KettleException: 
Error in mapper configuration

The input step was not specified


	at org.pentaho.di.job.entries.hadooptransjobexecutor.JobEntryHadoopTransJobExecutor.execute(JobEntryHadoopTransJobExecutor.java:519)
	at org.pentaho.di.job.entries.hadooptransjobexecutor.JobEntryHadoopTransJobExecutorTest.invalidMapperStepNames(JobEntryHadoopTransJobExecutorTest.java:111)
	at sun.reflect.NativeMethodAccessorImpl.invoke0(Native Method)
	at sun.reflect.NativeMethodAcc
...[truncated 24016 chars]...
pentaho.di.core.exception.KettleException: 
2014/10/07 15:30:19 - The output step with name 'Testing' could not be found
2014/10/07 15:30:19 - 
2014/10/07 15:30:19 - 	at org.pentaho.di.job.entries.hadooptransjobexecutor.JobEntryHadoopTransJobExecutor.verifyTransMeta(JobEntryHadoopTransJobExecutor.java:1139)
2014/10/07 15:30:19 - 	at org.pentaho.di.job.entries.hadooptransjobexecutor.JobEntryHadoopTransJobExecutor.execute(JobEntryHadoopTransJobExecutor.java:517)
2014/10/07 15:30:19 - 	... 23 more
</stderr><stdout>2014/10/07 15:30:19 - bad-output-fields - Dispatching started for transformation [bad-output-fields]
2014/10/07 15:30:19 - mr-passthrough - Dispatching started for transformation [mr-passthrough]
2014/10/07 15:30:19 - mr-passthrough - Dispatching started for transformation [mr-passthrough]
</stdout></case><case><age>0</age><className>org.pentaho.di.job.entries.hadooptransjobexecutor.JobEntryHadoopTransJobExecutorTest</className><duration>0.0020</duration><failedSince>0</failedSince><name>loadRep_num_map_tasks_empty</name><skipped>false</skipped><status>PASSED</status><stderr>org.pentaho.di.core.exception.KettleException: 
Error in mapper configuration

The input step was not specified


	at org.pentaho.di.job.entries.hadooptransjobexecutor.JobEntryHadoopTransJobExecutor.execute(JobEntryHadoopTransJobExecutor.java:519)
	at org.pentaho.di.job.entries.hadooptransjobexecutor.JobEntryHadoopTransJobExecutorTest.invalidMapperStepNames(JobEntryHadoopTransJobExecutorTest.java:111)
	at sun.reflect.NativeMethodAccessorImpl.invoke0(Native Method)
	at sun.reflect.NativeMethodAcc
...[truncated 24016 chars]...
pentaho.di.core.exception.KettleException: 
2014/10/07 15:30:19 - The output step with name 'Testing' could not be found
2014/10/07 15:30:19 - 
2014/10/07 15:30:19 - 	at org.pentaho.di.job.entries.hadooptransjobexecutor.JobEntryHadoopTransJobExecutor.verifyTransMeta(JobEntryHadoopTransJobExecutor.java:1139)
2014/10/07 15:30:19 - 	at org.pentaho.di.job.entries.hadooptransjobexecutor.JobEntryHadoopTransJobExecutor.execute(JobEntryHadoopTransJobExecutor.java:517)
2014/10/07 15:30:19 - 	... 23 more
</stderr><stdout>2014/10/07 15:30:19 - bad-output-fields - Dispatching started for transformation [bad-output-fields]
2014/10/07 15:30:19 - mr-passthrough - Dispatching started for transformation [mr-passthrough]
2014/10/07 15:30:19 - mr-passthrough - Dispatching started for transformation [mr-passthrough]
</stdout></case><case><age>0</age><className>org.pentaho.di.job.entries.hadooptransjobexecutor.JobEntryHadoopTransJobExecutorTest</className><duration>0.0030</duration><failedSince>0</failedSince><name>loadRep_num_map_tasks_variable</name><skipped>false</skipped><status>PASSED</status><stderr>org.pentaho.di.core.exception.KettleException: 
Error in mapper configuration

The input step was not specified


	at org.pentaho.di.job.entries.hadooptransjobexecutor.JobEntryHadoopTransJobExecutor.execute(JobEntryHadoopTransJobExecutor.java:519)
	at org.pentaho.di.job.entries.hadooptransjobexecutor.JobEntryHadoopTransJobExecutorTest.invalidMapperStepNames(JobEntryHadoopTransJobExecutorTest.java:111)
	at sun.reflect.NativeMethodAccessorImpl.invoke0(Native Method)
	at sun.reflect.NativeMethodAcc
...[truncated 24016 chars]...
pentaho.di.core.exception.KettleException: 
2014/10/07 15:30:19 - The output step with name 'Testing' could not be found
2014/10/07 15:30:19 - 
2014/10/07 15:30:19 - 	at org.pentaho.di.job.entries.hadooptransjobexecutor.JobEntryHadoopTransJobExecutor.verifyTransMeta(JobEntryHadoopTransJobExecutor.java:1139)
2014/10/07 15:30:19 - 	at org.pentaho.di.job.entries.hadooptransjobexecutor.JobEntryHadoopTransJobExecutor.execute(JobEntryHadoopTransJobExecutor.java:517)
2014/10/07 15:30:19 - 	... 23 more
</stderr><stdout>2014/10/07 15:30:19 - bad-output-fields - Dispatching started for transformation [bad-output-fields]
2014/10/07 15:30:19 - mr-passthrough - Dispatching started for transformation [mr-passthrough]
2014/10/07 15:30:19 - mr-passthrough - Dispatching started for transformation [mr-passthrough]
</stdout></case><case><age>0</age><className>org.pentaho.di.job.entries.hadooptransjobexecutor.JobEntryHadoopTransJobExecutorTest</className><duration>0.0030</duration><failedSince>0</failedSince><name>loadRep_num_map_tasks_number</name><skipped>false</skipped><status>PASSED</status><stderr>org.pentaho.di.core.exception.KettleException: 
Error in mapper configuration

The input step was not specified


	at org.pentaho.di.job.entries.hadooptransjobexecutor.JobEntryHadoopTransJobExecutor.execute(JobEntryHadoopTransJobExecutor.java:519)
	at org.pentaho.di.job.entries.hadooptransjobexecutor.JobEntryHadoopTransJobExecutorTest.invalidMapperStepNames(JobEntryHadoopTransJobExecutorTest.java:111)
	at sun.reflect.NativeMethodAccessorImpl.invoke0(Native Method)
	at sun.reflect.NativeMethodAcc
...[truncated 24016 chars]...
pentaho.di.core.exception.KettleException: 
2014/10/07 15:30:19 - The output step with name 'Testing' could not be found
2014/10/07 15:30:19 - 
2014/10/07 15:30:19 - 	at org.pentaho.di.job.entries.hadooptransjobexecutor.JobEntryHadoopTransJobExecutor.verifyTransMeta(JobEntryHadoopTransJobExecutor.java:1139)
2014/10/07 15:30:19 - 	at org.pentaho.di.job.entries.hadooptransjobexecutor.JobEntryHadoopTransJobExecutor.execute(JobEntryHadoopTransJobExecutor.java:517)
2014/10/07 15:30:19 - 	... 23 more
</stderr><stdout>2014/10/07 15:30:19 - bad-output-fields - Dispatching started for transformation [bad-output-fields]
2014/10/07 15:30:19 - mr-passthrough - Dispatching started for transformation [mr-passthrough]
2014/10/07 15:30:19 - mr-passthrough - Dispatching started for transformation [mr-passthrough]
</stdout></case><case><age>0</age><className>org.pentaho.di.job.entries.hadooptransjobexecutor.JobEntryHadoopTransJobExecutorTest</className><duration>0.0030</duration><failedSince>0</failedSince><name>loadRep_num_reduce_tasks_null</name><skipped>false</skipped><status>PASSED</status><stderr>org.pentaho.di.core.exception.KettleException: 
Error in mapper configuration

The input step was not specified


	at org.pentaho.di.job.entries.hadooptransjobexecutor.JobEntryHadoopTransJobExecutor.execute(JobEntryHadoopTransJobExecutor.java:519)
	at org.pentaho.di.job.entries.hadooptransjobexecutor.JobEntryHadoopTransJobExecutorTest.invalidMapperStepNames(JobEntryHadoopTransJobExecutorTest.java:111)
	at sun.reflect.NativeMethodAccessorImpl.invoke0(Native Method)
	at sun.reflect.NativeMethodAcc
...[truncated 24016 chars]...
pentaho.di.core.exception.KettleException: 
2014/10/07 15:30:19 - The output step with name 'Testing' could not be found
2014/10/07 15:30:19 - 
2014/10/07 15:30:19 - 	at org.pentaho.di.job.entries.hadooptransjobexecutor.JobEntryHadoopTransJobExecutor.verifyTransMeta(JobEntryHadoopTransJobExecutor.java:1139)
2014/10/07 15:30:19 - 	at org.pentaho.di.job.entries.hadooptransjobexecutor.JobEntryHadoopTransJobExecutor.execute(JobEntryHadoopTransJobExecutor.java:517)
2014/10/07 15:30:19 - 	... 23 more
</stderr><stdout>2014/10/07 15:30:19 - bad-output-fields - Dispatching started for transformation [bad-output-fields]
2014/10/07 15:30:19 - mr-passthrough - Dispatching started for transformation [mr-passthrough]
2014/10/07 15:30:19 - mr-passthrough - Dispatching started for transformation [mr-passthrough]
</stdout></case><case><age>0</age><className>org.pentaho.di.job.entries.hadooptransjobexecutor.JobEntryHadoopTransJobExecutorTest</className><duration>0.0030</duration><failedSince>0</failedSince><name>loadRep_num_reduce_tasks_empty</name><skipped>false</skipped><status>PASSED</status><stderr>org.pentaho.di.core.exception.KettleException: 
Error in mapper configuration

The input step was not specified


	at org.pentaho.di.job.entries.hadooptransjobexecutor.JobEntryHadoopTransJobExecutor.execute(JobEntryHadoopTransJobExecutor.java:519)
	at org.pentaho.di.job.entries.hadooptransjobexecutor.JobEntryHadoopTransJobExecutorTest.invalidMapperStepNames(JobEntryHadoopTransJobExecutorTest.java:111)
	at sun.reflect.NativeMethodAccessorImpl.invoke0(Native Method)
	at sun.reflect.NativeMethodAcc
...[truncated 24016 chars]...
pentaho.di.core.exception.KettleException: 
2014/10/07 15:30:19 - The output step with name 'Testing' could not be found
2014/10/07 15:30:19 - 
2014/10/07 15:30:19 - 	at org.pentaho.di.job.entries.hadooptransjobexecutor.JobEntryHadoopTransJobExecutor.verifyTransMeta(JobEntryHadoopTransJobExecutor.java:1139)
2014/10/07 15:30:19 - 	at org.pentaho.di.job.entries.hadooptransjobexecutor.JobEntryHadoopTransJobExecutor.execute(JobEntryHadoopTransJobExecutor.java:517)
2014/10/07 15:30:19 - 	... 23 more
</stderr><stdout>2014/10/07 15:30:19 - bad-output-fields - Dispatching started for transformation [bad-output-fields]
2014/10/07 15:30:19 - mr-passthrough - Dispatching started for transformation [mr-passthrough]
2014/10/07 15:30:19 - mr-passthrough - Dispatching started for transformation [mr-passthrough]
</stdout></case><case><age>0</age><className>org.pentaho.di.job.entries.hadooptransjobexecutor.JobEntryHadoopTransJobExecutorTest</className><duration>0.0030</duration><failedSince>0</failedSince><name>loadRep_num_reduce_tasks_variable</name><skipped>false</skipped><status>PASSED</status><stderr>org.pentaho.di.core.exception.KettleException: 
Error in mapper configuration

The input step was not specified


	at org.pentaho.di.job.entries.hadooptransjobexecutor.JobEntryHadoopTransJobExecutor.execute(JobEntryHadoopTransJobExecutor.java:519)
	at org.pentaho.di.job.entries.hadooptransjobexecutor.JobEntryHadoopTransJobExecutorTest.invalidMapperStepNames(JobEntryHadoopTransJobExecutorTest.java:111)
	at sun.reflect.NativeMethodAccessorImpl.invoke0(Native Method)
	at sun.reflect.NativeMethodAcc
...[truncated 24016 chars]...
pentaho.di.core.exception.KettleException: 
2014/10/07 15:30:19 - The output step with name 'Testing' could not be found
2014/10/07 15:30:19 - 
2014/10/07 15:30:19 - 	at org.pentaho.di.job.entries.hadooptransjobexecutor.JobEntryHadoopTransJobExecutor.verifyTransMeta(JobEntryHadoopTransJobExecutor.java:1139)
2014/10/07 15:30:19 - 	at org.pentaho.di.job.entries.hadooptransjobexecutor.JobEntryHadoopTransJobExecutor.execute(JobEntryHadoopTransJobExecutor.java:517)
2014/10/07 15:30:19 - 	... 23 more
</stderr><stdout>2014/10/07 15:30:19 - bad-output-fields - Dispatching started for transformation [bad-output-fields]
2014/10/07 15:30:19 - mr-passthrough - Dispatching started for transformation [mr-passthrough]
2014/10/07 15:30:19 - mr-passthrough - Dispatching started for transformation [mr-passthrough]
</stdout></case><case><age>0</age><className>org.pentaho.di.job.entries.hadooptransjobexecutor.JobEntryHadoopTransJobExecutorTest</className><duration>0.0030</duration><failedSince>0</failedSince><name>loadRep_num_reduce_tasks_number</name><skipped>false</skipped><status>PASSED</status><stderr>org.pentaho.di.core.exception.KettleException: 
Error in mapper configuration

The input step was not specified


	at org.pentaho.di.job.entries.hadooptransjobexecutor.JobEntryHadoopTransJobExecutor.execute(JobEntryHadoopTransJobExecutor.java:519)
	at org.pentaho.di.job.entries.hadooptransjobexecutor.JobEntryHadoopTransJobExecutorTest.invalidMapperStepNames(JobEntryHadoopTransJobExecutorTest.java:111)
	at sun.reflect.NativeMethodAccessorImpl.invoke0(Native Method)
	at sun.reflect.NativeMethodAcc
...[truncated 24016 chars]...
pentaho.di.core.exception.KettleException: 
2014/10/07 15:30:19 - The output step with name 'Testing' could not be found
2014/10/07 15:30:19 - 
2014/10/07 15:30:19 - 	at org.pentaho.di.job.entries.hadooptransjobexecutor.JobEntryHadoopTransJobExecutor.verifyTransMeta(JobEntryHadoopTransJobExecutor.java:1139)
2014/10/07 15:30:19 - 	at org.pentaho.di.job.entries.hadooptransjobexecutor.JobEntryHadoopTransJobExecutor.execute(JobEntryHadoopTransJobExecutor.java:517)
2014/10/07 15:30:19 - 	... 23 more
</stderr><stdout>2014/10/07 15:30:19 - bad-output-fields - Dispatching started for transformation [bad-output-fields]
2014/10/07 15:30:19 - mr-passthrough - Dispatching started for transformation [mr-passthrough]
2014/10/07 15:30:19 - mr-passthrough - Dispatching started for transformation [mr-passthrough]
</stdout></case><case><age>0</age><className>org.pentaho.di.job.entries.hadooptransjobexecutor.JobEntryHadoopTransJobExecutorTest</className><duration>0.221</duration><failedSince>0</failedSince><name>invalidMapperStepNames</name><skipped>false</skipped><status>PASSED</status><stderr>org.pentaho.di.core.exception.KettleException: 
Error in mapper configuration

The input step was not specified


	at org.pentaho.di.job.entries.hadooptransjobexecutor.JobEntryHadoopTransJobExecutor.execute(JobEntryHadoopTransJobExecutor.java:519)
	at org.pentaho.di.job.entries.hadooptransjobexecutor.JobEntryHadoopTransJobExecutorTest.invalidMapperStepNames(JobEntryHadoopTransJobExecutorTest.java:111)
	at sun.reflect.NativeMethodAccessorImpl.invoke0(Native Method)
	at sun.reflect.NativeMethodAcc
...[truncated 24016 chars]...
pentaho.di.core.exception.KettleException: 
2014/10/07 15:30:19 - The output step with name 'Testing' could not be found
2014/10/07 15:30:19 - 
2014/10/07 15:30:19 - 	at org.pentaho.di.job.entries.hadooptransjobexecutor.JobEntryHadoopTransJobExecutor.verifyTransMeta(JobEntryHadoopTransJobExecutor.java:1139)
2014/10/07 15:30:19 - 	at org.pentaho.di.job.entries.hadooptransjobexecutor.JobEntryHadoopTransJobExecutor.execute(JobEntryHadoopTransJobExecutor.java:517)
2014/10/07 15:30:19 - 	... 23 more
</stderr><stdout>2014/10/07 15:30:19 - bad-output-fields - Dispatching started for transformation [bad-output-fields]
2014/10/07 15:30:19 - mr-passthrough - Dispatching started for transformation [mr-passthrough]
2014/10/07 15:30:19 - mr-passthrough - Dispatching started for transformation [mr-passthrough]
</stdout></case><duration>0.81300014</duration><name>org.pentaho.di.job.entries.hadooptransjobexecutor.JobEntryHadoopTransJobExecutorTest</name><stderr>org.pentaho.di.core.exception.KettleException: 
Error in mapper configuration

The input step was not specified


	at org.pentaho.di.job.entries.hadooptransjobexecutor.JobEntryHadoopTransJobExecutor.execute(JobEntryHadoopTransJobExecutor.java:519)
	at org.pentaho.di.job.entries.hadooptransjobexecutor.JobEntryHadoopTransJobExecutorTest.invalidMapperStepNames(JobEntryHadoopTransJobExecutorTest.java:111)
	at sun.reflect.NativeMethodAccessorImpl.invoke0(Native Method)
	at sun.reflect.NativeMethodAcc
...[truncated 24016 chars]...
pentaho.di.core.exception.KettleException: 
2014/10/07 15:30:19 - The output step with name 'Testing' could not be found
2014/10/07 15:30:19 - 
2014/10/07 15:30:19 - 	at org.pentaho.di.job.entries.hadooptransjobexecutor.JobEntryHadoopTransJobExecutor.verifyTransMeta(JobEntryHadoopTransJobExecutor.java:1139)
2014/10/07 15:30:19 - 	at org.pentaho.di.job.entries.hadooptransjobexecutor.JobEntryHadoopTransJobExecutor.execute(JobEntryHadoopTransJobExecutor.java:517)
2014/10/07 15:30:19 - 	... 23 more
</stderr><stdout>2014/10/07 15:30:19 - bad-output-fields - Dispatching started for transformation [bad-output-fields]
2014/10/07 15:30:19 - mr-passthrough - Dispatching started for transformation [mr-passthrough]
2014/10/07 15:30:19 - mr-passthrough - Dispatching started for transformation [mr-passthrough]
</stdout><timestamp>2014-10-07T19:30:17</timestamp></suite><suite><case><age>0</age><className>org.pentaho.di.job.entries.oozie.OozieJobExecutorConfigTest</className><duration>0.017</duration><failedSince>0</failedSince><name>testAddPropertyChangeListener</name><skipped>false</skipped><status>PASSED</status><stderr></stderr><stdout></stdout></case><case><age>0</age><className>org.pentaho.di.job.entries.oozie.OozieJobExecutorConfigTest</className><duration>0.0</duration><failedSince>0</failedSince><name>testAddPropertyChangeListener_propertyName</name><skipped>false</skipped><status>PASSED</status><stderr></stderr><stdout></stdout></case><case><age>0</age><className>org.pentaho.di.job.entries.oozie.OozieJobExecutorConfigTest</className><duration>0.0</duration><failedSince>0</failedSince><name>testGettersAndSetters</name><skipped>false</skipped><status>PASSED</status><stderr></stderr><stdout></stdout></case><duration>0.017</duration><name>org.pentaho.di.job.entries.oozie.OozieJobExecutorConfigTest</name><stderr></stderr><stdout></stdout><timestamp>2014-10-07T19:30:20</timestamp></suite><suite><case><age>0</age><className>org.pentaho.di.job.entries.oozie.OozieJobExecutorJobEntryTest</className><duration>0.029</duration><failedSince>0</failedSince><name>testGetValidationWarnings_MissingAppPathSetting</name><skipped>false</skipped><status>PASSED</status><stderr>2014/10/07 15:30:23 - ERROR (version TRUNK-SNAPSHOT, build 1 from 2014-10-07 15.17.50 by tomcat) : nothing to log
</stderr><stdout>Attempting to load ESAPI.properties via file I/O.
Attempting to load ESAPI.properties as resource file via file I/O.
Not found in 'org.owasp.esapi.resources' directory or file not readable: /build/hudson/jobs/pentaho-big-data-plugin/workspace/ESAPI.properties
Not found in SystemResource Directory/resourceDirectory: .esapi/ESAPI.properties
Not found in 'user.home' (/home/tomcat) directory: /home/tomcat/esapi/ESAPI.properties
Loading ESAPI.properties via file I/O failed. Exception was: java.io.Fil
...[truncated 661 chars]...
roperties
Not found in 'user.home' (/home/tomcat) directory: /home/tomcat/esapi/validation.properties
Loading validation.properties via file I/O failed.
Attempting to load validation.properties via the classpath.
validation.properties could not be loaded by any means. fail. Exception was: java.lang.IllegalArgumentException: Failed to load ESAPI.properties as a classloader resource.
SecurityConfiguration for Logger.LogServerIP not either "true" or "false" in ESAPI.properties. Using default: true
</stdout></case><case><age>0</age><className>org.pentaho.di.job.entries.oozie.OozieJobExecutorJobEntryTest</className><duration>0.0030</duration><failedSince>0</failedSince><name>testGetValidationWarnings_invalidPort</name><skipped>false</skipped><status>PASSED</status><stderr>2014/10/07 15:30:23 - ERROR (version TRUNK-SNAPSHOT, build 1 from 2014-10-07 15.17.50 by tomcat) : nothing to log
</stderr><stdout>Attempting to load ESAPI.properties via file I/O.
Attempting to load ESAPI.properties as resource file via file I/O.
Not found in 'org.owasp.esapi.resources' directory or file not readable: /build/hudson/jobs/pentaho-big-data-plugin/workspace/ESAPI.properties
Not found in SystemResource Directory/resourceDirectory: .esapi/ESAPI.properties
Not found in 'user.home' (/home/tomcat) directory: /home/tomcat/esapi/ESAPI.properties
Loading ESAPI.properties via file I/O failed. Exception was: java.io.Fil
...[truncated 661 chars]...
roperties
Not found in 'user.home' (/home/tomcat) directory: /home/tomcat/esapi/validation.properties
Loading validation.properties via file I/O failed.
Attempting to load validation.properties via the classpath.
validation.properties could not be loaded by any means. fail. Exception was: java.lang.IllegalArgumentException: Failed to load ESAPI.properties as a classloader resource.
SecurityConfiguration for Logger.LogServerIP not either "true" or "false" in ESAPI.properties. Using default: true
</stdout></case><case><age>0</age><className>org.pentaho.di.job.entries.oozie.OozieJobExecutorJobEntryTest</className><duration>0.0020</duration><failedSince>0</failedSince><name>testGetValidationWarnings_everythingIsGood</name><skipped>false</skipped><status>PASSED</status><stderr>2014/10/07 15:30:23 - ERROR (version TRUNK-SNAPSHOT, build 1 from 2014-10-07 15.17.50 by tomcat) : nothing to log
</stderr><stdout>Attempting to load ESAPI.properties via file I/O.
Attempting to load ESAPI.properties as resource file via file I/O.
Not found in 'org.owasp.esapi.resources' directory or file not readable: /build/hudson/jobs/pentaho-big-data-plugin/workspace/ESAPI.properties
Not found in SystemResource Directory/resourceDirectory: .esapi/ESAPI.properties
Not found in 'user.home' (/home/tomcat) directory: /home/tomcat/esapi/ESAPI.properties
Loading ESAPI.properties via file I/O failed. Exception was: java.io.Fil
...[truncated 661 chars]...
roperties
Not found in 'user.home' (/home/tomcat) directory: /home/tomcat/esapi/validation.properties
Loading validation.properties via file I/O failed.
Attempting to load validation.properties via the classpath.
validation.properties could not be loaded by any means. fail. Exception was: java.lang.IllegalArgumentException: Failed to load ESAPI.properties as a classloader resource.
SecurityConfiguration for Logger.LogServerIP not either "true" or "false" in ESAPI.properties. Using default: true
</stdout></case><case><age>0</age><className>org.pentaho.di.job.entries.oozie.OozieJobExecutorJobEntryTest</className><duration>1.038</duration><failedSince>0</failedSince><name>execute_blocking_FAIL</name><skipped>false</skipped><status>PASSED</status><stderr>2014/10/07 15:30:23 - ERROR (version TRUNK-SNAPSHOT, build 1 from 2014-10-07 15.17.50 by tomcat) : nothing to log
</stderr><stdout>Attempting to load ESAPI.properties via file I/O.
Attempting to load ESAPI.properties as resource file via file I/O.
Not found in 'org.owasp.esapi.resources' directory or file not readable: /build/hudson/jobs/pentaho-big-data-plugin/workspace/ESAPI.properties
Not found in SystemResource Directory/resourceDirectory: .esapi/ESAPI.properties
Not found in 'user.home' (/home/tomcat) directory: /home/tomcat/esapi/ESAPI.properties
Loading ESAPI.properties via file I/O failed. Exception was: java.io.Fil
...[truncated 661 chars]...
roperties
Not found in 'user.home' (/home/tomcat) directory: /home/tomcat/esapi/validation.properties
Loading validation.properties via file I/O failed.
Attempting to load validation.properties via the classpath.
validation.properties could not be loaded by any means. fail. Exception was: java.lang.IllegalArgumentException: Failed to load ESAPI.properties as a classloader resource.
SecurityConfiguration for Logger.LogServerIP not either "true" or "false" in ESAPI.properties. Using default: true
</stdout></case><case><age>0</age><className>org.pentaho.di.job.entries.oozie.OozieJobExecutorJobEntryTest</className><duration>0.0010</duration><failedSince>0</failedSince><name>testGetProperties</name><skipped>false</skipped><status>PASSED</status><stderr>2014/10/07 15:30:23 - ERROR (version TRUNK-SNAPSHOT, build 1 from 2014-10-07 15.17.50 by tomcat) : nothing to log
</stderr><stdout>Attempting to load ESAPI.properties via file I/O.
Attempting to load ESAPI.properties as resource file via file I/O.
Not found in 'org.owasp.esapi.resources' directory or file not readable: /build/hudson/jobs/pentaho-big-data-plugin/workspace/ESAPI.properties
Not found in SystemResource Directory/resourceDirectory: .esapi/ESAPI.properties
Not found in 'user.home' (/home/tomcat) directory: /home/tomcat/esapi/ESAPI.properties
Loading ESAPI.properties via file I/O failed. Exception was: java.io.Fil
...[truncated 661 chars]...
roperties
Not found in 'user.home' (/home/tomcat) directory: /home/tomcat/esapi/validation.properties
Loading validation.properties via file I/O failed.
Attempting to load validation.properties via the classpath.
validation.properties could not be loaded by any means. fail. Exception was: java.lang.IllegalArgumentException: Failed to load ESAPI.properties as a classloader resource.
SecurityConfiguration for Logger.LogServerIP not either "true" or "false" in ESAPI.properties. Using default: true
</stdout></case><case><age>0</age><className>org.pentaho.di.job.entries.oozie.OozieJobExecutorJobEntryTest</className><duration>0.0010</duration><failedSince>0</failedSince><name>testGetProperties_VariableizedWorkflowPath</name><skipped>false</skipped><status>PASSED</status><stderr>2014/10/07 15:30:23 - ERROR (version TRUNK-SNAPSHOT, build 1 from 2014-10-07 15.17.50 by tomcat) : nothing to log
</stderr><stdout>Attempting to load ESAPI.properties via file I/O.
Attempting to load ESAPI.properties as resource file via file I/O.
Not found in 'org.owasp.esapi.resources' directory or file not readable: /build/hudson/jobs/pentaho-big-data-plugin/workspace/ESAPI.properties
Not found in SystemResource Directory/resourceDirectory: .esapi/ESAPI.properties
Not found in 'user.home' (/home/tomcat) directory: /home/tomcat/esapi/ESAPI.properties
Loading ESAPI.properties via file I/O failed. Exception was: java.io.Fil
...[truncated 661 chars]...
roperties
Not found in 'user.home' (/home/tomcat) directory: /home/tomcat/esapi/validation.properties
Loading validation.properties via file I/O failed.
Attempting to load validation.properties via the classpath.
validation.properties could not be loaded by any means. fail. Exception was: java.lang.IllegalArgumentException: Failed to load ESAPI.properties as a classloader resource.
SecurityConfiguration for Logger.LogServerIP not either "true" or "false" in ESAPI.properties. Using default: true
</stdout></case><case><age>0</age><className>org.pentaho.di.job.entries.oozie.OozieJobExecutorJobEntryTest</className><duration>0.0020</duration><failedSince>0</failedSince><name>testGetProperties_fromAdvancedProperties</name><skipped>false</skipped><status>PASSED</status><stderr>2014/10/07 15:30:23 - ERROR (version TRUNK-SNAPSHOT, build 1 from 2014-10-07 15.17.50 by tomcat) : nothing to log
</stderr><stdout>Attempting to load ESAPI.properties via file I/O.
Attempting to load ESAPI.properties as resource file via file I/O.
Not found in 'org.owasp.esapi.resources' directory or file not readable: /build/hudson/jobs/pentaho-big-data-plugin/workspace/ESAPI.properties
Not found in SystemResource Directory/resourceDirectory: .esapi/ESAPI.properties
Not found in 'user.home' (/home/tomcat) directory: /home/tomcat/esapi/ESAPI.properties
Loading ESAPI.properties via file I/O failed. Exception was: java.io.Fil
...[truncated 661 chars]...
roperties
Not found in 'user.home' (/home/tomcat) directory: /home/tomcat/esapi/validation.properties
Loading validation.properties via file I/O failed.
Attempting to load validation.properties via the classpath.
validation.properties could not be loaded by any means. fail. Exception was: java.lang.IllegalArgumentException: Failed to load ESAPI.properties as a classloader resource.
SecurityConfiguration for Logger.LogServerIP not either "true" or "false" in ESAPI.properties. Using default: true
</stdout></case><case><age>0</age><className>org.pentaho.di.job.entries.oozie.OozieJobExecutorJobEntryTest</className><duration>0.052</duration><failedSince>0</failedSince><name>testLoadXml_customProps</name><skipped>false</skipped><status>PASSED</status><stderr>2014/10/07 15:30:23 - ERROR (version TRUNK-SNAPSHOT, build 1 from 2014-10-07 15.17.50 by tomcat) : nothing to log
</stderr><stdout>Attempting to load ESAPI.properties via file I/O.
Attempting to load ESAPI.properties as resource file via file I/O.
Not found in 'org.owasp.esapi.resources' directory or file not readable: /build/hudson/jobs/pentaho-big-data-plugin/workspace/ESAPI.properties
Not found in SystemResource Directory/resourceDirectory: .esapi/ESAPI.properties
Not found in 'user.home' (/home/tomcat) directory: /home/tomcat/esapi/ESAPI.properties
Loading ESAPI.properties via file I/O failed. Exception was: java.io.Fil
...[truncated 661 chars]...
roperties
Not found in 'user.home' (/home/tomcat) directory: /home/tomcat/esapi/validation.properties
Loading validation.properties via file I/O failed.
Attempting to load validation.properties via the classpath.
validation.properties could not be loaded by any means. fail. Exception was: java.lang.IllegalArgumentException: Failed to load ESAPI.properties as a classloader resource.
SecurityConfiguration for Logger.LogServerIP not either "true" or "false" in ESAPI.properties. Using default: true
</stdout></case><case><age>0</age><className>org.pentaho.di.job.entries.oozie.OozieJobExecutorJobEntryTest</className><duration>1.007</duration><failedSince>0</failedSince><name>execute_blocking</name><skipped>false</skipped><status>PASSED</status><stderr>2014/10/07 15:30:23 - ERROR (version TRUNK-SNAPSHOT, build 1 from 2014-10-07 15.17.50 by tomcat) : nothing to log
</stderr><stdout>Attempting to load ESAPI.properties via file I/O.
Attempting to load ESAPI.properties as resource file via file I/O.
Not found in 'org.owasp.esapi.resources' directory or file not readable: /build/hudson/jobs/pentaho-big-data-plugin/workspace/ESAPI.properties
Not found in SystemResource Directory/resourceDirectory: .esapi/ESAPI.properties
Not found in 'user.home' (/home/tomcat) directory: /home/tomcat/esapi/ESAPI.properties
Loading ESAPI.properties via file I/O failed. Exception was: java.io.Fil
...[truncated 661 chars]...
roperties
Not found in 'user.home' (/home/tomcat) directory: /home/tomcat/esapi/validation.properties
Loading validation.properties via file I/O failed.
Attempting to load validation.properties via the classpath.
validation.properties could not be loaded by any means. fail. Exception was: java.lang.IllegalArgumentException: Failed to load ESAPI.properties as a classloader resource.
SecurityConfiguration for Logger.LogServerIP not either "true" or "false" in ESAPI.properties. Using default: true
</stdout></case><case><age>0</age><className>org.pentaho.di.job.entries.oozie.OozieJobExecutorJobEntryTest</className><duration>0.0080</duration><failedSince>0</failedSince><name>testLoadXml</name><skipped>false</skipped><status>PASSED</status><stderr>2014/10/07 15:30:23 - ERROR (version TRUNK-SNAPSHOT, build 1 from 2014-10-07 15.17.50 by tomcat) : nothing to log
</stderr><stdout>Attempting to load ESAPI.properties via file I/O.
Attempting to load ESAPI.properties as resource file via file I/O.
Not found in 'org.owasp.esapi.resources' directory or file not readable: /build/hudson/jobs/pentaho-big-data-plugin/workspace/ESAPI.properties
Not found in SystemResource Directory/resourceDirectory: .esapi/ESAPI.properties
Not found in 'user.home' (/home/tomcat) directory: /home/tomcat/esapi/ESAPI.properties
Loading ESAPI.properties via file I/O failed. Exception was: java.io.Fil
...[truncated 661 chars]...
roperties
Not found in 'user.home' (/home/tomcat) directory: /home/tomcat/esapi/validation.properties
Loading validation.properties via file I/O failed.
Attempting to load validation.properties via the classpath.
validation.properties could not be loaded by any means. fail. Exception was: java.lang.IllegalArgumentException: Failed to load ESAPI.properties as a classloader resource.
SecurityConfiguration for Logger.LogServerIP not either "true" or "false" in ESAPI.properties. Using default: true
</stdout></case><case><age>0</age><className>org.pentaho.di.job.entries.oozie.OozieJobExecutorJobEntryTest</className><duration>0.0010</duration><failedSince>0</failedSince><name>testGetValidationWarnings_emptyConfig</name><skipped>false</skipped><status>PASSED</status><stderr>2014/10/07 15:30:23 - ERROR (version TRUNK-SNAPSHOT, build 1 from 2014-10-07 15.17.50 by tomcat) : nothing to log
</stderr><stdout>Attempting to load ESAPI.properties via file I/O.
Attempting to load ESAPI.properties as resource file via file I/O.
Not found in 'org.owasp.esapi.resources' directory or file not readable: /build/hudson/jobs/pentaho-big-data-plugin/workspace/ESAPI.properties
Not found in SystemResource Directory/resourceDirectory: .esapi/ESAPI.properties
Not found in 'user.home' (/home/tomcat) directory: /home/tomcat/esapi/ESAPI.properties
Loading ESAPI.properties via file I/O failed. Exception was: java.io.Fil
...[truncated 661 chars]...
roperties
Not found in 'user.home' (/home/tomcat) directory: /home/tomcat/esapi/validation.properties
Loading validation.properties via file I/O failed.
Attempting to load validation.properties via the classpath.
validation.properties could not be loaded by any means. fail. Exception was: java.lang.IllegalArgumentException: Failed to load ESAPI.properties as a classloader resource.
SecurityConfiguration for Logger.LogServerIP not either "true" or "false" in ESAPI.properties. Using default: true
</stdout></case><case><age>0</age><className>org.pentaho.di.job.entries.oozie.OozieJobExecutorJobEntryTest</className><duration>0.0020</duration><failedSince>0</failedSince><name>testGetValidationWarnings_invalidOozieUrl</name><skipped>false</skipped><status>PASSED</status><stderr>2014/10/07 15:30:23 - ERROR (version TRUNK-SNAPSHOT, build 1 from 2014-10-07 15.17.50 by tomcat) : nothing to log
</stderr><stdout>Attempting to load ESAPI.properties via file I/O.
Attempting to load ESAPI.properties as resource file via file I/O.
Not found in 'org.owasp.esapi.resources' directory or file not readable: /build/hudson/jobs/pentaho-big-data-plugin/workspace/ESAPI.properties
Not found in SystemResource Directory/resourceDirectory: .esapi/ESAPI.properties
Not found in 'user.home' (/home/tomcat) directory: /home/tomcat/esapi/ESAPI.properties
Loading ESAPI.properties via file I/O failed. Exception was: java.io.Fil
...[truncated 661 chars]...
roperties
Not found in 'user.home' (/home/tomcat) directory: /home/tomcat/esapi/validation.properties
Loading validation.properties via file I/O failed.
Attempting to load validation.properties via the classpath.
validation.properties could not be loaded by any means. fail. Exception was: java.lang.IllegalArgumentException: Failed to load ESAPI.properties as a classloader resource.
SecurityConfiguration for Logger.LogServerIP not either "true" or "false" in ESAPI.properties. Using default: true
</stdout></case><case><age>0</age><className>org.pentaho.di.job.entries.oozie.OozieJobExecutorJobEntryTest</className><duration>0.0030</duration><failedSince>0</failedSince><name>testGetValidationWarnings_incompatibleVersions</name><skipped>false</skipped><status>PASSED</status><stderr>2014/10/07 15:30:23 - ERROR (version TRUNK-SNAPSHOT, build 1 from 2014-10-07 15.17.50 by tomcat) : nothing to log
</stderr><stdout>Attempting to load ESAPI.properties via file I/O.
Attempting to load ESAPI.properties as resource file via file I/O.
Not found in 'org.owasp.esapi.resources' directory or file not readable: /build/hudson/jobs/pentaho-big-data-plugin/workspace/ESAPI.properties
Not found in SystemResource Directory/resourceDirectory: .esapi/ESAPI.properties
Not found in 'user.home' (/home/tomcat) directory: /home/tomcat/esapi/ESAPI.properties
Loading ESAPI.properties via file I/O failed. Exception was: java.io.Fil
...[truncated 661 chars]...
roperties
Not found in 'user.home' (/home/tomcat) directory: /home/tomcat/esapi/validation.properties
Loading validation.properties via file I/O failed.
Attempting to load validation.properties via the classpath.
validation.properties could not be loaded by any means. fail. Exception was: java.lang.IllegalArgumentException: Failed to load ESAPI.properties as a classloader resource.
SecurityConfiguration for Logger.LogServerIP not either "true" or "false" in ESAPI.properties. Using default: true
</stdout></case><case><age>0</age><className>org.pentaho.di.job.entries.oozie.OozieJobExecutorJobEntryTest</className><duration>0.0020</duration><failedSince>0</failedSince><name>testGetValidationWarnings_CantFindPropertiesFile</name><skipped>false</skipped><status>PASSED</status><stderr>2014/10/07 15:30:23 - ERROR (version TRUNK-SNAPSHOT, build 1 from 2014-10-07 15.17.50 by tomcat) : nothing to log
</stderr><stdout>Attempting to load ESAPI.properties via file I/O.
Attempting to load ESAPI.properties as resource file via file I/O.
Not found in 'org.owasp.esapi.resources' directory or file not readable: /build/hudson/jobs/pentaho-big-data-plugin/workspace/ESAPI.properties
Not found in SystemResource Directory/resourceDirectory: .esapi/ESAPI.properties
Not found in 'user.home' (/home/tomcat) directory: /home/tomcat/esapi/ESAPI.properties
Loading ESAPI.properties via file I/O failed. Exception was: java.io.Fil
...[truncated 661 chars]...
roperties
Not found in 'user.home' (/home/tomcat) directory: /home/tomcat/esapi/validation.properties
Loading validation.properties via file I/O failed.
Attempting to load validation.properties via the classpath.
validation.properties could not be loaded by any means. fail. Exception was: java.lang.IllegalArgumentException: Failed to load ESAPI.properties as a classloader resource.
SecurityConfiguration for Logger.LogServerIP not either "true" or "false" in ESAPI.properties. Using default: true
</stdout></case><duration>2.1510003</duration><name>org.pentaho.di.job.entries.oozie.OozieJobExecutorJobEntryTest</name><stderr>2014/10/07 15:30:23 - ERROR (version TRUNK-SNAPSHOT, build 1 from 2014-10-07 15.17.50 by tomcat) : nothing to log
</stderr><stdout>Attempting to load ESAPI.properties via file I/O.
Attempting to load ESAPI.properties as resource file via file I/O.
Not found in 'org.owasp.esapi.resources' directory or file not readable: /build/hudson/jobs/pentaho-big-data-plugin/workspace/ESAPI.properties
Not found in SystemResource Directory/resourceDirectory: .esapi/ESAPI.properties
Not found in 'user.home' (/home/tomcat) directory: /home/tomcat/esapi/ESAPI.properties
Loading ESAPI.properties via file I/O failed. Exception was: java.io.Fil
...[truncated 661 chars]...
roperties
Not found in 'user.home' (/home/tomcat) directory: /home/tomcat/esapi/validation.properties
Loading validation.properties via file I/O failed.
Attempting to load validation.properties via the classpath.
validation.properties could not be loaded by any means. fail. Exception was: java.lang.IllegalArgumentException: Failed to load ESAPI.properties as a classloader resource.
SecurityConfiguration for Logger.LogServerIP not either "true" or "false" in ESAPI.properties. Using default: true
</stdout><timestamp>2014-10-07T19:30:22</timestamp></suite><suite><case><age>0</age><className>org.pentaho.di.job.entries.pig.JobEntryPigScriptExecutorTest</className><duration>33.604</duration><failedSince>0</failedSince><name>testRegressionTutorialLocal</name><skipped>false</skipped><status>PASSED</status><stderr></stderr><stdout>2014/10/07 15:30:26 - General - Plugin class org.pentaho.di.job.entries.pig.JobEntryPigScriptExecutor registered for plugin type 'Job entry'
2014/10/07 15:30:27 - pigTest - Start of job execution
2014/10/07 15:30:27 - pigTest - Starting entry [Delete folders]
2014/10/07 15:30:27 - Delete folders - Folder [file:///build/hudson/jobs/pentaho-big-data-plugin/workspace/test-res/pig/script1-local-results.txt] already deleted.
2014/10/07 15:30:27 - pigTest - Starting entry [bin]
2014/10/07 15:30:27 - b
...[truncated 21623 chars]...
l_0005


2014/10/07 15:30:59 - bin - 2014/10/07 15:30:59 - Success!
INFO - Success!
2014/10/07 15:30:59 - bin - Num successful jobs: 1 num failed jobs: 0
2014/10/07 15:30:59 - pigTest - Starting entry [Success]
2014/10/07 15:30:59 - pigTest - Finished job entry [Success] (result=[true])
2014/10/07 15:30:59 - pigTest - Finished job entry [bin] (result=[true])
2014/10/07 15:30:59 - pigTest - Finished job entry [Delete folders] (result=[true])
2014/10/07 15:30:59 - pigTest - Job execution finished
</stdout></case><duration>33.604</duration><name>org.pentaho.di.job.entries.pig.JobEntryPigScriptExecutorTest</name><stderr></stderr><stdout>2014/10/07 15:30:26 - General - Plugin class org.pentaho.di.job.entries.pig.JobEntryPigScriptExecutor registered for plugin type 'Job entry'
2014/10/07 15:30:27 - pigTest - Start of job execution
2014/10/07 15:30:27 - pigTest - Starting entry [Delete folders]
2014/10/07 15:30:27 - Delete folders - Folder [file:///build/hudson/jobs/pentaho-big-data-plugin/workspace/test-res/pig/script1-local-results.txt] already deleted.
2014/10/07 15:30:27 - pigTest - Starting entry [bin]
2014/10/07 15:30:27 - b
...[truncated 21623 chars]...
l_0005


2014/10/07 15:30:59 - bin - 2014/10/07 15:30:59 - Success!
INFO - Success!
2014/10/07 15:30:59 - bin - Num successful jobs: 1 num failed jobs: 0
2014/10/07 15:30:59 - pigTest - Starting entry [Success]
2014/10/07 15:30:59 - pigTest - Finished job entry [Success] (result=[true])
2014/10/07 15:30:59 - pigTest - Finished job entry [bin] (result=[true])
2014/10/07 15:30:59 - pigTest - Finished job entry [Delete folders] (result=[true])
2014/10/07 15:30:59 - pigTest - Job execution finished
</stdout><timestamp>2014-10-07T19:30:26</timestamp></suite><suite><case><age>0</age><className>org.pentaho.di.job.entries.sqoop.AbstractSqoopJobEntryTest</className><duration>0.266</duration><failedSince>0</failedSince><name>execute_invalid_config</name><skipped>false</skipped><status>PASSED</status><stderr></stderr><stdout></stdout></case><case><age>0</age><className>org.pentaho.di.job.entries.sqoop.AbstractSqoopJobEntryTest</className><duration>0.0020</duration><failedSince>0</failedSince><name>isValidSqoopConfig_connect</name><skipped>false</skipped><status>PASSED</status><stderr></stderr><stdout></stdout></case><case><age>0</age><className>org.pentaho.di.job.entries.sqoop.AbstractSqoopJobEntryTest</className><duration>0.0050</duration><failedSince>0</failedSince><name>isDatabaseSupported</name><skipped>false</skipped><status>PASSED</status><stderr></stderr><stdout></stdout></case><duration>0.273</duration><name>org.pentaho.di.job.entries.sqoop.AbstractSqoopJobEntryTest</name><stderr></stderr><stdout></stdout><timestamp>2014-10-07T19:31:03</timestamp></suite><suite><case><age>0</age><className>org.pentaho.di.job.entries.sqoop.ArgumentWrapperTest</className><duration>0.012</duration><failedSince>0</failedSince><name>instantiation_null_name</name><skipped>false</skipped><status>PASSED</status><stderr></stderr><stdout></stdout></case><case><age>0</age><className>org.pentaho.di.job.entries.sqoop.ArgumentWrapperTest</className><duration>0.0020</duration><failedSince>0</failedSince><name>instantiation_wrong_setter_method_parameters2</name><skipped>false</skipped><status>PASSED</status><stderr></stderr><stdout></stdout></case><case><age>0</age><className>org.pentaho.di.job.entries.sqoop.ArgumentWrapperTest</className><duration>0.0</duration><failedSince>0</failedSince><name>instantiation_wrong_getter_method_return_type</name><skipped>false</skipped><status>PASSED</status><stderr></stderr><stdout></stdout></case><case><age>0</age><className>org.pentaho.di.job.entries.sqoop.ArgumentWrapperTest</className><duration>0.0</duration><failedSince>0</failedSince><name>instantiation</name><skipped>false</skipped><status>PASSED</status><stderr></stderr><stdout></stdout></case><case><age>0</age><className>org.pentaho.di.job.entries.sqoop.ArgumentWrapperTest</className><duration>0.0</duration><failedSince>0</failedSince><name>setDisplayName</name><skipped>false</skipped><status>PASSED</status><stderr></stderr><stdout></stdout></case><case><age>0</age><className>org.pentaho.di.job.entries.sqoop.ArgumentWrapperTest</className><duration>0.0</duration><failedSince>0</failedSince><name>setFlag</name><skipped>false</skipped><status>PASSED</status><stderr></stderr><stdout></stdout></case><case><age>0</age><className>org.pentaho.di.job.entries.sqoop.ArgumentWrapperTest</className><duration>0.0</duration><failedSince>0</failedSince><name>testHashCode</name><skipped>false</skipped><status>PASSED</status><stderr></stderr><stdout></stdout></case><case><age>0</age><className>org.pentaho.di.job.entries.sqoop.ArgumentWrapperTest</className><duration>0.0</duration><failedSince>0</failedSince><name>testEquals</name><skipped>false</skipped><status>PASSED</status><stderr></stderr><stdout></stdout></case><case><age>0</age><className>org.pentaho.di.job.entries.sqoop.ArgumentWrapperTest</className><duration>0.0</duration><failedSince>0</failedSince><name>isXulEventSource</name><skipped>false</skipped><status>PASSED</status><stderr></stderr><stdout></stdout></case><case><age>0</age><className>org.pentaho.di.job.entries.sqoop.ArgumentWrapperTest</className><duration>0.0</duration><failedSince>0</failedSince><name>instantiation_null_object</name><skipped>false</skipped><status>PASSED</status><stderr></stderr><stdout></stdout></case><case><age>0</age><className>org.pentaho.di.job.entries.sqoop.ArgumentWrapperTest</className><duration>0.0</duration><failedSince>0</failedSince><name>instantiation_null_setter</name><skipped>false</skipped><status>PASSED</status><stderr></stderr><stdout></stdout></case><case><age>0</age><className>org.pentaho.di.job.entries.sqoop.ArgumentWrapperTest</className><duration>0.0</duration><failedSince>0</failedSince><name>instantiation_null_getter</name><skipped>false</skipped><status>PASSED</status><stderr></stderr><stdout></stdout></case><case><age>0</age><className>org.pentaho.di.job.entries.sqoop.ArgumentWrapperTest</className><duration>0.0010</duration><failedSince>0</failedSince><name>instantiation_wrong_setter_method_parameters</name><skipped>false</skipped><status>PASSED</status><stderr></stderr><stdout></stdout></case><case><age>0</age><className>org.pentaho.di.job.entries.sqoop.ArgumentWrapperTest</className><duration>0.0010</duration><failedSince>0</failedSince><name>getValue</name><skipped>false</skipped><status>PASSED</status><stderr></stderr><stdout></stdout></case><case><age>0</age><className>org.pentaho.di.job.entries.sqoop.ArgumentWrapperTest</className><duration>0.0</duration><failedSince>0</failedSince><name>setName</name><skipped>false</skipped><status>PASSED</status><stderr></stderr><stdout></stdout></case><case><age>0</age><className>org.pentaho.di.job.entries.sqoop.ArgumentWrapperTest</className><duration>0.0020</duration><failedSince>0</failedSince><name>setValue</name><skipped>false</skipped><status>PASSED</status><stderr></stderr><stdout></stdout></case><duration>0.018000001</duration><name>org.pentaho.di.job.entries.sqoop.ArgumentWrapperTest</name><stderr></stderr><stdout></stdout><timestamp>2014-10-07T19:31:04</timestamp></suite><suite><case><age>0</age><className>org.pentaho.di.job.entries.sqoop.SqoopConfigTest</className><duration>0.099</duration><failedSince>0</failedSince><name>getAdvancedArgumentsList</name><skipped>false</skipped><status>PASSED</status><stderr></stderr><stdout></stdout></case><case><age>0</age><className>org.pentaho.di.job.entries.sqoop.SqoopConfigTest</className><duration>0.0010</duration><failedSince>0</failedSince><name>addRemovePropertyChangeListener</name><skipped>false</skipped><status>PASSED</status><stderr></stderr><stdout></stdout></case><case><age>0</age><className>org.pentaho.di.job.entries.sqoop.SqoopConfigTest</className><duration>0.0010</duration><failedSince>0</failedSince><name>testClone</name><skipped>false</skipped><status>PASSED</status><stderr></stderr><stdout></stdout></case><case><age>0</age><className>org.pentaho.di.job.entries.sqoop.SqoopConfigTest</className><duration>0.0010</duration><failedSince>0</failedSince><name>setDatabaseConnectionInformation</name><skipped>false</skipped><status>PASSED</status><stderr></stderr><stdout></stdout></case><case><age>0</age><className>org.pentaho.di.job.entries.sqoop.SqoopConfigTest</className><duration>0.0</duration><failedSince>0</failedSince><name>addRemovePropertyChangeListener_propertyName</name><skipped>false</skipped><status>PASSED</status><stderr></stderr><stdout></stdout></case><case><age>0</age><className>org.pentaho.di.job.entries.sqoop.SqoopConfigTest</className><duration>0.0</duration><failedSince>0</failedSince><name>copyConnectionInfoFromAdvanced</name><skipped>false</skipped><status>PASSED</status><stderr></stderr><stdout></stdout></case><case><age>0</age><className>org.pentaho.di.job.entries.sqoop.SqoopConfigTest</className><duration>0.0</duration><failedSince>0</failedSince><name>copyConnectionInfoToAdvanced</name><skipped>false</skipped><status>PASSED</status><stderr></stderr><stdout></stdout></case><case><age>0</age><className>org.pentaho.di.job.entries.sqoop.SqoopConfigTest</className><duration>0.0</duration><failedSince>0</failedSince><name>getModeAsEnum</name><skipped>false</skipped><status>PASSED</status><stderr></stderr><stdout></stdout></case><case><age>0</age><className>org.pentaho.di.job.entries.sqoop.SqoopConfigTest</className><duration>0.013</duration><failedSince>0</failedSince><name>numMappers</name><skipped>false</skipped><status>PASSED</status><stderr></stderr><stdout></stdout></case><duration>0.11500001</duration><name>org.pentaho.di.job.entries.sqoop.SqoopConfigTest</name><stderr></stderr><stdout></stdout><timestamp>2014-10-07T19:31:06</timestamp></suite><suite><case><age>0</age><className>org.pentaho.di.job.entries.sqoop.SqoopExportJobEntryTest</className><duration>0.029</duration><failedSince>0</failedSince><name>conditionalsForUIInteractions</name><skipped>false</skipped><status>PASSED</status><stderr>2014/10/07 15:31:08 - ERROR (version TRUNK-SNAPSHOT, build 1 from 2014-10-07 15.17.50 by tomcat) : Error loading Hadoop connection information
2014/10/07 15:31:08 - ERROR (version TRUNK-SNAPSHOT, build 1 from 2014-10-07 15.17.50 by tomcat) : org.pentaho.hadoop.shim.ConfigurationException: Unable to load plugin properties.
2014/10/07 15:31:08 - 	at org.pentaho.di.core.hadoop.HadoopConfigurationBootstrap.getPluginProperties(HadoopConfigurationBootstrap.java:163)
2014/10/07 15:31:08 - 	at org.penta
...[truncated 68132 chars]...
used by: org.pentaho.di.core.exception.KettleException: 
2014/10/07 15:31:13 - Error locating plugin. Please make sure the Plugin Registry has been initialized.
2014/10/07 15:31:13 - 
2014/10/07 15:31:13 - 	at org.pentaho.di.core.hadoop.HadoopConfigurationBootstrap.getPluginInterface(HadoopConfigurationBootstrap.java:178)
2014/10/07 15:31:13 - 	at org.pentaho.di.core.hadoop.HadoopConfigurationBootstrap.getPluginProperties(HadoopConfigurationBootstrap.java:161)
2014/10/07 15:31:13 - 	... 33 more
</stderr><stdout>Attempting to load ESAPI.properties via file I/O.
Attempting to load ESAPI.properties as resource file via file I/O.
Not found in 'org.owasp.esapi.resources' directory or file not readable: /build/hudson/jobs/pentaho-big-data-plugin/workspace/ESAPI.properties
Not found in SystemResource Directory/resourceDirectory: .esapi/ESAPI.properties
Not found in 'user.home' (/home/tomcat) directory: /home/tomcat/esapi/ESAPI.properties
Loading ESAPI.properties via file I/O failed. Exception was: java.io.Fil
...[truncated 953 chars]...
va.lang.IllegalArgumentException: Failed to load ESAPI.properties as a classloader resource.
SecurityConfiguration for Logger.LogServerIP not either "true" or "false" in ESAPI.properties. Using default: true
2014/10/07 15:31:10 - H2Repo - Starting to create or modify the repository tables...
2014/10/07 15:31:10 - H2Repo - Created 46 repository tables.
2014/10/07 15:31:12 - H2Repo - Starting to create or modify the repository tables...
2014/10/07 15:31:12 - H2Repo - Created 46 repository tables.
</stdout></case><case><age>0</age><className>org.pentaho.di.job.entries.sqoop.SqoopExportJobEntryTest</className><duration>0.126</duration><failedSince>0</failedSince><name>saveLoadTest_xml</name><skipped>false</skipped><status>PASSED</status><stderr>2014/10/07 15:31:08 - ERROR (version TRUNK-SNAPSHOT, build 1 from 2014-10-07 15.17.50 by tomcat) : Error loading Hadoop connection information
2014/10/07 15:31:08 - ERROR (version TRUNK-SNAPSHOT, build 1 from 2014-10-07 15.17.50 by tomcat) : org.pentaho.hadoop.shim.ConfigurationException: Unable to load plugin properties.
2014/10/07 15:31:08 - 	at org.pentaho.di.core.hadoop.HadoopConfigurationBootstrap.getPluginProperties(HadoopConfigurationBootstrap.java:163)
2014/10/07 15:31:08 - 	at org.penta
...[truncated 68132 chars]...
used by: org.pentaho.di.core.exception.KettleException: 
2014/10/07 15:31:13 - Error locating plugin. Please make sure the Plugin Registry has been initialized.
2014/10/07 15:31:13 - 
2014/10/07 15:31:13 - 	at org.pentaho.di.core.hadoop.HadoopConfigurationBootstrap.getPluginInterface(HadoopConfigurationBootstrap.java:178)
2014/10/07 15:31:13 - 	at org.pentaho.di.core.hadoop.HadoopConfigurationBootstrap.getPluginProperties(HadoopConfigurationBootstrap.java:161)
2014/10/07 15:31:13 - 	... 33 more
</stderr><stdout>Attempting to load ESAPI.properties via file I/O.
Attempting to load ESAPI.properties as resource file via file I/O.
Not found in 'org.owasp.esapi.resources' directory or file not readable: /build/hudson/jobs/pentaho-big-data-plugin/workspace/ESAPI.properties
Not found in SystemResource Directory/resourceDirectory: .esapi/ESAPI.properties
Not found in 'user.home' (/home/tomcat) directory: /home/tomcat/esapi/ESAPI.properties
Loading ESAPI.properties via file I/O failed. Exception was: java.io.Fil
...[truncated 953 chars]...
va.lang.IllegalArgumentException: Failed to load ESAPI.properties as a classloader resource.
SecurityConfiguration for Logger.LogServerIP not either "true" or "false" in ESAPI.properties. Using default: true
2014/10/07 15:31:10 - H2Repo - Starting to create or modify the repository tables...
2014/10/07 15:31:10 - H2Repo - Created 46 repository tables.
2014/10/07 15:31:12 - H2Repo - Starting to create or modify the repository tables...
2014/10/07 15:31:12 - H2Repo - Created 46 repository tables.
</stdout></case><case><age>0</age><className>org.pentaho.di.job.entries.sqoop.SqoopExportJobEntryTest</className><duration>3.756</duration><failedSince>0</failedSince><name>saveLoadTest_rep_advanced_options</name><skipped>false</skipped><status>PASSED</status><stderr>2014/10/07 15:31:08 - ERROR (version TRUNK-SNAPSHOT, build 1 from 2014-10-07 15.17.50 by tomcat) : Error loading Hadoop connection information
2014/10/07 15:31:08 - ERROR (version TRUNK-SNAPSHOT, build 1 from 2014-10-07 15.17.50 by tomcat) : org.pentaho.hadoop.shim.ConfigurationException: Unable to load plugin properties.
2014/10/07 15:31:08 - 	at org.pentaho.di.core.hadoop.HadoopConfigurationBootstrap.getPluginProperties(HadoopConfigurationBootstrap.java:163)
2014/10/07 15:31:08 - 	at org.penta
...[truncated 68132 chars]...
used by: org.pentaho.di.core.exception.KettleException: 
2014/10/07 15:31:13 - Error locating plugin. Please make sure the Plugin Registry has been initialized.
2014/10/07 15:31:13 - 
2014/10/07 15:31:13 - 	at org.pentaho.di.core.hadoop.HadoopConfigurationBootstrap.getPluginInterface(HadoopConfigurationBootstrap.java:178)
2014/10/07 15:31:13 - 	at org.pentaho.di.core.hadoop.HadoopConfigurationBootstrap.getPluginProperties(HadoopConfigurationBootstrap.java:161)
2014/10/07 15:31:13 - 	... 33 more
</stderr><stdout>Attempting to load ESAPI.properties via file I/O.
Attempting to load ESAPI.properties as resource file via file I/O.
Not found in 'org.owasp.esapi.resources' directory or file not readable: /build/hudson/jobs/pentaho-big-data-plugin/workspace/ESAPI.properties
Not found in SystemResource Directory/resourceDirectory: .esapi/ESAPI.properties
Not found in 'user.home' (/home/tomcat) directory: /home/tomcat/esapi/ESAPI.properties
Loading ESAPI.properties via file I/O failed. Exception was: java.io.Fil
...[truncated 953 chars]...
va.lang.IllegalArgumentException: Failed to load ESAPI.properties as a classloader resource.
SecurityConfiguration for Logger.LogServerIP not either "true" or "false" in ESAPI.properties. Using default: true
2014/10/07 15:31:10 - H2Repo - Starting to create or modify the repository tables...
2014/10/07 15:31:10 - H2Repo - Created 46 repository tables.
2014/10/07 15:31:12 - H2Repo - Starting to create or modify the repository tables...
2014/10/07 15:31:12 - H2Repo - Created 46 repository tables.
</stdout></case><case><age>0</age><className>org.pentaho.di.job.entries.sqoop.SqoopExportJobEntryTest</className><duration>0.0010</duration><failedSince>0</failedSince><name>getTool</name><skipped>false</skipped><status>PASSED</status><stderr>2014/10/07 15:31:08 - ERROR (version TRUNK-SNAPSHOT, build 1 from 2014-10-07 15.17.50 by tomcat) : Error loading Hadoop connection information
2014/10/07 15:31:08 - ERROR (version TRUNK-SNAPSHOT, build 1 from 2014-10-07 15.17.50 by tomcat) : org.pentaho.hadoop.shim.ConfigurationException: Unable to load plugin properties.
2014/10/07 15:31:08 - 	at org.pentaho.di.core.hadoop.HadoopConfigurationBootstrap.getPluginProperties(HadoopConfigurationBootstrap.java:163)
2014/10/07 15:31:08 - 	at org.penta
...[truncated 68132 chars]...
used by: org.pentaho.di.core.exception.KettleException: 
2014/10/07 15:31:13 - Error locating plugin. Please make sure the Plugin Registry has been initialized.
2014/10/07 15:31:13 - 
2014/10/07 15:31:13 - 	at org.pentaho.di.core.hadoop.HadoopConfigurationBootstrap.getPluginInterface(HadoopConfigurationBootstrap.java:178)
2014/10/07 15:31:13 - 	at org.pentaho.di.core.hadoop.HadoopConfigurationBootstrap.getPluginProperties(HadoopConfigurationBootstrap.java:161)
2014/10/07 15:31:13 - 	... 33 more
</stderr><stdout>Attempting to load ESAPI.properties via file I/O.
Attempting to load ESAPI.properties as resource file via file I/O.
Not found in 'org.owasp.esapi.resources' directory or file not readable: /build/hudson/jobs/pentaho-big-data-plugin/workspace/ESAPI.properties
Not found in SystemResource Directory/resourceDirectory: .esapi/ESAPI.properties
Not found in 'user.home' (/home/tomcat) directory: /home/tomcat/esapi/ESAPI.properties
Loading ESAPI.properties via file I/O failed. Exception was: java.io.Fil
...[truncated 953 chars]...
va.lang.IllegalArgumentException: Failed to load ESAPI.properties as a classloader resource.
SecurityConfiguration for Logger.LogServerIP not either "true" or "false" in ESAPI.properties. Using default: true
2014/10/07 15:31:10 - H2Repo - Starting to create or modify the repository tables...
2014/10/07 15:31:10 - H2Repo - Created 46 repository tables.
2014/10/07 15:31:12 - H2Repo - Starting to create or modify the repository tables...
2014/10/07 15:31:12 - H2Repo - Created 46 repository tables.
</stdout></case><case><age>0</age><className>org.pentaho.di.job.entries.sqoop.SqoopExportJobEntryTest</className><duration>0.012</duration><failedSince>0</failedSince><name>saveLoadTest_xml_advanced_options</name><skipped>false</skipped><status>PASSED</status><stderr>2014/10/07 15:31:08 - ERROR (version TRUNK-SNAPSHOT, build 1 from 2014-10-07 15.17.50 by tomcat) : Error loading Hadoop connection information
2014/10/07 15:31:08 - ERROR (version TRUNK-SNAPSHOT, build 1 from 2014-10-07 15.17.50 by tomcat) : org.pentaho.hadoop.shim.ConfigurationException: Unable to load plugin properties.
2014/10/07 15:31:08 - 	at org.pentaho.di.core.hadoop.HadoopConfigurationBootstrap.getPluginProperties(HadoopConfigurationBootstrap.java:163)
2014/10/07 15:31:08 - 	at org.penta
...[truncated 68132 chars]...
used by: org.pentaho.di.core.exception.KettleException: 
2014/10/07 15:31:13 - Error locating plugin. Please make sure the Plugin Registry has been initialized.
2014/10/07 15:31:13 - 
2014/10/07 15:31:13 - 	at org.pentaho.di.core.hadoop.HadoopConfigurationBootstrap.getPluginInterface(HadoopConfigurationBootstrap.java:178)
2014/10/07 15:31:13 - 	at org.pentaho.di.core.hadoop.HadoopConfigurationBootstrap.getPluginProperties(HadoopConfigurationBootstrap.java:161)
2014/10/07 15:31:13 - 	... 33 more
</stderr><stdout>Attempting to load ESAPI.properties via file I/O.
Attempting to load ESAPI.properties as resource file via file I/O.
Not found in 'org.owasp.esapi.resources' directory or file not readable: /build/hudson/jobs/pentaho-big-data-plugin/workspace/ESAPI.properties
Not found in SystemResource Directory/resourceDirectory: .esapi/ESAPI.properties
Not found in 'user.home' (/home/tomcat) directory: /home/tomcat/esapi/ESAPI.properties
Loading ESAPI.properties via file I/O failed. Exception was: java.io.Fil
...[truncated 953 chars]...
va.lang.IllegalArgumentException: Failed to load ESAPI.properties as a classloader resource.
SecurityConfiguration for Logger.LogServerIP not either "true" or "false" in ESAPI.properties. Using default: true
2014/10/07 15:31:10 - H2Repo - Starting to create or modify the repository tables...
2014/10/07 15:31:10 - H2Repo - Created 46 repository tables.
2014/10/07 15:31:12 - H2Repo - Starting to create or modify the repository tables...
2014/10/07 15:31:12 - H2Repo - Created 46 repository tables.
</stdout></case><case><age>0</age><className>org.pentaho.di.job.entries.sqoop.SqoopExportJobEntryTest</className><duration>1.435</duration><failedSince>0</failedSince><name>saveLoadTest_rep</name><skipped>false</skipped><status>PASSED</status><stderr>2014/10/07 15:31:08 - ERROR (version TRUNK-SNAPSHOT, build 1 from 2014-10-07 15.17.50 by tomcat) : Error loading Hadoop connection information
2014/10/07 15:31:08 - ERROR (version TRUNK-SNAPSHOT, build 1 from 2014-10-07 15.17.50 by tomcat) : org.pentaho.hadoop.shim.ConfigurationException: Unable to load plugin properties.
2014/10/07 15:31:08 - 	at org.pentaho.di.core.hadoop.HadoopConfigurationBootstrap.getPluginProperties(HadoopConfigurationBootstrap.java:163)
2014/10/07 15:31:08 - 	at org.penta
...[truncated 68132 chars]...
used by: org.pentaho.di.core.exception.KettleException: 
2014/10/07 15:31:13 - Error locating plugin. Please make sure the Plugin Registry has been initialized.
2014/10/07 15:31:13 - 
2014/10/07 15:31:13 - 	at org.pentaho.di.core.hadoop.HadoopConfigurationBootstrap.getPluginInterface(HadoopConfigurationBootstrap.java:178)
2014/10/07 15:31:13 - 	at org.pentaho.di.core.hadoop.HadoopConfigurationBootstrap.getPluginProperties(HadoopConfigurationBootstrap.java:161)
2014/10/07 15:31:13 - 	... 33 more
</stderr><stdout>Attempting to load ESAPI.properties via file I/O.
Attempting to load ESAPI.properties as resource file via file I/O.
Not found in 'org.owasp.esapi.resources' directory or file not readable: /build/hudson/jobs/pentaho-big-data-plugin/workspace/ESAPI.properties
Not found in SystemResource Directory/resourceDirectory: .esapi/ESAPI.properties
Not found in 'user.home' (/home/tomcat) directory: /home/tomcat/esapi/ESAPI.properties
Loading ESAPI.properties via file I/O failed. Exception was: java.io.Fil
...[truncated 953 chars]...
va.lang.IllegalArgumentException: Failed to load ESAPI.properties as a classloader resource.
SecurityConfiguration for Logger.LogServerIP not either "true" or "false" in ESAPI.properties. Using default: true
2014/10/07 15:31:10 - H2Repo - Starting to create or modify the repository tables...
2014/10/07 15:31:10 - H2Repo - Created 46 repository tables.
2014/10/07 15:31:12 - H2Repo - Starting to create or modify the repository tables...
2014/10/07 15:31:12 - H2Repo - Created 46 repository tables.
</stdout></case><case><age>0</age><className>org.pentaho.di.job.entries.sqoop.SqoopExportJobEntryTest</className><duration>0.0020</duration><failedSince>0</failedSince><name>getDatabaseMeta</name><skipped>false</skipped><status>PASSED</status><stderr>2014/10/07 15:31:08 - ERROR (version TRUNK-SNAPSHOT, build 1 from 2014-10-07 15.17.50 by tomcat) : Error loading Hadoop connection information
2014/10/07 15:31:08 - ERROR (version TRUNK-SNAPSHOT, build 1 from 2014-10-07 15.17.50 by tomcat) : org.pentaho.hadoop.shim.ConfigurationException: Unable to load plugin properties.
2014/10/07 15:31:08 - 	at org.pentaho.di.core.hadoop.HadoopConfigurationBootstrap.getPluginProperties(HadoopConfigurationBootstrap.java:163)
2014/10/07 15:31:08 - 	at org.penta
...[truncated 68132 chars]...
used by: org.pentaho.di.core.exception.KettleException: 
2014/10/07 15:31:13 - Error locating plugin. Please make sure the Plugin Registry has been initialized.
2014/10/07 15:31:13 - 
2014/10/07 15:31:13 - 	at org.pentaho.di.core.hadoop.HadoopConfigurationBootstrap.getPluginInterface(HadoopConfigurationBootstrap.java:178)
2014/10/07 15:31:13 - 	at org.pentaho.di.core.hadoop.HadoopConfigurationBootstrap.getPluginProperties(HadoopConfigurationBootstrap.java:161)
2014/10/07 15:31:13 - 	... 33 more
</stderr><stdout>Attempting to load ESAPI.properties via file I/O.
Attempting to load ESAPI.properties as resource file via file I/O.
Not found in 'org.owasp.esapi.resources' directory or file not readable: /build/hudson/jobs/pentaho-big-data-plugin/workspace/ESAPI.properties
Not found in SystemResource Directory/resourceDirectory: .esapi/ESAPI.properties
Not found in 'user.home' (/home/tomcat) directory: /home/tomcat/esapi/ESAPI.properties
Loading ESAPI.properties via file I/O failed. Exception was: java.io.Fil
...[truncated 953 chars]...
va.lang.IllegalArgumentException: Failed to load ESAPI.properties as a classloader resource.
SecurityConfiguration for Logger.LogServerIP not either "true" or "false" in ESAPI.properties. Using default: true
2014/10/07 15:31:10 - H2Repo - Starting to create or modify the repository tables...
2014/10/07 15:31:10 - H2Repo - Created 46 repository tables.
2014/10/07 15:31:12 - H2Repo - Starting to create or modify the repository tables...
2014/10/07 15:31:12 - H2Repo - Created 46 repository tables.
</stdout></case><duration>5.361</duration><name>org.pentaho.di.job.entries.sqoop.SqoopExportJobEntryTest</name><stderr>2014/10/07 15:31:08 - ERROR (version TRUNK-SNAPSHOT, build 1 from 2014-10-07 15.17.50 by tomcat) : Error loading Hadoop connection information
2014/10/07 15:31:08 - ERROR (version TRUNK-SNAPSHOT, build 1 from 2014-10-07 15.17.50 by tomcat) : org.pentaho.hadoop.shim.ConfigurationException: Unable to load plugin properties.
2014/10/07 15:31:08 - 	at org.pentaho.di.core.hadoop.HadoopConfigurationBootstrap.getPluginProperties(HadoopConfigurationBootstrap.java:163)
2014/10/07 15:31:08 - 	at org.penta
...[truncated 68132 chars]...
used by: org.pentaho.di.core.exception.KettleException: 
2014/10/07 15:31:13 - Error locating plugin. Please make sure the Plugin Registry has been initialized.
2014/10/07 15:31:13 - 
2014/10/07 15:31:13 - 	at org.pentaho.di.core.hadoop.HadoopConfigurationBootstrap.getPluginInterface(HadoopConfigurationBootstrap.java:178)
2014/10/07 15:31:13 - 	at org.pentaho.di.core.hadoop.HadoopConfigurationBootstrap.getPluginProperties(HadoopConfigurationBootstrap.java:161)
2014/10/07 15:31:13 - 	... 33 more
</stderr><stdout>Attempting to load ESAPI.properties via file I/O.
Attempting to load ESAPI.properties as resource file via file I/O.
Not found in 'org.owasp.esapi.resources' directory or file not readable: /build/hudson/jobs/pentaho-big-data-plugin/workspace/ESAPI.properties
Not found in SystemResource Directory/resourceDirectory: .esapi/ESAPI.properties
Not found in 'user.home' (/home/tomcat) directory: /home/tomcat/esapi/ESAPI.properties
Loading ESAPI.properties via file I/O failed. Exception was: java.io.Fil
...[truncated 953 chars]...
va.lang.IllegalArgumentException: Failed to load ESAPI.properties as a classloader resource.
SecurityConfiguration for Logger.LogServerIP not either "true" or "false" in ESAPI.properties. Using default: true
2014/10/07 15:31:10 - H2Repo - Starting to create or modify the repository tables...
2014/10/07 15:31:10 - H2Repo - Created 46 repository tables.
2014/10/07 15:31:12 - H2Repo - Starting to create or modify the repository tables...
2014/10/07 15:31:12 - H2Repo - Created 46 repository tables.
</stdout><timestamp>2014-10-07T19:31:07</timestamp></suite><suite><case><age>0</age><className>org.pentaho.di.job.entries.sqoop.SqoopImportConfigTest</className><duration>0.114</duration><failedSince>0</failedSince><name>getAdvancedArgumentsList</name><skipped>false</skipped><status>PASSED</status><stderr></stderr><stdout></stdout></case><duration>0.114</duration><name>org.pentaho.di.job.entries.sqoop.SqoopImportConfigTest</name><stderr></stderr><stdout></stdout><timestamp>2014-10-07T19:31:15</timestamp></suite><suite><case><age>0</age><className>org.pentaho.di.job.entries.sqoop.SqoopImportJobEntryTest</className><duration>2.621</duration><failedSince>0</failedSince><name>saveLoadTest_rep_advanced_options</name><skipped>false</skipped><status>PASSED</status><stderr></stderr><stdout>2014/10/07 15:31:18 - H2Repo - Starting to create or modify the repository tables...
2014/10/07 15:31:18 - H2Repo - Created 46 repository tables.
Attempting to load ESAPI.properties via file I/O.
Attempting to load ESAPI.properties as resource file via file I/O.
Not found in 'org.owasp.esapi.resources' directory or file not readable: /build/hudson/jobs/pentaho-big-data-plugin/workspace/ESAPI.properties
Not found in SystemResource Directory/resourceDirectory: .esapi/ESAPI.properties
Not found in 
...[truncated 953 chars]...
ailed.
Attempting to load validation.properties via the classpath.
validation.properties could not be loaded by any means. fail. Exception was: java.lang.IllegalArgumentException: Failed to load ESAPI.properties as a classloader resource.
SecurityConfiguration for Logger.LogServerIP not either "true" or "false" in ESAPI.properties. Using default: true
2014/10/07 15:31:19 - H2Repo - Starting to create or modify the repository tables...
2014/10/07 15:31:20 - H2Repo - Created 46 repository tables.
</stdout></case><case><age>0</age><className>org.pentaho.di.job.entries.sqoop.SqoopImportJobEntryTest</className><duration>0.0010</duration><failedSince>0</failedSince><name>setJobResultFailed</name><skipped>false</skipped><status>PASSED</status><stderr></stderr><stdout>2014/10/07 15:31:18 - H2Repo - Starting to create or modify the repository tables...
2014/10/07 15:31:18 - H2Repo - Created 46 repository tables.
Attempting to load ESAPI.properties via file I/O.
Attempting to load ESAPI.properties as resource file via file I/O.
Not found in 'org.owasp.esapi.resources' directory or file not readable: /build/hudson/jobs/pentaho-big-data-plugin/workspace/ESAPI.properties
Not found in SystemResource Directory/resourceDirectory: .esapi/ESAPI.properties
Not found in 
...[truncated 953 chars]...
ailed.
Attempting to load validation.properties via the classpath.
validation.properties could not be loaded by any means. fail. Exception was: java.lang.IllegalArgumentException: Failed to load ESAPI.properties as a classloader resource.
SecurityConfiguration for Logger.LogServerIP not either "true" or "false" in ESAPI.properties. Using default: true
2014/10/07 15:31:19 - H2Repo - Starting to create or modify the repository tables...
2014/10/07 15:31:20 - H2Repo - Created 46 repository tables.
</stdout></case><case><age>0</age><className>org.pentaho.di.job.entries.sqoop.SqoopImportJobEntryTest</className><duration>0.146</duration><failedSince>0</failedSince><name>configure</name><skipped>false</skipped><status>PASSED</status><stderr></stderr><stdout>2014/10/07 15:31:18 - H2Repo - Starting to create or modify the repository tables...
2014/10/07 15:31:18 - H2Repo - Created 46 repository tables.
Attempting to load ESAPI.properties via file I/O.
Attempting to load ESAPI.properties as resource file via file I/O.
Not found in 'org.owasp.esapi.resources' directory or file not readable: /build/hudson/jobs/pentaho-big-data-plugin/workspace/ESAPI.properties
Not found in SystemResource Directory/resourceDirectory: .esapi/ESAPI.properties
Not found in 
...[truncated 953 chars]...
ailed.
Attempting to load validation.properties via the classpath.
validation.properties could not be loaded by any means. fail. Exception was: java.lang.IllegalArgumentException: Failed to load ESAPI.properties as a classloader resource.
SecurityConfiguration for Logger.LogServerIP not either "true" or "false" in ESAPI.properties. Using default: true
2014/10/07 15:31:19 - H2Repo - Starting to create or modify the repository tables...
2014/10/07 15:31:20 - H2Repo - Created 46 repository tables.
</stdout></case><case><age>0</age><className>org.pentaho.di.job.entries.sqoop.SqoopImportJobEntryTest</className><duration>0.0080</duration><failedSince>0</failedSince><name>attachAndRemoveLoggingAppenders</name><skipped>false</skipped><status>PASSED</status><stderr></stderr><stdout>2014/10/07 15:31:18 - H2Repo - Starting to create or modify the repository tables...
2014/10/07 15:31:18 - H2Repo - Created 46 repository tables.
Attempting to load ESAPI.properties via file I/O.
Attempting to load ESAPI.properties as resource file via file I/O.
Not found in 'org.owasp.esapi.resources' directory or file not readable: /build/hudson/jobs/pentaho-big-data-plugin/workspace/ESAPI.properties
Not found in SystemResource Directory/resourceDirectory: .esapi/ESAPI.properties
Not found in 
...[truncated 953 chars]...
ailed.
Attempting to load validation.properties via the classpath.
validation.properties could not be loaded by any means. fail. Exception was: java.lang.IllegalArgumentException: Failed to load ESAPI.properties as a classloader resource.
SecurityConfiguration for Logger.LogServerIP not either "true" or "false" in ESAPI.properties. Using default: true
2014/10/07 15:31:19 - H2Repo - Starting to create or modify the repository tables...
2014/10/07 15:31:20 - H2Repo - Created 46 repository tables.
</stdout></case><case><age>0</age><className>org.pentaho.di.job.entries.sqoop.SqoopImportJobEntryTest</className><duration>0.0020</duration><failedSince>0</failedSince><name>getToolName</name><skipped>false</skipped><status>PASSED</status><stderr></stderr><stdout>2014/10/07 15:31:18 - H2Repo - Starting to create or modify the repository tables...
2014/10/07 15:31:18 - H2Repo - Created 46 repository tables.
Attempting to load ESAPI.properties via file I/O.
Attempting to load ESAPI.properties as resource file via file I/O.
Not found in 'org.owasp.esapi.resources' directory or file not readable: /build/hudson/jobs/pentaho-big-data-plugin/workspace/ESAPI.properties
Not found in SystemResource Directory/resourceDirectory: .esapi/ESAPI.properties
Not found in 
...[truncated 953 chars]...
ailed.
Attempting to load validation.properties via the classpath.
validation.properties could not be loaded by any means. fail. Exception was: java.lang.IllegalArgumentException: Failed to load ESAPI.properties as a classloader resource.
SecurityConfiguration for Logger.LogServerIP not either "true" or "false" in ESAPI.properties. Using default: true
2014/10/07 15:31:19 - H2Repo - Starting to create or modify the repository tables...
2014/10/07 15:31:20 - H2Repo - Created 46 repository tables.
</stdout></case><case><age>0</age><className>org.pentaho.di.job.entries.sqoop.SqoopImportJobEntryTest</className><duration>0.0010</duration><failedSince>0</failedSince><name>buildSqoopConfig</name><skipped>false</skipped><status>PASSED</status><stderr></stderr><stdout>2014/10/07 15:31:18 - H2Repo - Starting to create or modify the repository tables...
2014/10/07 15:31:18 - H2Repo - Created 46 repository tables.
Attempting to load ESAPI.properties via file I/O.
Attempting to load ESAPI.properties as resource file via file I/O.
Not found in 'org.owasp.esapi.resources' directory or file not readable: /build/hudson/jobs/pentaho-big-data-plugin/workspace/ESAPI.properties
Not found in SystemResource Directory/resourceDirectory: .esapi/ESAPI.properties
Not found in 
...[truncated 953 chars]...
ailed.
Attempting to load validation.properties via the classpath.
validation.properties could not be loaded by any means. fail. Exception was: java.lang.IllegalArgumentException: Failed to load ESAPI.properties as a classloader resource.
SecurityConfiguration for Logger.LogServerIP not either "true" or "false" in ESAPI.properties. Using default: true
2014/10/07 15:31:19 - H2Repo - Starting to create or modify the repository tables...
2014/10/07 15:31:20 - H2Repo - Created 46 repository tables.
</stdout></case><case><age>0</age><className>org.pentaho.di.job.entries.sqoop.SqoopImportJobEntryTest</className><duration>0.02</duration><failedSince>0</failedSince><name>saveLoadTest_xml</name><skipped>false</skipped><status>PASSED</status><stderr></stderr><stdout>2014/10/07 15:31:18 - H2Repo - Starting to create or modify the repository tables...
2014/10/07 15:31:18 - H2Repo - Created 46 repository tables.
Attempting to load ESAPI.properties via file I/O.
Attempting to load ESAPI.properties as resource file via file I/O.
Not found in 'org.owasp.esapi.resources' directory or file not readable: /build/hudson/jobs/pentaho-big-data-plugin/workspace/ESAPI.properties
Not found in SystemResource Directory/resourceDirectory: .esapi/ESAPI.properties
Not found in 
...[truncated 953 chars]...
ailed.
Attempting to load validation.properties via the classpath.
validation.properties could not be loaded by any means. fail. Exception was: java.lang.IllegalArgumentException: Failed to load ESAPI.properties as a classloader resource.
SecurityConfiguration for Logger.LogServerIP not either "true" or "false" in ESAPI.properties. Using default: true
2014/10/07 15:31:19 - H2Repo - Starting to create or modify the repository tables...
2014/10/07 15:31:20 - H2Repo - Created 46 repository tables.
</stdout></case><case><age>0</age><className>org.pentaho.di.job.entries.sqoop.SqoopImportJobEntryTest</className><duration>0.014</duration><failedSince>0</failedSince><name>saveLoadTest_xml_advanced_options</name><skipped>false</skipped><status>PASSED</status><stderr></stderr><stdout>2014/10/07 15:31:18 - H2Repo - Starting to create or modify the repository tables...
2014/10/07 15:31:18 - H2Repo - Created 46 repository tables.
Attempting to load ESAPI.properties via file I/O.
Attempting to load ESAPI.properties as resource file via file I/O.
Not found in 'org.owasp.esapi.resources' directory or file not readable: /build/hudson/jobs/pentaho-big-data-plugin/workspace/ESAPI.properties
Not found in SystemResource Directory/resourceDirectory: .esapi/ESAPI.properties
Not found in 
...[truncated 953 chars]...
ailed.
Attempting to load validation.properties via the classpath.
validation.properties could not be loaded by any means. fail. Exception was: java.lang.IllegalArgumentException: Failed to load ESAPI.properties as a classloader resource.
SecurityConfiguration for Logger.LogServerIP not either "true" or "false" in ESAPI.properties. Using default: true
2014/10/07 15:31:19 - H2Repo - Starting to create or modify the repository tables...
2014/10/07 15:31:20 - H2Repo - Created 46 repository tables.
</stdout></case><case><age>0</age><className>org.pentaho.di.job.entries.sqoop.SqoopImportJobEntryTest</className><duration>0.785</duration><failedSince>0</failedSince><name>saveLoadTest_rep</name><skipped>false</skipped><status>PASSED</status><stderr></stderr><stdout>2014/10/07 15:31:18 - H2Repo - Starting to create or modify the repository tables...
2014/10/07 15:31:18 - H2Repo - Created 46 repository tables.
Attempting to load ESAPI.properties via file I/O.
Attempting to load ESAPI.properties as resource file via file I/O.
Not found in 'org.owasp.esapi.resources' directory or file not readable: /build/hudson/jobs/pentaho-big-data-plugin/workspace/ESAPI.properties
Not found in SystemResource Directory/resourceDirectory: .esapi/ESAPI.properties
Not found in 
...[truncated 953 chars]...
ailed.
Attempting to load validation.properties via the classpath.
validation.properties could not be loaded by any means. fail. Exception was: java.lang.IllegalArgumentException: Failed to load ESAPI.properties as a classloader resource.
SecurityConfiguration for Logger.LogServerIP not either "true" or "false" in ESAPI.properties. Using default: true
2014/10/07 15:31:19 - H2Repo - Starting to create or modify the repository tables...
2014/10/07 15:31:20 - H2Repo - Created 46 repository tables.
</stdout></case><duration>3.5979998</duration><name>org.pentaho.di.job.entries.sqoop.SqoopImportJobEntryTest</name><stderr></stderr><stdout>2014/10/07 15:31:18 - H2Repo - Starting to create or modify the repository tables...
2014/10/07 15:31:18 - H2Repo - Created 46 repository tables.
Attempting to load ESAPI.properties via file I/O.
Attempting to load ESAPI.properties as resource file via file I/O.
Not found in 'org.owasp.esapi.resources' directory or file not readable: /build/hudson/jobs/pentaho-big-data-plugin/workspace/ESAPI.properties
Not found in SystemResource Directory/resourceDirectory: .esapi/ESAPI.properties
Not found in 
...[truncated 953 chars]...
ailed.
Attempting to load validation.properties via the classpath.
validation.properties could not be loaded by any means. fail. Exception was: java.lang.IllegalArgumentException: Failed to load ESAPI.properties as a classloader resource.
SecurityConfiguration for Logger.LogServerIP not either "true" or "false" in ESAPI.properties. Using default: true
2014/10/07 15:31:19 - H2Repo - Starting to create or modify the repository tables...
2014/10/07 15:31:20 - H2Repo - Created 46 repository tables.
</stdout><timestamp>2014-10-07T19:31:16</timestamp></suite><suite><case><age>0</age><className>org.pentaho.di.job.entries.sqoop.SqoopUtilsTest</className><duration>0.049</duration><failedSince>0</failedSince><name>getCommandLineArgs_boolean</name><skipped>false</skipped><status>PASSED</status><stderr></stderr><stdout>sqoop import --connect jdbc:mysql://db.foo.com/corp --table EMPLOYEES --fields-terminated-by '\t' --lines-terminated-by '\n' --optionally-enclosed-by '\"${}' --driver com.microsoft.jdbc.sqlserver.SQLServerDriver
</stdout></case><case><age>0</age><className>org.pentaho.di.job.entries.sqoop.SqoopUtilsTest</className><duration>0.022</duration><failedSince>0</failedSince><name>getCommandLineArgs_variable_replace</name><skipped>false</skipped><status>PASSED</status><stderr></stderr><stdout>sqoop import --connect jdbc:mysql://db.foo.com/corp --table EMPLOYEES --fields-terminated-by '\t' --lines-terminated-by '\n' --optionally-enclosed-by '\"${}' --driver com.microsoft.jdbc.sqlserver.SQLServerDriver
</stdout></case><case><age>0</age><className>org.pentaho.di.job.entries.sqoop.SqoopUtilsTest</className><duration>0.015</duration><failedSince>0</failedSince><name>getCommandLineArgs_variable_replace_flag</name><skipped>false</skipped><status>PASSED</status><stderr></stderr><stdout>sqoop import --connect jdbc:mysql://db.foo.com/corp --table EMPLOYEES --fields-terminated-by '\t' --lines-terminated-by '\n' --optionally-enclosed-by '\"${}' --driver com.microsoft.jdbc.sqlserver.SQLServerDriver
</stdout></case><case><age>0</age><className>org.pentaho.di.job.entries.sqoop.SqoopUtilsTest</className><duration>0.01</duration><failedSince>0</failedSince><name>generateCommandLineString_password</name><skipped>false</skipped><status>PASSED</status><stderr></stderr><stdout>sqoop import --connect jdbc:mysql://db.foo.com/corp --table EMPLOYEES --fields-terminated-by '\t' --lines-terminated-by '\n' --optionally-enclosed-by '\"${}' --driver com.microsoft.jdbc.sqlserver.SQLServerDriver
</stdout></case><case><age>0</age><className>org.pentaho.di.job.entries.sqoop.SqoopUtilsTest</className><duration>0.013</duration><failedSince>0</failedSince><name>generateCommandLineString_variables</name><skipped>false</skipped><status>PASSED</status><stderr></stderr><stdout>sqoop import --connect jdbc:mysql://db.foo.com/corp --table EMPLOYEES --fields-terminated-by '\t' --lines-terminated-by '\n' --optionally-enclosed-by '\"${}' --driver com.microsoft.jdbc.sqlserver.SQLServerDriver
</stdout></case><case><age>0</age><className>org.pentaho.di.job.entries.sqoop.SqoopUtilsTest</className><duration>0.0010</duration><failedSince>0</failedSince><name>escapeEscapeSequences</name><skipped>false</skipped><status>PASSED</status><stderr></stderr><stdout>sqoop import --connect jdbc:mysql://db.foo.com/corp --table EMPLOYEES --fields-terminated-by '\t' --lines-terminated-by '\n' --optionally-enclosed-by '\"${}' --driver com.microsoft.jdbc.sqlserver.SQLServerDriver
</stdout></case><case><age>0</age><className>org.pentaho.di.job.entries.sqoop.SqoopUtilsTest</className><duration>0.0090</duration><failedSince>0</failedSince><name>configureFromCommandLine</name><skipped>false</skipped><status>PASSED</status><stderr></stderr><stdout>sqoop import --connect jdbc:mysql://db.foo.com/corp --table EMPLOYEES --fields-terminated-by '\t' --lines-terminated-by '\n' --optionally-enclosed-by '\"${}' --driver com.microsoft.jdbc.sqlserver.SQLServerDriver
</stdout></case><case><age>0</age><className>org.pentaho.di.job.entries.sqoop.SqoopUtilsTest</className><duration>0.064</duration><failedSince>0</failedSince><name>configureFromCommandLine_no_shorthand_password</name><skipped>false</skipped><status>PASSED</status><stderr></stderr><stdout>sqoop import --connect jdbc:mysql://db.foo.com/corp --table EMPLOYEES --fields-terminated-by '\t' --lines-terminated-by '\n' --optionally-enclosed-by '\"${}' --driver com.microsoft.jdbc.sqlserver.SQLServerDriver
</stdout></case><case><age>0</age><className>org.pentaho.di.job.entries.sqoop.SqoopUtilsTest</className><duration>0.018</duration><failedSince>0</failedSince><name>configureFromCommandLine_roundtrip</name><skipped>false</skipped><status>PASSED</status><stderr></stderr><stdout>sqoop import --connect jdbc:mysql://db.foo.com/corp --table EMPLOYEES --fields-terminated-by '\t' --lines-terminated-by '\n' --optionally-enclosed-by '\"${}' --driver com.microsoft.jdbc.sqlserver.SQLServerDriver
</stdout></case><case><age>0</age><className>org.pentaho.di.job.entries.sqoop.SqoopUtilsTest</className><duration>0.0010</duration><failedSince>0</failedSince><name>configureFromCommandLine_with_an_empty_string</name><skipped>false</skipped><status>PASSED</status><stderr></stderr><stdout>sqoop import --connect jdbc:mysql://db.foo.com/corp --table EMPLOYEES --fields-terminated-by '\t' --lines-terminated-by '\n' --optionally-enclosed-by '\"${}' --driver com.microsoft.jdbc.sqlserver.SQLServerDriver
</stdout></case><case><age>0</age><className>org.pentaho.di.job.entries.sqoop.SqoopUtilsTest</className><duration>0.0090</duration><failedSince>0</failedSince><name>configureFromCommandLine_with_a_string_of_spaces</name><skipped>false</skipped><status>PASSED</status><stderr></stderr><stdout>sqoop import --connect jdbc:mysql://db.foo.com/corp --table EMPLOYEES --fields-terminated-by '\t' --lines-terminated-by '\n' --optionally-enclosed-by '\"${}' --driver com.microsoft.jdbc.sqlserver.SQLServerDriver
</stdout></case><case><age>0</age><className>org.pentaho.di.job.entries.sqoop.SqoopUtilsTest</className><duration>0.0050</duration><failedSince>0</failedSince><name>findAllArguments</name><skipped>false</skipped><status>PASSED</status><stderr></stderr><stdout>sqoop import --connect jdbc:mysql://db.foo.com/corp --table EMPLOYEES --fields-terminated-by '\t' --lines-terminated-by '\n' --optionally-enclosed-by '\"${}' --driver com.microsoft.jdbc.sqlserver.SQLServerDriver
</stdout></case><case><age>0</age><className>org.pentaho.di.job.entries.sqoop.SqoopUtilsTest</className><duration>0.015</duration><failedSince>0</failedSince><name>getCommandLineArgs_empty</name><skipped>false</skipped><status>PASSED</status><stderr></stderr><stdout>sqoop import --connect jdbc:mysql://db.foo.com/corp --table EMPLOYEES --fields-terminated-by '\t' --lines-terminated-by '\n' --optionally-enclosed-by '\"${}' --driver com.microsoft.jdbc.sqlserver.SQLServerDriver
</stdout></case><case><age>0</age><className>org.pentaho.di.job.entries.sqoop.SqoopUtilsTest</className><duration>0.0020</duration><failedSince>0</failedSince><name>parseCommandLine_import_with_delimiters</name><skipped>false</skipped><status>PASSED</status><stderr></stderr><stdout>sqoop import --connect jdbc:mysql://db.foo.com/corp --table EMPLOYEES --fields-terminated-by '\t' --lines-terminated-by '\n' --optionally-enclosed-by '\"${}' --driver com.microsoft.jdbc.sqlserver.SQLServerDriver
</stdout></case><case><age>0</age><className>org.pentaho.di.job.entries.sqoop.SqoopUtilsTest</className><duration>0.0060</duration><failedSince>0</failedSince><name>generateCommandLineString</name><skipped>false</skipped><status>PASSED</status><stderr></stderr><stdout>sqoop import --connect jdbc:mysql://db.foo.com/corp --table EMPLOYEES --fields-terminated-by '\t' --lines-terminated-by '\n' --optionally-enclosed-by '\"${}' --driver com.microsoft.jdbc.sqlserver.SQLServerDriver
</stdout></case><case><age>0</age><className>org.pentaho.di.job.entries.sqoop.SqoopUtilsTest</className><duration>0.0060</duration><failedSince>0</failedSince><name>generateCommandLineString_ignoringEmptyStringParameter</name><skipped>false</skipped><status>PASSED</status><stderr></stderr><stdout>sqoop import --connect jdbc:mysql://db.foo.com/corp --table EMPLOYEES --fields-terminated-by '\t' --lines-terminated-by '\n' --optionally-enclosed-by '\"${}' --driver com.microsoft.jdbc.sqlserver.SQLServerDriver
</stdout></case><case><age>0</age><className>org.pentaho.di.job.entries.sqoop.SqoopUtilsTest</className><duration>0.0070</duration><failedSince>0</failedSince><name>generateCommandLineString_notIgnoringStringOfSpaces</name><skipped>false</skipped><status>PASSED</status><stderr></stderr><stdout>sqoop import --connect jdbc:mysql://db.foo.com/corp --table EMPLOYEES --fields-terminated-by '\t' --lines-terminated-by '\n' --optionally-enclosed-by '\"${}' --driver com.microsoft.jdbc.sqlserver.SQLServerDriver
</stdout></case><case><age>0</age><className>org.pentaho.di.job.entries.sqoop.SqoopUtilsTest</className><duration>0.0010</duration><failedSince>0</failedSince><name>findMethod</name><skipped>false</skipped><status>PASSED</status><stderr></stderr><stdout>sqoop import --connect jdbc:mysql://db.foo.com/corp --table EMPLOYEES --fields-terminated-by '\t' --lines-terminated-by '\n' --optionally-enclosed-by '\"${}' --driver com.microsoft.jdbc.sqlserver.SQLServerDriver
</stdout></case><case><age>0</age><className>org.pentaho.di.job.entries.sqoop.SqoopUtilsTest</className><duration>0.0</duration><failedSince>0</failedSince><name>parseCommandLine_numericArgs</name><skipped>false</skipped><status>PASSED</status><stderr></stderr><stdout>sqoop import --connect jdbc:mysql://db.foo.com/corp --table EMPLOYEES --fields-terminated-by '\t' --lines-terminated-by '\n' --optionally-enclosed-by '\"${}' --driver com.microsoft.jdbc.sqlserver.SQLServerDriver
</stdout></case><case><age>0</age><className>org.pentaho.di.job.entries.sqoop.SqoopUtilsTest</className><duration>0.0010</duration><failedSince>0</failedSince><name>getCommandLineArgs_command_line_string</name><skipped>false</skipped><status>PASSED</status><stderr></stderr><stdout>sqoop import --connect jdbc:mysql://db.foo.com/corp --table EMPLOYEES --fields-terminated-by '\t' --lines-terminated-by '\n' --optionally-enclosed-by '\"${}' --driver com.microsoft.jdbc.sqlserver.SQLServerDriver
</stdout></case><case><age>0</age><className>org.pentaho.di.job.entries.sqoop.SqoopUtilsTest</className><duration>0.0010</duration><failedSince>0</failedSince><name>parseCommandLine</name><skipped>false</skipped><status>PASSED</status><stderr></stderr><stdout>sqoop import --connect jdbc:mysql://db.foo.com/corp --table EMPLOYEES --fields-terminated-by '\t' --lines-terminated-by '\n' --optionally-enclosed-by '\"${}' --driver com.microsoft.jdbc.sqlserver.SQLServerDriver
</stdout></case><case><age>0</age><className>org.pentaho.di.job.entries.sqoop.SqoopUtilsTest</className><duration>0.0010</duration><failedSince>0</failedSince><name>parseCommandLine_variables</name><skipped>false</skipped><status>PASSED</status><stderr></stderr><stdout>sqoop import --connect jdbc:mysql://db.foo.com/corp --table EMPLOYEES --fields-terminated-by '\t' --lines-terminated-by '\n' --optionally-enclosed-by '\"${}' --driver com.microsoft.jdbc.sqlserver.SQLServerDriver
</stdout></case><duration>0.25599995</duration><name>org.pentaho.di.job.entries.sqoop.SqoopUtilsTest</name><stderr></stderr><stdout>sqoop import --connect jdbc:mysql://db.foo.com/corp --table EMPLOYEES --fields-terminated-by '\t' --lines-terminated-by '\n' --optionally-enclosed-by '\"${}' --driver com.microsoft.jdbc.sqlserver.SQLServerDriver
</stdout><timestamp>2014-10-07T19:31:21</timestamp></suite><suite><case><age>0</age><className>org.pentaho.di.plugin.AnnotatedStepJobLocalizationTest</className><duration>0.128</duration><failedSince>0</failedSince><name>test</name><skipped>false</skipped><status>PASSED</status><stderr></stderr><stdout>Root classes URL:file:/build/hudson/jobs/pentaho-big-data-plugin/workspace/bin/test/instrumented-classes/org/pentaho/
Testing Annotated Step Localization for:org.pentaho.di.trans.steps.couchdbinput.CouchDbInputMeta
Testing Annotated Step Localization for:org.pentaho.di.trans.steps.hbaseoutput.HBaseOutputMeta
Testing Annotated Step Localization for:org.pentaho.di.trans.steps.avroinput.AvroInputMeta
Testing Annotated Step Localization for:org.pentaho.di.trans.steps.hadoopfileinput.HadoopFileInputM
...[truncated 1065 chars]...
:org.pentaho.di.job.entries.hadoopjobexecutor.JobEntryHadoopJobExecutor
Testing Annotated Job Entry Localization for:org.pentaho.amazon.hive.job.AmazonHiveJobExecutor
Testing Annotated Job Entry Localization for:org.pentaho.di.job.entries.hadoopcopyfiles.JobEntryHadoopCopyFiles
Testing Annotated Job Entry Localization for:org.pentaho.di.job.entries.pig.JobEntryPigScriptExecutor
Testing Annotated Job Entry Localization for:org.pentaho.di.job.entries.sqoop.SqoopImportJobEntry
Job Entries tested:9
</stdout></case><duration>0.128</duration><name>org.pentaho.di.plugin.AnnotatedStepJobLocalizationTest</name><stderr></stderr><stdout>Root classes URL:file:/build/hudson/jobs/pentaho-big-data-plugin/workspace/bin/test/instrumented-classes/org/pentaho/
Testing Annotated Step Localization for:org.pentaho.di.trans.steps.couchdbinput.CouchDbInputMeta
Testing Annotated Step Localization for:org.pentaho.di.trans.steps.hbaseoutput.HBaseOutputMeta
Testing Annotated Step Localization for:org.pentaho.di.trans.steps.avroinput.AvroInputMeta
Testing Annotated Step Localization for:org.pentaho.di.trans.steps.hadoopfileinput.HadoopFileInputM
...[truncated 1065 chars]...
:org.pentaho.di.job.entries.hadoopjobexecutor.JobEntryHadoopJobExecutor
Testing Annotated Job Entry Localization for:org.pentaho.amazon.hive.job.AmazonHiveJobExecutor
Testing Annotated Job Entry Localization for:org.pentaho.di.job.entries.hadoopcopyfiles.JobEntryHadoopCopyFiles
Testing Annotated Job Entry Localization for:org.pentaho.di.job.entries.pig.JobEntryPigScriptExecutor
Testing Annotated Job Entry Localization for:org.pentaho.di.job.entries.sqoop.SqoopImportJobEntry
Job Entries tested:9
</stdout><timestamp>2014-10-07T19:31:23</timestamp></suite><suite><case><age>0</age><className>org.pentaho.di.trans.steps.avroinput.AvroInputTest</className><duration>0.297</duration><failedSince>0</failedSince><name>testGetLeafFieldsFromSchema</name><skipped>false</skipped><status>PASSED</status><stderr></stderr><stdout></stdout></case><case><age>0</age><className>org.pentaho.di.trans.steps.avroinput.AvroInputTest</className><duration>0.033</duration><failedSince>0</failedSince><name>testGetSimpleTopLevelRecordFieldsInteger</name><skipped>false</skipped><status>PASSED</status><stderr></stderr><stdout></stdout></case><case><age>0</age><className>org.pentaho.di.trans.steps.avroinput.AvroInputTest</className><duration>0.0090</duration><failedSince>0</failedSince><name>testDecodeUsingSchemaInIncomingFieldIncompatibleSchema</name><skipped>false</skipped><status>PASSED</status><stderr></stderr><stdout></stdout></case><case><age>0</age><className>org.pentaho.di.trans.steps.avroinput.AvroInputTest</className><duration>0.0050</duration><failedSince>0</failedSince><name>testDecodeUsingSchemaInIncomingFieldCacheSchemas</name><skipped>false</skipped><status>PASSED</status><stderr></stderr><stdout></stdout></case><case><age>0</age><className>org.pentaho.di.trans.steps.avroinput.AvroInputTest</className><duration>0.0050</duration><failedSince>0</failedSince><name>testDecodeUsingSchemaInIncomingFieldTwoDifferentSchemas</name><skipped>false</skipped><status>PASSED</status><stderr></stderr><stdout></stdout></case><case><age>0</age><className>org.pentaho.di.trans.steps.avroinput.AvroInputTest</className><duration>0.0060</duration><failedSince>0</failedSince><name>testDecodeUsingSchemaInIncomingFieldTwoDifferentSchemasDontComplainAboutMissingField</name><skipped>false</skipped><status>PASSED</status><stderr></stderr><stdout></stdout></case><case><age>0</age><className>org.pentaho.di.trans.steps.avroinput.AvroInputTest</className><duration>0.0050</duration><failedSince>0</failedSince><name>testDecodeUsingSchemaInIncomingFieldFallbackToDefaultSchema</name><skipped>false</skipped><status>PASSED</status><stderr></stderr><stdout></stdout></case><case><age>0</age><className>org.pentaho.di.trans.steps.avroinput.AvroInputTest</className><duration>0.01</duration><failedSince>0</failedSince><name>testConvertToKettleRowManyFields</name><skipped>false</skipped><status>PASSED</status><stderr></stderr><stdout></stdout></case><case><age>0</age><className>org.pentaho.di.trans.steps.avroinput.AvroInputTest</className><duration>0.0090</duration><failedSince>0</failedSince><name>testGetNonExistentFieldFromTopLevelRecord</name><skipped>false</skipped><status>PASSED</status><stderr></stderr><stdout></stdout></case><case><age>0</age><className>org.pentaho.di.trans.steps.avroinput.AvroInputTest</className><duration>0.0020</duration><failedSince>0</failedSince><name>testGetTopLevelRecordArrayElement</name><skipped>false</skipped><status>PASSED</status><stderr></stderr><stdout></stdout></case><case><age>0</age><className>org.pentaho.di.trans.steps.avroinput.AvroInputTest</className><duration>0.0010</duration><failedSince>0</failedSince><name>testGetTopLevelRecordPositiveIndexOutOfBoundsArrayElement</name><skipped>false</skipped><status>PASSED</status><stderr></stderr><stdout></stdout></case><case><age>0</age><className>org.pentaho.di.trans.steps.avroinput.AvroInputTest</className><duration>0.0020</duration><failedSince>0</failedSince><name>testGetTopLevelMapSimpleRecordField</name><skipped>false</skipped><status>PASSED</status><stderr></stderr><stdout></stdout></case><case><age>0</age><className>org.pentaho.di.trans.steps.avroinput.AvroInputTest</className><duration>0.0020</duration><failedSince>0</failedSince><name>testGetTopLevelMapArrayElementFromRecord</name><skipped>false</skipped><status>PASSED</status><stderr></stderr><stdout></stdout></case><case><age>0</age><className>org.pentaho.di.trans.steps.avroinput.AvroInputTest</className><duration>0.0020</duration><failedSince>0</failedSince><name>testGetNonExistentTopLevelMapEntry</name><skipped>false</skipped><status>PASSED</status><stderr></stderr><stdout></stdout></case><case><age>0</age><className>org.pentaho.di.trans.steps.avroinput.AvroInputTest</className><duration>0.0040</duration><failedSince>0</failedSince><name>testUnionHandling</name><skipped>false</skipped><status>PASSED</status><stderr></stderr><stdout></stdout></case><case><age>0</age><className>org.pentaho.di.trans.steps.avroinput.AvroInputTest</className><duration>0.0030</duration><failedSince>0</failedSince><name>testMultiTypeUnionHandling</name><skipped>false</skipped><status>PASSED</status><stderr></stderr><stdout></stdout></case><case><age>0</age><className>org.pentaho.di.trans.steps.avroinput.AvroInputTest</className><duration>0.0050</duration><failedSince>0</failedSince><name>testMapExpansion</name><skipped>false</skipped><status>PASSED</status><stderr></stderr><stdout></stdout></case><case><age>0</age><className>org.pentaho.di.trans.steps.avroinput.AvroInputTest</className><duration>0.0</duration><failedSince>0</failedSince><name>testLookupFieldInitializationNoRowMetaAvailable</name><skipped>false</skipped><status>PASSED</status><stderr></stderr><stdout></stdout></case><case><age>0</age><className>org.pentaho.di.trans.steps.avroinput.AvroInputTest</className><duration>0.0020</duration><failedSince>0</failedSince><name>testGetSimpleTopLevelRecordFieldsString</name><skipped>false</skipped><status>PASSED</status><stderr></stderr><stdout></stdout></case><case><age>0</age><className>org.pentaho.di.trans.steps.avroinput.AvroInputTest</className><duration>0.0040</duration><failedSince>0</failedSince><name>testTopLevelRecordWithFixedType</name><skipped>false</skipped><status>PASSED</status><stderr></stderr><stdout></stdout></case><case><age>0</age><className>org.pentaho.di.trans.steps.avroinput.AvroInputTest</className><duration>0.0020</duration><failedSince>0</failedSince><name>testSchemaWithTopLevelUnionAndNamedType</name><skipped>false</skipped><status>PASSED</status><stderr></stderr><stdout></stdout></case><case><age>0</age><className>org.pentaho.di.trans.steps.avroinput.AvroInputTest</className><duration>0.0040</duration><failedSince>0</failedSince><name>testDecodeUsingSchemaInIncomingField</name><skipped>false</skipped><status>PASSED</status><stderr></stderr><stdout></stdout></case><duration>0.412</duration><name>org.pentaho.di.trans.steps.avroinput.AvroInputTest</name><stderr></stderr><stdout></stdout><timestamp>2014-10-07T19:31:25</timestamp></suite><suite><case><age>0</age><className>org.pentaho.di.trans.steps.hadoopexit.HadoopExitMetaTest</className><duration>0.096</duration><failedSince>0</failedSince><name>getFields</name><skipped>false</skipped><status>PASSED</status><stderr></stderr><stdout></stdout></case><case><age>0</age><className>org.pentaho.di.trans.steps.hadoopexit.HadoopExitMetaTest</className><duration>0.0030</duration><failedSince>0</failedSince><name>getFields_invalid_key</name><skipped>false</skipped><status>PASSED</status><stderr></stderr><stdout></stdout></case><case><age>0</age><className>org.pentaho.di.trans.steps.hadoopexit.HadoopExitMetaTest</className><duration>0.0010</duration><failedSince>0</failedSince><name>getFields_invalid_value</name><skipped>false</skipped><status>PASSED</status><stderr></stderr><stdout></stdout></case><duration>0.1</duration><name>org.pentaho.di.trans.steps.hadoopexit.HadoopExitMetaTest</name><stderr></stderr><stdout></stdout><timestamp>2014-10-07T19:31:27</timestamp></suite><suite><case><age>0</age><className>org.pentaho.di.trans.steps.hbaseinput.HBaseInputTest</className><duration>1.638</duration><failedSince>0</failedSince><name>testFullTableScanSubsetOfColsInMapping</name><skipped>false</skipped><status>PASSED</status><stderr></stderr><stdout></stdout></case><case><age>0</age><className>org.pentaho.di.trans.steps.hbaseinput.HBaseInputTest</className><duration>1.471</duration><failedSince>0</failedSince><name>testTableScanFromLowerKeyBound</name><skipped>false</skipped><status>PASSED</status><stderr></stderr><stdout></stdout></case><case><age>0</age><className>org.pentaho.di.trans.steps.hbaseinput.HBaseInputTest</className><duration>0.405</duration><failedSince>0</failedSince><name>testTableScanLowerAndUpperKeyBounds</name><skipped>false</skipped><status>PASSED</status><stderr></stderr><stdout></stdout></case><case><age>0</age><className>org.pentaho.di.trans.steps.hbaseinput.HBaseInputTest</className><duration>0.465</duration><failedSince>0</failedSince><name>testTableScanEqualLowerAndUpperKeyBounds</name><skipped>false</skipped><status>PASSED</status><stderr></stderr><stdout></stdout></case><case><age>0</age><className>org.pentaho.di.trans.steps.hbaseinput.HBaseInputTest</className><duration>0.204</duration><failedSince>0</failedSince><name>testTableScanTupleMapping</name><skipped>false</skipped><status>PASSED</status><stderr></stderr><stdout></stdout></case><case><age>0</age><className>org.pentaho.di.trans.steps.hbaseinput.HBaseInputTest</className><duration>1.03</duration><failedSince>0</failedSince><name>testFullTableScanAllColsInMapping</name><skipped>false</skipped><status>PASSED</status><stderr></stderr><stdout></stdout></case><duration>5.2129993</duration><name>org.pentaho.di.trans.steps.hbaseinput.HBaseInputTest</name><stderr></stderr><stdout></stdout><timestamp>2014-10-07T19:31:29</timestamp></suite><suite><case><age>0</age><className>org.pentaho.di.trans.steps.hbaseoutput.HBaseOutputTest</className><duration>0.198</duration><failedSince>0</failedSince><name>testWrite</name><skipped>false</skipped><status>PASSED</status><stderr></stderr><stdout></stdout></case><case><age>0</age><className>org.pentaho.di.trans.steps.hbaseoutput.HBaseOutputTest</className><duration>0.0050</duration><failedSince>0</failedSince><name>testWriteNullRowKey</name><skipped>false</skipped><status>PASSED</status><stderr></stderr><stdout></stdout></case><duration>0.203</duration><name>org.pentaho.di.trans.steps.hbaseoutput.HBaseOutputTest</name><stderr></stderr><stdout></stdout><timestamp>2014-10-07T19:31:35</timestamp></suite><suite><case><age>0</age><className>org.pentaho.di.ui.job.entries.oozie.OozieJobExecutorControllerTest</className><duration>0.104</duration><failedSince>0</failedSince><name>testTestSettings_ErrorsFound</name><skipped>false</skipped><status>PASSED</status><stderr></stderr><stdout></stdout></case><case><age>0</age><className>org.pentaho.di.ui.job.entries.oozie.OozieJobExecutorControllerTest</className><duration>0.0070</duration><failedSince>0</failedSince><name>testTestSettings_NoErrors</name><skipped>false</skipped><status>PASSED</status><stderr></stderr><stdout></stdout></case><case><age>0</age><className>org.pentaho.di.ui.job.entries.oozie.OozieJobExecutorControllerTest</className><duration>0.0030</duration><failedSince>0</failedSince><name>testSyncModel_quickSetupMode</name><skipped>false</skipped><status>PASSED</status><stderr></stderr><stdout></stdout></case><case><age>0</age><className>org.pentaho.di.ui.job.entries.oozie.OozieJobExecutorControllerTest</className><duration>0.0090</duration><failedSince>0</failedSince><name>testSyncModel_advancedMode</name><skipped>false</skipped><status>PASSED</status><stderr></stderr><stdout></stdout></case><case><age>0</age><className>org.pentaho.di.ui.job.entries.oozie.OozieJobExecutorControllerTest</className><duration>0.0040</duration><failedSince>0</failedSince><name>testSyncModel_advanced_addedProp</name><skipped>false</skipped><status>PASSED</status><stderr></stderr><stdout></stdout></case><case><age>0</age><className>org.pentaho.di.ui.job.entries.oozie.OozieJobExecutorControllerTest</className><duration>0.0040</duration><failedSince>0</failedSince><name>testSyncModel_advanced_editProp</name><skipped>false</skipped><status>PASSED</status><stderr></stderr><stdout></stdout></case><case><age>0</age><className>org.pentaho.di.ui.job.entries.oozie.OozieJobExecutorControllerTest</className><duration>0.0070</duration><failedSince>0</failedSince><name>testToggleMode</name><skipped>false</skipped><status>PASSED</status><stderr></stderr><stdout></stdout></case><case><age>0</age><className>org.pentaho.di.ui.job.entries.oozie.OozieJobExecutorControllerTest</className><duration>0.0020</duration><failedSince>0</failedSince><name>testShouldUseAdvancedProperties_basicMode</name><skipped>false</skipped><status>PASSED</status><stderr></stderr><stdout></stdout></case><case><age>0</age><className>org.pentaho.di.ui.job.entries.oozie.OozieJobExecutorControllerTest</className><duration>0.0040</duration><failedSince>0</failedSince><name>testSetModeToggleLabel_JobEntryMode</name><skipped>false</skipped><status>PASSED</status><stderr></stderr><stdout></stdout></case><case><age>0</age><className>org.pentaho.di.ui.job.entries.oozie.OozieJobExecutorControllerTest</className><duration>0.0030</duration><failedSince>0</failedSince><name>testSetModeToggleLabel_UnsupportedJobEntryMode</name><skipped>false</skipped><status>PASSED</status><stderr></stderr><stdout></stdout></case><duration>0.14699998</duration><name>org.pentaho.di.ui.job.entries.oozie.OozieJobExecutorControllerTest</name><stderr></stderr><stdout></stdout><timestamp>2014-10-07T19:31:37</timestamp></suite><suite><case><age>0</age><className>org.pentaho.di.ui.job.entries.sqoop.AbstractSqoopJobEntryControllerTest</className><duration>0.146</duration><failedSince>0</failedSince><name>getSelectedDatabaseConnection</name><skipped>false</skipped><status>PASSED</status><stderr>2014/10/07 15:31:40 - ERROR (version TRUNK-SNAPSHOT, build 1 from 2014-10-07 15.17.50 by tomcat) : Error loading Hadoop connection information
2014/10/07 15:31:40 - ERROR (version TRUNK-SNAPSHOT, build 1 from 2014-10-07 15.17.50 by tomcat) : org.pentaho.hadoop.shim.ConfigurationException: Unable to load plugin properties.
2014/10/07 15:31:40 - 	at org.pentaho.di.core.hadoop.HadoopConfigurationBootstrap.getPluginProperties(HadoopConfigurationBootstrap.java:163)
2014/10/07 15:31:40 - 	at org.penta
...[truncated 94688 chars]...
used by: org.pentaho.di.core.exception.KettleException: 
2014/10/07 15:31:41 - Error locating plugin. Please make sure the Plugin Registry has been initialized.
2014/10/07 15:31:41 - 
2014/10/07 15:31:41 - 	at org.pentaho.di.core.hadoop.HadoopConfigurationBootstrap.getPluginInterface(HadoopConfigurationBootstrap.java:178)
2014/10/07 15:31:41 - 	at org.pentaho.di.core.hadoop.HadoopConfigurationBootstrap.getPluginProperties(HadoopConfigurationBootstrap.java:161)
2014/10/07 15:31:41 - 	... 35 more
</stderr><stdout></stdout></case><case><age>0</age><className>org.pentaho.di.ui.job.entries.sqoop.AbstractSqoopJobEntryControllerTest</className><duration>0.03</duration><failedSince>0</failedSince><name>setSelectedDatabaseConnection</name><skipped>false</skipped><status>PASSED</status><stderr>2014/10/07 15:31:40 - ERROR (version TRUNK-SNAPSHOT, build 1 from 2014-10-07 15.17.50 by tomcat) : Error loading Hadoop connection information
2014/10/07 15:31:40 - ERROR (version TRUNK-SNAPSHOT, build 1 from 2014-10-07 15.17.50 by tomcat) : org.pentaho.hadoop.shim.ConfigurationException: Unable to load plugin properties.
2014/10/07 15:31:40 - 	at org.pentaho.di.core.hadoop.HadoopConfigurationBootstrap.getPluginProperties(HadoopConfigurationBootstrap.java:163)
2014/10/07 15:31:40 - 	at org.penta
...[truncated 94688 chars]...
used by: org.pentaho.di.core.exception.KettleException: 
2014/10/07 15:31:41 - Error locating plugin. Please make sure the Plugin Registry has been initialized.
2014/10/07 15:31:41 - 
2014/10/07 15:31:41 - 	at org.pentaho.di.core.hadoop.HadoopConfigurationBootstrap.getPluginInterface(HadoopConfigurationBootstrap.java:178)
2014/10/07 15:31:41 - 	at org.pentaho.di.core.hadoop.HadoopConfigurationBootstrap.getPluginProperties(HadoopConfigurationBootstrap.java:161)
2014/10/07 15:31:41 - 	... 35 more
</stderr><stdout></stdout></case><case><age>0</age><className>org.pentaho.di.ui.job.entries.sqoop.AbstractSqoopJobEntryControllerTest</className><duration>0.068</duration><failedSince>0</failedSince><name>updateUiMode</name><skipped>false</skipped><status>PASSED</status><stderr>2014/10/07 15:31:40 - ERROR (version TRUNK-SNAPSHOT, build 1 from 2014-10-07 15.17.50 by tomcat) : Error loading Hadoop connection information
2014/10/07 15:31:40 - ERROR (version TRUNK-SNAPSHOT, build 1 from 2014-10-07 15.17.50 by tomcat) : org.pentaho.hadoop.shim.ConfigurationException: Unable to load plugin properties.
2014/10/07 15:31:40 - 	at org.pentaho.di.core.hadoop.HadoopConfigurationBootstrap.getPluginProperties(HadoopConfigurationBootstrap.java:163)
2014/10/07 15:31:40 - 	at org.penta
...[truncated 94688 chars]...
used by: org.pentaho.di.core.exception.KettleException: 
2014/10/07 15:31:41 - Error locating plugin. Please make sure the Plugin Registry has been initialized.
2014/10/07 15:31:41 - 
2014/10/07 15:31:41 - 	at org.pentaho.di.core.hadoop.HadoopConfigurationBootstrap.getPluginInterface(HadoopConfigurationBootstrap.java:178)
2014/10/07 15:31:41 - 	at org.pentaho.di.core.hadoop.HadoopConfigurationBootstrap.getPluginProperties(HadoopConfigurationBootstrap.java:161)
2014/10/07 15:31:41 - 	... 35 more
</stderr><stdout></stdout></case><case><age>0</age><className>org.pentaho.di.ui.job.entries.sqoop.AbstractSqoopJobEntryControllerTest</className><duration>0.032</duration><failedSince>0</failedSince><name>setUiMode_exception_parsing_command_line</name><skipped>false</skipped><status>PASSED</status><stderr>2014/10/07 15:31:40 - ERROR (version TRUNK-SNAPSHOT, build 1 from 2014-10-07 15.17.50 by tomcat) : Error loading Hadoop connection information
2014/10/07 15:31:40 - ERROR (version TRUNK-SNAPSHOT, build 1 from 2014-10-07 15.17.50 by tomcat) : org.pentaho.hadoop.shim.ConfigurationException: Unable to load plugin properties.
2014/10/07 15:31:40 - 	at org.pentaho.di.core.hadoop.HadoopConfigurationBootstrap.getPluginProperties(HadoopConfigurationBootstrap.java:163)
2014/10/07 15:31:40 - 	at org.penta
...[truncated 94688 chars]...
used by: org.pentaho.di.core.exception.KettleException: 
2014/10/07 15:31:41 - Error locating plugin. Please make sure the Plugin Registry has been initialized.
2014/10/07 15:31:41 - 
2014/10/07 15:31:41 - 	at org.pentaho.di.core.hadoop.HadoopConfigurationBootstrap.getPluginInterface(HadoopConfigurationBootstrap.java:178)
2014/10/07 15:31:41 - 	at org.pentaho.di.core.hadoop.HadoopConfigurationBootstrap.getPluginProperties(HadoopConfigurationBootstrap.java:161)
2014/10/07 15:31:41 - 	... 35 more
</stderr><stdout></stdout></case><case><age>0</age><className>org.pentaho.di.ui.job.entries.sqoop.AbstractSqoopJobEntryControllerTest</className><duration>0.064</duration><failedSince>0</failedSince><name>toggleMode</name><skipped>false</skipped><status>PASSED</status><stderr>2014/10/07 15:31:40 - ERROR (version TRUNK-SNAPSHOT, build 1 from 2014-10-07 15.17.50 by tomcat) : Error loading Hadoop connection information
2014/10/07 15:31:40 - ERROR (version TRUNK-SNAPSHOT, build 1 from 2014-10-07 15.17.50 by tomcat) : org.pentaho.hadoop.shim.ConfigurationException: Unable to load plugin properties.
2014/10/07 15:31:40 - 	at org.pentaho.di.core.hadoop.HadoopConfigurationBootstrap.getPluginProperties(HadoopConfigurationBootstrap.java:163)
2014/10/07 15:31:40 - 	at org.penta
...[truncated 94688 chars]...
used by: org.pentaho.di.core.exception.KettleException: 
2014/10/07 15:31:41 - Error locating plugin. Please make sure the Plugin Registry has been initialized.
2014/10/07 15:31:41 - 
2014/10/07 15:31:41 - 	at org.pentaho.di.core.hadoop.HadoopConfigurationBootstrap.getPluginInterface(HadoopConfigurationBootstrap.java:178)
2014/10/07 15:31:41 - 	at org.pentaho.di.core.hadoop.HadoopConfigurationBootstrap.getPluginProperties(HadoopConfigurationBootstrap.java:161)
2014/10/07 15:31:41 - 	... 35 more
</stderr><stdout></stdout></case><case><age>0</age><className>org.pentaho.di.ui.job.entries.sqoop.AbstractSqoopJobEntryControllerTest</className><duration>0.063</duration><failedSince>0</failedSince><name>setUiMode</name><skipped>false</skipped><status>PASSED</status><stderr>2014/10/07 15:31:40 - ERROR (version TRUNK-SNAPSHOT, build 1 from 2014-10-07 15.17.50 by tomcat) : Error loading Hadoop connection information
2014/10/07 15:31:40 - ERROR (version TRUNK-SNAPSHOT, build 1 from 2014-10-07 15.17.50 by tomcat) : org.pentaho.hadoop.shim.ConfigurationException: Unable to load plugin properties.
2014/10/07 15:31:40 - 	at org.pentaho.di.core.hadoop.HadoopConfigurationBootstrap.getPluginProperties(HadoopConfigurationBootstrap.java:163)
2014/10/07 15:31:40 - 	at org.penta
...[truncated 94688 chars]...
used by: org.pentaho.di.core.exception.KettleException: 
2014/10/07 15:31:41 - Error locating plugin. Please make sure the Plugin Registry has been initialized.
2014/10/07 15:31:41 - 
2014/10/07 15:31:41 - 	at org.pentaho.di.core.hadoop.HadoopConfigurationBootstrap.getPluginInterface(HadoopConfigurationBootstrap.java:178)
2014/10/07 15:31:41 - 	at org.pentaho.di.core.hadoop.HadoopConfigurationBootstrap.getPluginProperties(HadoopConfigurationBootstrap.java:161)
2014/10/07 15:31:41 - 	... 35 more
</stderr><stdout></stdout></case><case><age>0</age><className>org.pentaho.di.ui.job.entries.sqoop.AbstractSqoopJobEntryControllerTest</className><duration>0.044</duration><failedSince>0</failedSince><name>setSelectedAdvancedButton</name><skipped>false</skipped><status>PASSED</status><stderr>2014/10/07 15:31:40 - ERROR (version TRUNK-SNAPSHOT, build 1 from 2014-10-07 15.17.50 by tomcat) : Error loading Hadoop connection information
2014/10/07 15:31:40 - ERROR (version TRUNK-SNAPSHOT, build 1 from 2014-10-07 15.17.50 by tomcat) : org.pentaho.hadoop.shim.ConfigurationException: Unable to load plugin properties.
2014/10/07 15:31:40 - 	at org.pentaho.di.core.hadoop.HadoopConfigurationBootstrap.getPluginProperties(HadoopConfigurationBootstrap.java:163)
2014/10/07 15:31:40 - 	at org.penta
...[truncated 94688 chars]...
used by: org.pentaho.di.core.exception.KettleException: 
2014/10/07 15:31:41 - Error locating plugin. Please make sure the Plugin Registry has been initialized.
2014/10/07 15:31:41 - 
2014/10/07 15:31:41 - 	at org.pentaho.di.core.hadoop.HadoopConfigurationBootstrap.getPluginInterface(HadoopConfigurationBootstrap.java:178)
2014/10/07 15:31:41 - 	at org.pentaho.di.core.hadoop.HadoopConfigurationBootstrap.getPluginProperties(HadoopConfigurationBootstrap.java:161)
2014/10/07 15:31:41 - 	... 35 more
</stderr><stdout></stdout></case><case><age>0</age><className>org.pentaho.di.ui.job.entries.sqoop.AbstractSqoopJobEntryControllerTest</className><duration>0.023</duration><failedSince>0</failedSince><name>syncCommandLineToConfig</name><skipped>false</skipped><status>PASSED</status><stderr>2014/10/07 15:31:40 - ERROR (version TRUNK-SNAPSHOT, build 1 from 2014-10-07 15.17.50 by tomcat) : Error loading Hadoop connection information
2014/10/07 15:31:40 - ERROR (version TRUNK-SNAPSHOT, build 1 from 2014-10-07 15.17.50 by tomcat) : org.pentaho.hadoop.shim.ConfigurationException: Unable to load plugin properties.
2014/10/07 15:31:40 - 	at org.pentaho.di.core.hadoop.HadoopConfigurationBootstrap.getPluginProperties(HadoopConfigurationBootstrap.java:163)
2014/10/07 15:31:40 - 	at org.penta
...[truncated 94688 chars]...
used by: org.pentaho.di.core.exception.KettleException: 
2014/10/07 15:31:41 - Error locating plugin. Please make sure the Plugin Registry has been initialized.
2014/10/07 15:31:41 - 
2014/10/07 15:31:41 - 	at org.pentaho.di.core.hadoop.HadoopConfigurationBootstrap.getPluginInterface(HadoopConfigurationBootstrap.java:178)
2014/10/07 15:31:41 - 	at org.pentaho.di.core.hadoop.HadoopConfigurationBootstrap.getPluginProperties(HadoopConfigurationBootstrap.java:161)
2014/10/07 15:31:41 - 	... 35 more
</stderr><stdout></stdout></case><case><age>0</age><className>org.pentaho.di.ui.job.entries.sqoop.AbstractSqoopJobEntryControllerTest</className><duration>0.02</duration><failedSince>0</failedSince><name>populateDatabases</name><skipped>false</skipped><status>PASSED</status><stderr>2014/10/07 15:31:40 - ERROR (version TRUNK-SNAPSHOT, build 1 from 2014-10-07 15.17.50 by tomcat) : Error loading Hadoop connection information
2014/10/07 15:31:40 - ERROR (version TRUNK-SNAPSHOT, build 1 from 2014-10-07 15.17.50 by tomcat) : org.pentaho.hadoop.shim.ConfigurationException: Unable to load plugin properties.
2014/10/07 15:31:40 - 	at org.pentaho.di.core.hadoop.HadoopConfigurationBootstrap.getPluginProperties(HadoopConfigurationBootstrap.java:163)
2014/10/07 15:31:40 - 	at org.penta
...[truncated 94688 chars]...
used by: org.pentaho.di.core.exception.KettleException: 
2014/10/07 15:31:41 - Error locating plugin. Please make sure the Plugin Registry has been initialized.
2014/10/07 15:31:41 - 
2014/10/07 15:31:41 - 	at org.pentaho.di.core.hadoop.HadoopConfigurationBootstrap.getPluginInterface(HadoopConfigurationBootstrap.java:178)
2014/10/07 15:31:41 - 	at org.pentaho.di.core.hadoop.HadoopConfigurationBootstrap.getPluginProperties(HadoopConfigurationBootstrap.java:161)
2014/10/07 15:31:41 - 	... 35 more
</stderr><stdout></stdout></case><case><age>0</age><className>org.pentaho.di.ui.job.entries.sqoop.AbstractSqoopJobEntryControllerTest</className><duration>0.024</duration><failedSince>0</failedSince><name>setSelectedDatabaseConnection_suppressing_events</name><skipped>false</skipped><status>PASSED</status><stderr>2014/10/07 15:31:40 - ERROR (version TRUNK-SNAPSHOT, build 1 from 2014-10-07 15.17.50 by tomcat) : Error loading Hadoop connection information
2014/10/07 15:31:40 - ERROR (version TRUNK-SNAPSHOT, build 1 from 2014-10-07 15.17.50 by tomcat) : org.pentaho.hadoop.shim.ConfigurationException: Unable to load plugin properties.
2014/10/07 15:31:40 - 	at org.pentaho.di.core.hadoop.HadoopConfigurationBootstrap.getPluginProperties(HadoopConfigurationBootstrap.java:163)
2014/10/07 15:31:40 - 	at org.penta
...[truncated 94688 chars]...
used by: org.pentaho.di.core.exception.KettleException: 
2014/10/07 15:31:41 - Error locating plugin. Please make sure the Plugin Registry has been initialized.
2014/10/07 15:31:41 - 
2014/10/07 15:31:41 - 	at org.pentaho.di.core.hadoop.HadoopConfigurationBootstrap.getPluginInterface(HadoopConfigurationBootstrap.java:178)
2014/10/07 15:31:41 - 	at org.pentaho.di.core.hadoop.HadoopConfigurationBootstrap.getPluginProperties(HadoopConfigurationBootstrap.java:161)
2014/10/07 15:31:41 - 	... 35 more
</stderr><stdout></stdout></case><case><age>0</age><className>org.pentaho.di.ui.job.entries.sqoop.AbstractSqoopJobEntryControllerTest</className><duration>0.021</duration><failedSince>0</failedSince><name>updateDatabaseItemsList</name><skipped>false</skipped><status>PASSED</status><stderr>2014/10/07 15:31:40 - ERROR (version TRUNK-SNAPSHOT, build 1 from 2014-10-07 15.17.50 by tomcat) : Error loading Hadoop connection information
2014/10/07 15:31:40 - ERROR (version TRUNK-SNAPSHOT, build 1 from 2014-10-07 15.17.50 by tomcat) : org.pentaho.hadoop.shim.ConfigurationException: Unable to load plugin properties.
2014/10/07 15:31:40 - 	at org.pentaho.di.core.hadoop.HadoopConfigurationBootstrap.getPluginProperties(HadoopConfigurationBootstrap.java:163)
2014/10/07 15:31:40 - 	at org.penta
...[truncated 94688 chars]...
used by: org.pentaho.di.core.exception.KettleException: 
2014/10/07 15:31:41 - Error locating plugin. Please make sure the Plugin Registry has been initialized.
2014/10/07 15:31:41 - 
2014/10/07 15:31:41 - 	at org.pentaho.di.core.hadoop.HadoopConfigurationBootstrap.getPluginInterface(HadoopConfigurationBootstrap.java:178)
2014/10/07 15:31:41 - 	at org.pentaho.di.core.hadoop.HadoopConfigurationBootstrap.getPluginProperties(HadoopConfigurationBootstrap.java:161)
2014/10/07 15:31:41 - 	... 35 more
</stderr><stdout></stdout></case><case><age>0</age><className>org.pentaho.di.ui.job.entries.sqoop.AbstractSqoopJobEntryControllerTest</className><duration>0.019</duration><failedSince>0</failedSince><name>setConnectChanged</name><skipped>false</skipped><status>PASSED</status><stderr>2014/10/07 15:31:40 - ERROR (version TRUNK-SNAPSHOT, build 1 from 2014-10-07 15.17.50 by tomcat) : Error loading Hadoop connection information
2014/10/07 15:31:40 - ERROR (version TRUNK-SNAPSHOT, build 1 from 2014-10-07 15.17.50 by tomcat) : org.pentaho.hadoop.shim.ConfigurationException: Unable to load plugin properties.
2014/10/07 15:31:40 - 	at org.pentaho.di.core.hadoop.HadoopConfigurationBootstrap.getPluginProperties(HadoopConfigurationBootstrap.java:163)
2014/10/07 15:31:40 - 	at org.penta
...[truncated 94688 chars]...
used by: org.pentaho.di.core.exception.KettleException: 
2014/10/07 15:31:41 - Error locating plugin. Please make sure the Plugin Registry has been initialized.
2014/10/07 15:31:41 - 
2014/10/07 15:31:41 - 	at org.pentaho.di.core.hadoop.HadoopConfigurationBootstrap.getPluginInterface(HadoopConfigurationBootstrap.java:178)
2014/10/07 15:31:41 - 	at org.pentaho.di.core.hadoop.HadoopConfigurationBootstrap.getPluginProperties(HadoopConfigurationBootstrap.java:161)
2014/10/07 15:31:41 - 	... 35 more
</stderr><stdout></stdout></case><case><age>0</age><className>org.pentaho.di.ui.job.entries.sqoop.AbstractSqoopJobEntryControllerTest</className><duration>0.019</duration><failedSince>0</failedSince><name>setConnectChanged_ignoring_change_events</name><skipped>false</skipped><status>PASSED</status><stderr>2014/10/07 15:31:40 - ERROR (version TRUNK-SNAPSHOT, build 1 from 2014-10-07 15.17.50 by tomcat) : Error loading Hadoop connection information
2014/10/07 15:31:40 - ERROR (version TRUNK-SNAPSHOT, build 1 from 2014-10-07 15.17.50 by tomcat) : org.pentaho.hadoop.shim.ConfigurationException: Unable to load plugin properties.
2014/10/07 15:31:40 - 	at org.pentaho.di.core.hadoop.HadoopConfigurationBootstrap.getPluginProperties(HadoopConfigurationBootstrap.java:163)
2014/10/07 15:31:40 - 	at org.penta
...[truncated 94688 chars]...
used by: org.pentaho.di.core.exception.KettleException: 
2014/10/07 15:31:41 - Error locating plugin. Please make sure the Plugin Registry has been initialized.
2014/10/07 15:31:41 - 
2014/10/07 15:31:41 - 	at org.pentaho.di.core.hadoop.HadoopConfigurationBootstrap.getPluginInterface(HadoopConfigurationBootstrap.java:178)
2014/10/07 15:31:41 - 	at org.pentaho.di.core.hadoop.HadoopConfigurationBootstrap.getPluginProperties(HadoopConfigurationBootstrap.java:161)
2014/10/07 15:31:41 - 	... 35 more
</stderr><stdout></stdout></case><case><age>0</age><className>org.pentaho.di.ui.job.entries.sqoop.AbstractSqoopJobEntryControllerTest</className><duration>0.021</duration><failedSince>0</failedSince><name>setUsernameChanged</name><skipped>false</skipped><status>PASSED</status><stderr>2014/10/07 15:31:40 - ERROR (version TRUNK-SNAPSHOT, build 1 from 2014-10-07 15.17.50 by tomcat) : Error loading Hadoop connection information
2014/10/07 15:31:40 - ERROR (version TRUNK-SNAPSHOT, build 1 from 2014-10-07 15.17.50 by tomcat) : org.pentaho.hadoop.shim.ConfigurationException: Unable to load plugin properties.
2014/10/07 15:31:40 - 	at org.pentaho.di.core.hadoop.HadoopConfigurationBootstrap.getPluginProperties(HadoopConfigurationBootstrap.java:163)
2014/10/07 15:31:40 - 	at org.penta
...[truncated 94688 chars]...
used by: org.pentaho.di.core.exception.KettleException: 
2014/10/07 15:31:41 - Error locating plugin. Please make sure the Plugin Registry has been initialized.
2014/10/07 15:31:41 - 
2014/10/07 15:31:41 - 	at org.pentaho.di.core.hadoop.HadoopConfigurationBootstrap.getPluginInterface(HadoopConfigurationBootstrap.java:178)
2014/10/07 15:31:41 - 	at org.pentaho.di.core.hadoop.HadoopConfigurationBootstrap.getPluginProperties(HadoopConfigurationBootstrap.java:161)
2014/10/07 15:31:41 - 	... 35 more
</stderr><stdout></stdout></case><case><age>0</age><className>org.pentaho.di.ui.job.entries.sqoop.AbstractSqoopJobEntryControllerTest</className><duration>0.019</duration><failedSince>0</failedSince><name>setUsernameChanged_ignoring_change_events</name><skipped>false</skipped><status>PASSED</status><stderr>2014/10/07 15:31:40 - ERROR (version TRUNK-SNAPSHOT, build 1 from 2014-10-07 15.17.50 by tomcat) : Error loading Hadoop connection information
2014/10/07 15:31:40 - ERROR (version TRUNK-SNAPSHOT, build 1 from 2014-10-07 15.17.50 by tomcat) : org.pentaho.hadoop.shim.ConfigurationException: Unable to load plugin properties.
2014/10/07 15:31:40 - 	at org.pentaho.di.core.hadoop.HadoopConfigurationBootstrap.getPluginProperties(HadoopConfigurationBootstrap.java:163)
2014/10/07 15:31:40 - 	at org.penta
...[truncated 94688 chars]...
used by: org.pentaho.di.core.exception.KettleException: 
2014/10/07 15:31:41 - Error locating plugin. Please make sure the Plugin Registry has been initialized.
2014/10/07 15:31:41 - 
2014/10/07 15:31:41 - 	at org.pentaho.di.core.hadoop.HadoopConfigurationBootstrap.getPluginInterface(HadoopConfigurationBootstrap.java:178)
2014/10/07 15:31:41 - 	at org.pentaho.di.core.hadoop.HadoopConfigurationBootstrap.getPluginProperties(HadoopConfigurationBootstrap.java:161)
2014/10/07 15:31:41 - 	... 35 more
</stderr><stdout></stdout></case><case><age>0</age><className>org.pentaho.di.ui.job.entries.sqoop.AbstractSqoopJobEntryControllerTest</className><duration>0.019</duration><failedSince>0</failedSince><name>setPasswordChanged</name><skipped>false</skipped><status>PASSED</status><stderr>2014/10/07 15:31:40 - ERROR (version TRUNK-SNAPSHOT, build 1 from 2014-10-07 15.17.50 by tomcat) : Error loading Hadoop connection information
2014/10/07 15:31:40 - ERROR (version TRUNK-SNAPSHOT, build 1 from 2014-10-07 15.17.50 by tomcat) : org.pentaho.hadoop.shim.ConfigurationException: Unable to load plugin properties.
2014/10/07 15:31:40 - 	at org.pentaho.di.core.hadoop.HadoopConfigurationBootstrap.getPluginProperties(HadoopConfigurationBootstrap.java:163)
2014/10/07 15:31:40 - 	at org.penta
...[truncated 94688 chars]...
used by: org.pentaho.di.core.exception.KettleException: 
2014/10/07 15:31:41 - Error locating plugin. Please make sure the Plugin Registry has been initialized.
2014/10/07 15:31:41 - 
2014/10/07 15:31:41 - 	at org.pentaho.di.core.hadoop.HadoopConfigurationBootstrap.getPluginInterface(HadoopConfigurationBootstrap.java:178)
2014/10/07 15:31:41 - 	at org.pentaho.di.core.hadoop.HadoopConfigurationBootstrap.getPluginProperties(HadoopConfigurationBootstrap.java:161)
2014/10/07 15:31:41 - 	... 35 more
</stderr><stdout></stdout></case><case><age>0</age><className>org.pentaho.di.ui.job.entries.sqoop.AbstractSqoopJobEntryControllerTest</className><duration>0.018</duration><failedSince>0</failedSince><name>setPasswordChanged_ignoring_change_events</name><skipped>false</skipped><status>PASSED</status><stderr>2014/10/07 15:31:40 - ERROR (version TRUNK-SNAPSHOT, build 1 from 2014-10-07 15.17.50 by tomcat) : Error loading Hadoop connection information
2014/10/07 15:31:40 - ERROR (version TRUNK-SNAPSHOT, build 1 from 2014-10-07 15.17.50 by tomcat) : org.pentaho.hadoop.shim.ConfigurationException: Unable to load plugin properties.
2014/10/07 15:31:40 - 	at org.pentaho.di.core.hadoop.HadoopConfigurationBootstrap.getPluginProperties(HadoopConfigurationBootstrap.java:163)
2014/10/07 15:31:40 - 	at org.penta
...[truncated 94688 chars]...
used by: org.pentaho.di.core.exception.KettleException: 
2014/10/07 15:31:41 - Error locating plugin. Please make sure the Plugin Registry has been initialized.
2014/10/07 15:31:41 - 
2014/10/07 15:31:41 - 	at org.pentaho.di.core.hadoop.HadoopConfigurationBootstrap.getPluginInterface(HadoopConfigurationBootstrap.java:178)
2014/10/07 15:31:41 - 	at org.pentaho.di.core.hadoop.HadoopConfigurationBootstrap.getPluginProperties(HadoopConfigurationBootstrap.java:161)
2014/10/07 15:31:41 - 	... 35 more
</stderr><stdout></stdout></case><case><age>0</age><className>org.pentaho.di.ui.job.entries.sqoop.AbstractSqoopJobEntryControllerTest</className><duration>0.017</duration><failedSince>0</failedSince><name>setModeToggleLabel</name><skipped>false</skipped><status>PASSED</status><stderr>2014/10/07 15:31:40 - ERROR (version TRUNK-SNAPSHOT, build 1 from 2014-10-07 15.17.50 by tomcat) : Error loading Hadoop connection information
2014/10/07 15:31:40 - ERROR (version TRUNK-SNAPSHOT, build 1 from 2014-10-07 15.17.50 by tomcat) : org.pentaho.hadoop.shim.ConfigurationException: Unable to load plugin properties.
2014/10/07 15:31:40 - 	at org.pentaho.di.core.hadoop.HadoopConfigurationBootstrap.getPluginProperties(HadoopConfigurationBootstrap.java:163)
2014/10/07 15:31:40 - 	at org.penta
...[truncated 94688 chars]...
used by: org.pentaho.di.core.exception.KettleException: 
2014/10/07 15:31:41 - Error locating plugin. Please make sure the Plugin Registry has been initialized.
2014/10/07 15:31:41 - 
2014/10/07 15:31:41 - 	at org.pentaho.di.core.hadoop.HadoopConfigurationBootstrap.getPluginInterface(HadoopConfigurationBootstrap.java:178)
2014/10/07 15:31:41 - 	at org.pentaho.di.core.hadoop.HadoopConfigurationBootstrap.getPluginProperties(HadoopConfigurationBootstrap.java:161)
2014/10/07 15:31:41 - 	... 35 more
</stderr><stdout></stdout></case><case><age>0</age><className>org.pentaho.di.ui.job.entries.sqoop.AbstractSqoopJobEntryControllerTest</className><duration>0.017</duration><failedSince>0</failedSince><name>createDatabaseItem</name><skipped>false</skipped><status>PASSED</status><stderr>2014/10/07 15:31:40 - ERROR (version TRUNK-SNAPSHOT, build 1 from 2014-10-07 15.17.50 by tomcat) : Error loading Hadoop connection information
2014/10/07 15:31:40 - ERROR (version TRUNK-SNAPSHOT, build 1 from 2014-10-07 15.17.50 by tomcat) : org.pentaho.hadoop.shim.ConfigurationException: Unable to load plugin properties.
2014/10/07 15:31:40 - 	at org.pentaho.di.core.hadoop.HadoopConfigurationBootstrap.getPluginProperties(HadoopConfigurationBootstrap.java:163)
2014/10/07 15:31:40 - 	at org.penta
...[truncated 94688 chars]...
used by: org.pentaho.di.core.exception.KettleException: 
2014/10/07 15:31:41 - Error locating plugin. Please make sure the Plugin Registry has been initialized.
2014/10/07 15:31:41 - 
2014/10/07 15:31:41 - 	at org.pentaho.di.core.hadoop.HadoopConfigurationBootstrap.getPluginInterface(HadoopConfigurationBootstrap.java:178)
2014/10/07 15:31:41 - 	at org.pentaho.di.core.hadoop.HadoopConfigurationBootstrap.getPluginProperties(HadoopConfigurationBootstrap.java:161)
2014/10/07 15:31:41 - 	... 35 more
</stderr><stdout></stdout></case><duration>0.6840001</duration><name>org.pentaho.di.ui.job.entries.sqoop.AbstractSqoopJobEntryControllerTest</name><stderr>2014/10/07 15:31:40 - ERROR (version TRUNK-SNAPSHOT, build 1 from 2014-10-07 15.17.50 by tomcat) : Error loading Hadoop connection information
2014/10/07 15:31:40 - ERROR (version TRUNK-SNAPSHOT, build 1 from 2014-10-07 15.17.50 by tomcat) : org.pentaho.hadoop.shim.ConfigurationException: Unable to load plugin properties.
2014/10/07 15:31:40 - 	at org.pentaho.di.core.hadoop.HadoopConfigurationBootstrap.getPluginProperties(HadoopConfigurationBootstrap.java:163)
2014/10/07 15:31:40 - 	at org.penta
...[truncated 94688 chars]...
used by: org.pentaho.di.core.exception.KettleException: 
2014/10/07 15:31:41 - Error locating plugin. Please make sure the Plugin Registry has been initialized.
2014/10/07 15:31:41 - 
2014/10/07 15:31:41 - 	at org.pentaho.di.core.hadoop.HadoopConfigurationBootstrap.getPluginInterface(HadoopConfigurationBootstrap.java:178)
2014/10/07 15:31:41 - 	at org.pentaho.di.core.hadoop.HadoopConfigurationBootstrap.getPluginProperties(HadoopConfigurationBootstrap.java:161)
2014/10/07 15:31:41 - 	... 35 more
</stderr><stdout></stdout><timestamp>2014-10-07T19:31:40</timestamp></suite><suite><case><age>0</age><className>org.pentaho.di.ui.job.entries.sqoop.DatabaseItemTest</className><duration>0.013</duration><failedSince>0</failedSince><name>equals</name><skipped>false</skipped><status>PASSED</status><stderr></stderr><stdout></stdout></case><case><age>0</age><className>org.pentaho.di.ui.job.entries.sqoop.DatabaseItemTest</className><duration>0.0</duration><failedSince>0</failedSince><name>instantiate_displayName</name><skipped>false</skipped><status>PASSED</status><stderr></stderr><stdout></stdout></case><case><age>0</age><className>org.pentaho.di.ui.job.entries.sqoop.DatabaseItemTest</className><duration>0.0</duration><failedSince>0</failedSince><name>testHashCode</name><skipped>false</skipped><status>PASSED</status><stderr></stderr><stdout></stdout></case><case><age>0</age><className>org.pentaho.di.ui.job.entries.sqoop.DatabaseItemTest</className><duration>0.0</duration><failedSince>0</failedSince><name>testToString</name><skipped>false</skipped><status>PASSED</status><stderr></stderr><stdout></stdout></case><case><age>0</age><className>org.pentaho.di.ui.job.entries.sqoop.DatabaseItemTest</className><duration>0.0</duration><failedSince>0</failedSince><name>instantiate_name</name><skipped>false</skipped><status>PASSED</status><stderr></stderr><stdout></stdout></case><duration>0.013</duration><name>org.pentaho.di.ui.job.entries.sqoop.DatabaseItemTest</name><stderr></stderr><stdout></stdout><timestamp>2014-10-07T19:31:42</timestamp></suite><suite><case><age>0</age><className>org.pentaho.hadoop.PluginPropertiesUtilTest</className><duration>0.014</duration><failedSince>0</failedSince><name>getVersion</name><skipped>false</skipped><status>PASSED</status><stderr></stderr><stdout></stdout></case><duration>0.014</duration><name>org.pentaho.hadoop.PluginPropertiesUtilTest</name><stderr></stderr><stdout></stdout><timestamp>2014-10-07T19:31:44</timestamp></suite><suite><case><age>0</age><className>org.pentaho.hadoop.mapreduce.test.MRUtilIntegrationTest</className><duration>0.894</duration><failedSince>0</failedSince><name>createTrans_normalEngine</name><skipped>false</skipped><status>PASSED</status><stderr></stderr><stdout>Attempting to load ESAPI.properties via file I/O.
Attempting to load ESAPI.properties as resource file via file I/O.
Not found in 'org.owasp.esapi.resources' directory or file not readable: /build/hudson/jobs/pentaho-big-data-plugin/workspace/ESAPI.properties
Not found in SystemResource Directory/resourceDirectory: .esapi/ESAPI.properties
Not found in 'user.home' (/home/tomcat) directory: /home/tomcat/esapi/ESAPI.properties
Loading ESAPI.properties via file I/O failed. Exception was: java.io.Fil
...[truncated 661 chars]...
roperties
Not found in 'user.home' (/home/tomcat) directory: /home/tomcat/esapi/validation.properties
Loading validation.properties via file I/O failed.
Attempting to load validation.properties via the classpath.
validation.properties could not be loaded by any means. fail. Exception was: java.lang.IllegalArgumentException: Failed to load ESAPI.properties as a classloader resource.
SecurityConfiguration for Logger.LogServerIP not either "true" or "false" in ESAPI.properties. Using default: true
</stdout></case><case><age>0</age><className>org.pentaho.hadoop.mapreduce.test.MRUtilIntegrationTest</className><duration>0.047</duration><failedSince>0</failedSince><name>createTrans_singleThreaded</name><skipped>false</skipped><status>PASSED</status><stderr></stderr><stdout>Attempting to load ESAPI.properties via file I/O.
Attempting to load ESAPI.properties as resource file via file I/O.
Not found in 'org.owasp.esapi.resources' directory or file not readable: /build/hudson/jobs/pentaho-big-data-plugin/workspace/ESAPI.properties
Not found in SystemResource Directory/resourceDirectory: .esapi/ESAPI.properties
Not found in 'user.home' (/home/tomcat) directory: /home/tomcat/esapi/ESAPI.properties
Loading ESAPI.properties via file I/O failed. Exception was: java.io.Fil
...[truncated 661 chars]...
roperties
Not found in 'user.home' (/home/tomcat) directory: /home/tomcat/esapi/validation.properties
Loading validation.properties via file I/O failed.
Attempting to load validation.properties via the classpath.
validation.properties could not be loaded by any means. fail. Exception was: java.lang.IllegalArgumentException: Failed to load ESAPI.properties as a classloader resource.
SecurityConfiguration for Logger.LogServerIP not either "true" or "false" in ESAPI.properties. Using default: true
</stdout></case><duration>0.941</duration><name>org.pentaho.hadoop.mapreduce.test.MRUtilIntegrationTest</name><stderr></stderr><stdout>Attempting to load ESAPI.properties via file I/O.
Attempting to load ESAPI.properties as resource file via file I/O.
Not found in 'org.owasp.esapi.resources' directory or file not readable: /build/hudson/jobs/pentaho-big-data-plugin/workspace/ESAPI.properties
Not found in SystemResource Directory/resourceDirectory: .esapi/ESAPI.properties
Not found in 'user.home' (/home/tomcat) directory: /home/tomcat/esapi/ESAPI.properties
Loading ESAPI.properties via file I/O failed. Exception was: java.io.Fil
...[truncated 661 chars]...
roperties
Not found in 'user.home' (/home/tomcat) directory: /home/tomcat/esapi/validation.properties
Loading validation.properties via file I/O failed.
Attempting to load validation.properties via the classpath.
validation.properties could not be loaded by any means. fail. Exception was: java.lang.IllegalArgumentException: Failed to load ESAPI.properties as a classloader resource.
SecurityConfiguration for Logger.LogServerIP not either "true" or "false" in ESAPI.properties. Using default: true
</stdout><timestamp>2014-10-07T19:31:47</timestamp></suite><suite><case><age>0</age><className>org.pentaho.hadoop.mapreduce.test.PentahoMapReduceIntegrationTest</className><duration>1.236</duration><failedSince>0</failedSince><name>testLogChannelLeaking_combiner</name><skipped>false</skipped><status>PASSED</status><stderr>org.pentaho.di.core.exception.KettleException: 
key or value is not defined in transformation injector step

	at org.pentaho.hadoop.mapreduce.PentahoMapRunnable.run(PentahoMapRunnable.java:414)
	at org.pentaho.hadoop.mapreduce.test.PentahoMapReduceIntegrationTest.testMapperBadInjectorFields(PentahoMapReduceIntegrationTest.java:83)
	at sun.reflect.NativeMethodAccessorImpl.invoke0(Native Method)
	at sun.reflect.NativeMethodAccessorImpl.invoke(NativeMethodAccessorImpl.java:57)
	at sun.reflect.Deleg
...[truncated 17173 chars]...
	at org.junit.internal.runners.statements.RunAfters.evaluate(RunAfters.java:31)
	at org.junit.runners.ParentRunner.run(ParentRunner.java:220)
	at junit.framework.JUnit4TestAdapter.run(JUnit4TestAdapter.java:39)
	at org.apache.tools.ant.taskdefs.optional.junit.JUnitTestRunner.run(JUnitTestRunner.java:420)
	at org.apache.tools.ant.taskdefs.optional.junit.JUnitTestRunner.launch(JUnitTestRunner.java:911)
	at org.apache.tools.ant.taskdefs.optional.junit.JUnitTestRunner.main(JUnitTestRunner.java:768)
</stderr><stdout>Attempting to load ESAPI.properties via file I/O.
Attempting to load ESAPI.properties as resource file via file I/O.
Not found in 'org.owasp.esapi.resources' directory or file not readable: /build/hudson/jobs/pentaho-big-data-plugin/workspace/ESAPI.properties
Not found in SystemResource Directory/resourceDirectory: .esapi/ESAPI.properties
Not found in 'user.home' (/home/tomcat) directory: /home/tomcat/esapi/ESAPI.properties
Loading ESAPI.properties via file I/O failed. Exception was: java.io.Fil
...[truncated 20866 chars]...
ished processing (I=0, O=0, R=1, W=1, U=0, E=0)
2014/10/07 15:31:52 - Add value.0 - Finished processing (I=0, O=0, R=1, W=1, U=0, E=0)
2014/10/07 15:31:52 - Remove garbage.0 - Finished processing (I=0, O=0, R=1, W=1, U=0, E=0)
2014/10/07 15:31:52 - Output.0 - Finished processing (I=0, O=0, R=1, W=1, U=0, E=0)
Could not retrieve the log level from the job configuration.  logLevel will not be set.
2014/10/07 15:31:52 - WordCount Reducer - Dispatching started for transformation [WordCount Reducer]
</stdout></case><case><age>0</age><className>org.pentaho.hadoop.mapreduce.test.PentahoMapReduceIntegrationTest</className><duration>0.258</duration><failedSince>0</failedSince><name>testLogChannelLeaking_reducer</name><skipped>false</skipped><status>PASSED</status><stderr>org.pentaho.di.core.exception.KettleException: 
key or value is not defined in transformation injector step

	at org.pentaho.hadoop.mapreduce.PentahoMapRunnable.run(PentahoMapRunnable.java:414)
	at org.pentaho.hadoop.mapreduce.test.PentahoMapReduceIntegrationTest.testMapperBadInjectorFields(PentahoMapReduceIntegrationTest.java:83)
	at sun.reflect.NativeMethodAccessorImpl.invoke0(Native Method)
	at sun.reflect.NativeMethodAccessorImpl.invoke(NativeMethodAccessorImpl.java:57)
	at sun.reflect.Deleg
...[truncated 17173 chars]...
	at org.junit.internal.runners.statements.RunAfters.evaluate(RunAfters.java:31)
	at org.junit.runners.ParentRunner.run(ParentRunner.java:220)
	at junit.framework.JUnit4TestAdapter.run(JUnit4TestAdapter.java:39)
	at org.apache.tools.ant.taskdefs.optional.junit.JUnitTestRunner.run(JUnitTestRunner.java:420)
	at org.apache.tools.ant.taskdefs.optional.junit.JUnitTestRunner.launch(JUnitTestRunner.java:911)
	at org.apache.tools.ant.taskdefs.optional.junit.JUnitTestRunner.main(JUnitTestRunner.java:768)
</stderr><stdout>Attempting to load ESAPI.properties via file I/O.
Attempting to load ESAPI.properties as resource file via file I/O.
Not found in 'org.owasp.esapi.resources' directory or file not readable: /build/hudson/jobs/pentaho-big-data-plugin/workspace/ESAPI.properties
Not found in SystemResource Directory/resourceDirectory: .esapi/ESAPI.properties
Not found in 'user.home' (/home/tomcat) directory: /home/tomcat/esapi/ESAPI.properties
Loading ESAPI.properties via file I/O failed. Exception was: java.io.Fil
...[truncated 20866 chars]...
ished processing (I=0, O=0, R=1, W=1, U=0, E=0)
2014/10/07 15:31:52 - Add value.0 - Finished processing (I=0, O=0, R=1, W=1, U=0, E=0)
2014/10/07 15:31:52 - Remove garbage.0 - Finished processing (I=0, O=0, R=1, W=1, U=0, E=0)
2014/10/07 15:31:52 - Output.0 - Finished processing (I=0, O=0, R=1, W=1, U=0, E=0)
Could not retrieve the log level from the job configuration.  logLevel will not be set.
2014/10/07 15:31:52 - WordCount Reducer - Dispatching started for transformation [WordCount Reducer]
</stdout></case><case><age>0</age><className>org.pentaho.hadoop.mapreduce.test.PentahoMapReduceIntegrationTest</className><duration>0.112</duration><failedSince>0</failedSince><name>testMapReduce_InputOutput</name><skipped>false</skipped><status>PASSED</status><stderr>org.pentaho.di.core.exception.KettleException: 
key or value is not defined in transformation injector step

	at org.pentaho.hadoop.mapreduce.PentahoMapRunnable.run(PentahoMapRunnable.java:414)
	at org.pentaho.hadoop.mapreduce.test.PentahoMapReduceIntegrationTest.testMapperBadInjectorFields(PentahoMapReduceIntegrationTest.java:83)
	at sun.reflect.NativeMethodAccessorImpl.invoke0(Native Method)
	at sun.reflect.NativeMethodAccessorImpl.invoke(NativeMethodAccessorImpl.java:57)
	at sun.reflect.Deleg
...[truncated 17173 chars]...
	at org.junit.internal.runners.statements.RunAfters.evaluate(RunAfters.java:31)
	at org.junit.runners.ParentRunner.run(ParentRunner.java:220)
	at junit.framework.JUnit4TestAdapter.run(JUnit4TestAdapter.java:39)
	at org.apache.tools.ant.taskdefs.optional.junit.JUnitTestRunner.run(JUnitTestRunner.java:420)
	at org.apache.tools.ant.taskdefs.optional.junit.JUnitTestRunner.launch(JUnitTestRunner.java:911)
	at org.apache.tools.ant.taskdefs.optional.junit.JUnitTestRunner.main(JUnitTestRunner.java:768)
</stderr><stdout>Attempting to load ESAPI.properties via file I/O.
Attempting to load ESAPI.properties as resource file via file I/O.
Not found in 'org.owasp.esapi.resources' directory or file not readable: /build/hudson/jobs/pentaho-big-data-plugin/workspace/ESAPI.properties
Not found in SystemResource Directory/resourceDirectory: .esapi/ESAPI.properties
Not found in 'user.home' (/home/tomcat) directory: /home/tomcat/esapi/ESAPI.properties
Loading ESAPI.properties via file I/O failed. Exception was: java.io.Fil
...[truncated 20866 chars]...
ished processing (I=0, O=0, R=1, W=1, U=0, E=0)
2014/10/07 15:31:52 - Add value.0 - Finished processing (I=0, O=0, R=1, W=1, U=0, E=0)
2014/10/07 15:31:52 - Remove garbage.0 - Finished processing (I=0, O=0, R=1, W=1, U=0, E=0)
2014/10/07 15:31:52 - Output.0 - Finished processing (I=0, O=0, R=1, W=1, U=0, E=0)
Could not retrieve the log level from the job configuration.  logLevel will not be set.
2014/10/07 15:31:52 - WordCount Reducer - Dispatching started for transformation [WordCount Reducer]
</stdout></case><case><age>0</age><className>org.pentaho.hadoop.mapreduce.test.PentahoMapReduceIntegrationTest</className><duration>0.117</duration><failedSince>0</failedSince><name>testCombinerOutputClasses</name><skipped>false</skipped><status>PASSED</status><stderr>org.pentaho.di.core.exception.KettleException: 
key or value is not defined in transformation injector step

	at org.pentaho.hadoop.mapreduce.PentahoMapRunnable.run(PentahoMapRunnable.java:414)
	at org.pentaho.hadoop.mapreduce.test.PentahoMapReduceIntegrationTest.testMapperBadInjectorFields(PentahoMapReduceIntegrationTest.java:83)
	at sun.reflect.NativeMethodAccessorImpl.invoke0(Native Method)
	at sun.reflect.NativeMethodAccessorImpl.invoke(NativeMethodAccessorImpl.java:57)
	at sun.reflect.Deleg
...[truncated 17173 chars]...
	at org.junit.internal.runners.statements.RunAfters.evaluate(RunAfters.java:31)
	at org.junit.runners.ParentRunner.run(ParentRunner.java:220)
	at junit.framework.JUnit4TestAdapter.run(JUnit4TestAdapter.java:39)
	at org.apache.tools.ant.taskdefs.optional.junit.JUnitTestRunner.run(JUnitTestRunner.java:420)
	at org.apache.tools.ant.taskdefs.optional.junit.JUnitTestRunner.launch(JUnitTestRunner.java:911)
	at org.apache.tools.ant.taskdefs.optional.junit.JUnitTestRunner.main(JUnitTestRunner.java:768)
</stderr><stdout>Attempting to load ESAPI.properties via file I/O.
Attempting to load ESAPI.properties as resource file via file I/O.
Not found in 'org.owasp.esapi.resources' directory or file not readable: /build/hudson/jobs/pentaho-big-data-plugin/workspace/ESAPI.properties
Not found in SystemResource Directory/resourceDirectory: .esapi/ESAPI.properties
Not found in 'user.home' (/home/tomcat) directory: /home/tomcat/esapi/ESAPI.properties
Loading ESAPI.properties via file I/O failed. Exception was: java.io.Fil
...[truncated 20866 chars]...
ished processing (I=0, O=0, R=1, W=1, U=0, E=0)
2014/10/07 15:31:52 - Add value.0 - Finished processing (I=0, O=0, R=1, W=1, U=0, E=0)
2014/10/07 15:31:52 - Remove garbage.0 - Finished processing (I=0, O=0, R=1, W=1, U=0, E=0)
2014/10/07 15:31:52 - Output.0 - Finished processing (I=0, O=0, R=1, W=1, U=0, E=0)
Could not retrieve the log level from the job configuration.  logLevel will not be set.
2014/10/07 15:31:52 - WordCount Reducer - Dispatching started for transformation [WordCount Reducer]
</stdout></case><case><age>0</age><className>org.pentaho.hadoop.mapreduce.test.PentahoMapReduceIntegrationTest</className><duration>0.09</duration><failedSince>0</failedSince><name>testReducerOutputClasses</name><skipped>false</skipped><status>PASSED</status><stderr>org.pentaho.di.core.exception.KettleException: 
key or value is not defined in transformation injector step

	at org.pentaho.hadoop.mapreduce.PentahoMapRunnable.run(PentahoMapRunnable.java:414)
	at org.pentaho.hadoop.mapreduce.test.PentahoMapReduceIntegrationTest.testMapperBadInjectorFields(PentahoMapReduceIntegrationTest.java:83)
	at sun.reflect.NativeMethodAccessorImpl.invoke0(Native Method)
	at sun.reflect.NativeMethodAccessorImpl.invoke(NativeMethodAccessorImpl.java:57)
	at sun.reflect.Deleg
...[truncated 17173 chars]...
	at org.junit.internal.runners.statements.RunAfters.evaluate(RunAfters.java:31)
	at org.junit.runners.ParentRunner.run(ParentRunner.java:220)
	at junit.framework.JUnit4TestAdapter.run(JUnit4TestAdapter.java:39)
	at org.apache.tools.ant.taskdefs.optional.junit.JUnitTestRunner.run(JUnitTestRunner.java:420)
	at org.apache.tools.ant.taskdefs.optional.junit.JUnitTestRunner.launch(JUnitTestRunner.java:911)
	at org.apache.tools.ant.taskdefs.optional.junit.JUnitTestRunner.main(JUnitTestRunner.java:768)
</stderr><stdout>Attempting to load ESAPI.properties via file I/O.
Attempting to load ESAPI.properties as resource file via file I/O.
Not found in 'org.owasp.esapi.resources' directory or file not readable: /build/hudson/jobs/pentaho-big-data-plugin/workspace/ESAPI.properties
Not found in SystemResource Directory/resourceDirectory: .esapi/ESAPI.properties
Not found in 'user.home' (/home/tomcat) directory: /home/tomcat/esapi/ESAPI.properties
Loading ESAPI.properties via file I/O failed. Exception was: java.io.Fil
...[truncated 20866 chars]...
ished processing (I=0, O=0, R=1, W=1, U=0, E=0)
2014/10/07 15:31:52 - Add value.0 - Finished processing (I=0, O=0, R=1, W=1, U=0, E=0)
2014/10/07 15:31:52 - Remove garbage.0 - Finished processing (I=0, O=0, R=1, W=1, U=0, E=0)
2014/10/07 15:31:52 - Output.0 - Finished processing (I=0, O=0, R=1, W=1, U=0, E=0)
Could not retrieve the log level from the job configuration.  logLevel will not be set.
2014/10/07 15:31:52 - WordCount Reducer - Dispatching started for transformation [WordCount Reducer]
</stdout></case><case><age>0</age><className>org.pentaho.hadoop.mapreduce.test.PentahoMapReduceIntegrationTest</className><duration>0.073</duration><failedSince>0</failedSince><name>testTaskIdExtraction</name><skipped>false</skipped><status>PASSED</status><stderr>org.pentaho.di.core.exception.KettleException: 
key or value is not defined in transformation injector step

	at org.pentaho.hadoop.mapreduce.PentahoMapRunnable.run(PentahoMapRunnable.java:414)
	at org.pentaho.hadoop.mapreduce.test.PentahoMapReduceIntegrationTest.testMapperBadInjectorFields(PentahoMapReduceIntegrationTest.java:83)
	at sun.reflect.NativeMethodAccessorImpl.invoke0(Native Method)
	at sun.reflect.NativeMethodAccessorImpl.invoke(NativeMethodAccessorImpl.java:57)
	at sun.reflect.Deleg
...[truncated 17173 chars]...
	at org.junit.internal.runners.statements.RunAfters.evaluate(RunAfters.java:31)
	at org.junit.runners.ParentRunner.run(ParentRunner.java:220)
	at junit.framework.JUnit4TestAdapter.run(JUnit4TestAdapter.java:39)
	at org.apache.tools.ant.taskdefs.optional.junit.JUnitTestRunner.run(JUnitTestRunner.java:420)
	at org.apache.tools.ant.taskdefs.optional.junit.JUnitTestRunner.launch(JUnitTestRunner.java:911)
	at org.apache.tools.ant.taskdefs.optional.junit.JUnitTestRunner.main(JUnitTestRunner.java:768)
</stderr><stdout>Attempting to load ESAPI.properties via file I/O.
Attempting to load ESAPI.properties as resource file via file I/O.
Not found in 'org.owasp.esapi.resources' directory or file not readable: /build/hudson/jobs/pentaho-big-data-plugin/workspace/ESAPI.properties
Not found in SystemResource Directory/resourceDirectory: .esapi/ESAPI.properties
Not found in 'user.home' (/home/tomcat) directory: /home/tomcat/esapi/ESAPI.properties
Loading ESAPI.properties via file I/O failed. Exception was: java.io.Fil
...[truncated 20866 chars]...
ished processing (I=0, O=0, R=1, W=1, U=0, E=0)
2014/10/07 15:31:52 - Add value.0 - Finished processing (I=0, O=0, R=1, W=1, U=0, E=0)
2014/10/07 15:31:52 - Remove garbage.0 - Finished processing (I=0, O=0, R=1, W=1, U=0, E=0)
2014/10/07 15:31:52 - Output.0 - Finished processing (I=0, O=0, R=1, W=1, U=0, E=0)
Could not retrieve the log level from the job configuration.  logLevel will not be set.
2014/10/07 15:31:52 - WordCount Reducer - Dispatching started for transformation [WordCount Reducer]
</stdout></case><case><age>0</age><className>org.pentaho.hadoop.mapreduce.test.PentahoMapReduceIntegrationTest</className><duration>0.064</duration><failedSince>0</failedSince><name>testTaskIdExtraction_over_10000</name><skipped>false</skipped><status>PASSED</status><stderr>org.pentaho.di.core.exception.KettleException: 
key or value is not defined in transformation injector step

	at org.pentaho.hadoop.mapreduce.PentahoMapRunnable.run(PentahoMapRunnable.java:414)
	at org.pentaho.hadoop.mapreduce.test.PentahoMapReduceIntegrationTest.testMapperBadInjectorFields(PentahoMapReduceIntegrationTest.java:83)
	at sun.reflect.NativeMethodAccessorImpl.invoke0(Native Method)
	at sun.reflect.NativeMethodAccessorImpl.invoke(NativeMethodAccessorImpl.java:57)
	at sun.reflect.Deleg
...[truncated 17173 chars]...
	at org.junit.internal.runners.statements.RunAfters.evaluate(RunAfters.java:31)
	at org.junit.runners.ParentRunner.run(ParentRunner.java:220)
	at junit.framework.JUnit4TestAdapter.run(JUnit4TestAdapter.java:39)
	at org.apache.tools.ant.taskdefs.optional.junit.JUnitTestRunner.run(JUnitTestRunner.java:420)
	at org.apache.tools.ant.taskdefs.optional.junit.JUnitTestRunner.launch(JUnitTestRunner.java:911)
	at org.apache.tools.ant.taskdefs.optional.junit.JUnitTestRunner.main(JUnitTestRunner.java:768)
</stderr><stdout>Attempting to load ESAPI.properties via file I/O.
Attempting to load ESAPI.properties as resource file via file I/O.
Not found in 'org.owasp.esapi.resources' directory or file not readable: /build/hudson/jobs/pentaho-big-data-plugin/workspace/ESAPI.properties
Not found in SystemResource Directory/resourceDirectory: .esapi/ESAPI.properties
Not found in 'user.home' (/home/tomcat) directory: /home/tomcat/esapi/ESAPI.properties
Loading ESAPI.properties via file I/O failed. Exception was: java.io.Fil
...[truncated 20866 chars]...
ished processing (I=0, O=0, R=1, W=1, U=0, E=0)
2014/10/07 15:31:52 - Add value.0 - Finished processing (I=0, O=0, R=1, W=1, U=0, E=0)
2014/10/07 15:31:52 - Remove garbage.0 - Finished processing (I=0, O=0, R=1, W=1, U=0, E=0)
2014/10/07 15:31:52 - Output.0 - Finished processing (I=0, O=0, R=1, W=1, U=0, E=0)
Could not retrieve the log level from the job configuration.  logLevel will not be set.
2014/10/07 15:31:52 - WordCount Reducer - Dispatching started for transformation [WordCount Reducer]
</stdout></case><case><age>0</age><className>org.pentaho.hadoop.mapreduce.test.PentahoMapReduceIntegrationTest</className><duration>0.07</duration><failedSince>0</failedSince><name>testMapperBadInjectorFields</name><skipped>false</skipped><status>PASSED</status><stderr>org.pentaho.di.core.exception.KettleException: 
key or value is not defined in transformation injector step

	at org.pentaho.hadoop.mapreduce.PentahoMapRunnable.run(PentahoMapRunnable.java:414)
	at org.pentaho.hadoop.mapreduce.test.PentahoMapReduceIntegrationTest.testMapperBadInjectorFields(PentahoMapReduceIntegrationTest.java:83)
	at sun.reflect.NativeMethodAccessorImpl.invoke0(Native Method)
	at sun.reflect.NativeMethodAccessorImpl.invoke(NativeMethodAccessorImpl.java:57)
	at sun.reflect.Deleg
...[truncated 17173 chars]...
	at org.junit.internal.runners.statements.RunAfters.evaluate(RunAfters.java:31)
	at org.junit.runners.ParentRunner.run(ParentRunner.java:220)
	at junit.framework.JUnit4TestAdapter.run(JUnit4TestAdapter.java:39)
	at org.apache.tools.ant.taskdefs.optional.junit.JUnitTestRunner.run(JUnitTestRunner.java:420)
	at org.apache.tools.ant.taskdefs.optional.junit.JUnitTestRunner.launch(JUnitTestRunner.java:911)
	at org.apache.tools.ant.taskdefs.optional.junit.JUnitTestRunner.main(JUnitTestRunner.java:768)
</stderr><stdout>Attempting to load ESAPI.properties via file I/O.
Attempting to load ESAPI.properties as resource file via file I/O.
Not found in 'org.owasp.esapi.resources' directory or file not readable: /build/hudson/jobs/pentaho-big-data-plugin/workspace/ESAPI.properties
Not found in SystemResource Directory/resourceDirectory: .esapi/ESAPI.properties
Not found in 'user.home' (/home/tomcat) directory: /home/tomcat/esapi/ESAPI.properties
Loading ESAPI.properties via file I/O failed. Exception was: java.io.Fil
...[truncated 20866 chars]...
ished processing (I=0, O=0, R=1, W=1, U=0, E=0)
2014/10/07 15:31:52 - Add value.0 - Finished processing (I=0, O=0, R=1, W=1, U=0, E=0)
2014/10/07 15:31:52 - Remove garbage.0 - Finished processing (I=0, O=0, R=1, W=1, U=0, E=0)
2014/10/07 15:31:52 - Output.0 - Finished processing (I=0, O=0, R=1, W=1, U=0, E=0)
Could not retrieve the log level from the job configuration.  logLevel will not be set.
2014/10/07 15:31:52 - WordCount Reducer - Dispatching started for transformation [WordCount Reducer]
</stdout></case><case><age>0</age><className>org.pentaho.hadoop.mapreduce.test.PentahoMapReduceIntegrationTest</className><duration>0.053</duration><failedSince>0</failedSince><name>testReducerNoInjectorStep</name><skipped>false</skipped><status>PASSED</status><stderr>org.pentaho.di.core.exception.KettleException: 
key or value is not defined in transformation injector step

	at org.pentaho.hadoop.mapreduce.PentahoMapRunnable.run(PentahoMapRunnable.java:414)
	at org.pentaho.hadoop.mapreduce.test.PentahoMapReduceIntegrationTest.testMapperBadInjectorFields(PentahoMapReduceIntegrationTest.java:83)
	at sun.reflect.NativeMethodAccessorImpl.invoke0(Native Method)
	at sun.reflect.NativeMethodAccessorImpl.invoke(NativeMethodAccessorImpl.java:57)
	at sun.reflect.Deleg
...[truncated 17173 chars]...
	at org.junit.internal.runners.statements.RunAfters.evaluate(RunAfters.java:31)
	at org.junit.runners.ParentRunner.run(ParentRunner.java:220)
	at junit.framework.JUnit4TestAdapter.run(JUnit4TestAdapter.java:39)
	at org.apache.tools.ant.taskdefs.optional.junit.JUnitTestRunner.run(JUnitTestRunner.java:420)
	at org.apache.tools.ant.taskdefs.optional.junit.JUnitTestRunner.launch(JUnitTestRunner.java:911)
	at org.apache.tools.ant.taskdefs.optional.junit.JUnitTestRunner.main(JUnitTestRunner.java:768)
</stderr><stdout>Attempting to load ESAPI.properties via file I/O.
Attempting to load ESAPI.properties as resource file via file I/O.
Not found in 'org.owasp.esapi.resources' directory or file not readable: /build/hudson/jobs/pentaho-big-data-plugin/workspace/ESAPI.properties
Not found in SystemResource Directory/resourceDirectory: .esapi/ESAPI.properties
Not found in 'user.home' (/home/tomcat) directory: /home/tomcat/esapi/ESAPI.properties
Loading ESAPI.properties via file I/O failed. Exception was: java.io.Fil
...[truncated 20866 chars]...
ished processing (I=0, O=0, R=1, W=1, U=0, E=0)
2014/10/07 15:31:52 - Add value.0 - Finished processing (I=0, O=0, R=1, W=1, U=0, E=0)
2014/10/07 15:31:52 - Remove garbage.0 - Finished processing (I=0, O=0, R=1, W=1, U=0, E=0)
2014/10/07 15:31:52 - Output.0 - Finished processing (I=0, O=0, R=1, W=1, U=0, E=0)
Could not retrieve the log level from the job configuration.  logLevel will not be set.
2014/10/07 15:31:52 - WordCount Reducer - Dispatching started for transformation [WordCount Reducer]
</stdout></case><case><age>0</age><className>org.pentaho.hadoop.mapreduce.test.PentahoMapReduceIntegrationTest</className><duration>0.049</duration><failedSince>0</failedSince><name>testReducerNoOutputStep</name><skipped>false</skipped><status>PASSED</status><stderr>org.pentaho.di.core.exception.KettleException: 
key or value is not defined in transformation injector step

	at org.pentaho.hadoop.mapreduce.PentahoMapRunnable.run(PentahoMapRunnable.java:414)
	at org.pentaho.hadoop.mapreduce.test.PentahoMapReduceIntegrationTest.testMapperBadInjectorFields(PentahoMapReduceIntegrationTest.java:83)
	at sun.reflect.NativeMethodAccessorImpl.invoke0(Native Method)
	at sun.reflect.NativeMethodAccessorImpl.invoke(NativeMethodAccessorImpl.java:57)
	at sun.reflect.Deleg
...[truncated 17173 chars]...
	at org.junit.internal.runners.statements.RunAfters.evaluate(RunAfters.java:31)
	at org.junit.runners.ParentRunner.run(ParentRunner.java:220)
	at junit.framework.JUnit4TestAdapter.run(JUnit4TestAdapter.java:39)
	at org.apache.tools.ant.taskdefs.optional.junit.JUnitTestRunner.run(JUnitTestRunner.java:420)
	at org.apache.tools.ant.taskdefs.optional.junit.JUnitTestRunner.launch(JUnitTestRunner.java:911)
	at org.apache.tools.ant.taskdefs.optional.junit.JUnitTestRunner.main(JUnitTestRunner.java:768)
</stderr><stdout>Attempting to load ESAPI.properties via file I/O.
Attempting to load ESAPI.properties as resource file via file I/O.
Not found in 'org.owasp.esapi.resources' directory or file not readable: /build/hudson/jobs/pentaho-big-data-plugin/workspace/ESAPI.properties
Not found in SystemResource Directory/resourceDirectory: .esapi/ESAPI.properties
Not found in 'user.home' (/home/tomcat) directory: /home/tomcat/esapi/ESAPI.properties
Loading ESAPI.properties via file I/O failed. Exception was: java.io.Fil
...[truncated 20866 chars]...
ished processing (I=0, O=0, R=1, W=1, U=0, E=0)
2014/10/07 15:31:52 - Add value.0 - Finished processing (I=0, O=0, R=1, W=1, U=0, E=0)
2014/10/07 15:31:52 - Remove garbage.0 - Finished processing (I=0, O=0, R=1, W=1, U=0, E=0)
2014/10/07 15:31:52 - Output.0 - Finished processing (I=0, O=0, R=1, W=1, U=0, E=0)
Could not retrieve the log level from the job configuration.  logLevel will not be set.
2014/10/07 15:31:52 - WordCount Reducer - Dispatching started for transformation [WordCount Reducer]
</stdout></case><case><age>0</age><className>org.pentaho.hadoop.mapreduce.test.PentahoMapReduceIntegrationTest</className><duration>0.111</duration><failedSince>0</failedSince><name>testMapperBadOutputFields</name><skipped>false</skipped><status>PASSED</status><stderr>org.pentaho.di.core.exception.KettleException: 
key or value is not defined in transformation injector step

	at org.pentaho.hadoop.mapreduce.PentahoMapRunnable.run(PentahoMapRunnable.java:414)
	at org.pentaho.hadoop.mapreduce.test.PentahoMapReduceIntegrationTest.testMapperBadInjectorFields(PentahoMapReduceIntegrationTest.java:83)
	at sun.reflect.NativeMethodAccessorImpl.invoke0(Native Method)
	at sun.reflect.NativeMethodAccessorImpl.invoke(NativeMethodAccessorImpl.java:57)
	at sun.reflect.Deleg
...[truncated 17173 chars]...
	at org.junit.internal.runners.statements.RunAfters.evaluate(RunAfters.java:31)
	at org.junit.runners.ParentRunner.run(ParentRunner.java:220)
	at junit.framework.JUnit4TestAdapter.run(JUnit4TestAdapter.java:39)
	at org.apache.tools.ant.taskdefs.optional.junit.JUnitTestRunner.run(JUnitTestRunner.java:420)
	at org.apache.tools.ant.taskdefs.optional.junit.JUnitTestRunner.launch(JUnitTestRunner.java:911)
	at org.apache.tools.ant.taskdefs.optional.junit.JUnitTestRunner.main(JUnitTestRunner.java:768)
</stderr><stdout>Attempting to load ESAPI.properties via file I/O.
Attempting to load ESAPI.properties as resource file via file I/O.
Not found in 'org.owasp.esapi.resources' directory or file not readable: /build/hudson/jobs/pentaho-big-data-plugin/workspace/ESAPI.properties
Not found in SystemResource Directory/resourceDirectory: .esapi/ESAPI.properties
Not found in 'user.home' (/home/tomcat) directory: /home/tomcat/esapi/ESAPI.properties
Loading ESAPI.properties via file I/O failed. Exception was: java.io.Fil
...[truncated 20866 chars]...
ished processing (I=0, O=0, R=1, W=1, U=0, E=0)
2014/10/07 15:31:52 - Add value.0 - Finished processing (I=0, O=0, R=1, W=1, U=0, E=0)
2014/10/07 15:31:52 - Remove garbage.0 - Finished processing (I=0, O=0, R=1, W=1, U=0, E=0)
2014/10/07 15:31:52 - Output.0 - Finished processing (I=0, O=0, R=1, W=1, U=0, E=0)
Could not retrieve the log level from the job configuration.  logLevel will not be set.
2014/10/07 15:31:52 - WordCount Reducer - Dispatching started for transformation [WordCount Reducer]
</stdout></case><case><age>0</age><className>org.pentaho.hadoop.mapreduce.test.PentahoMapReduceIntegrationTest</className><duration>0.048</duration><failedSince>0</failedSince><name>testMapperNoInjectorStep</name><skipped>false</skipped><status>PASSED</status><stderr>org.pentaho.di.core.exception.KettleException: 
key or value is not defined in transformation injector step

	at org.pentaho.hadoop.mapreduce.PentahoMapRunnable.run(PentahoMapRunnable.java:414)
	at org.pentaho.hadoop.mapreduce.test.PentahoMapReduceIntegrationTest.testMapperBadInjectorFields(PentahoMapReduceIntegrationTest.java:83)
	at sun.reflect.NativeMethodAccessorImpl.invoke0(Native Method)
	at sun.reflect.NativeMethodAccessorImpl.invoke(NativeMethodAccessorImpl.java:57)
	at sun.reflect.Deleg
...[truncated 17173 chars]...
	at org.junit.internal.runners.statements.RunAfters.evaluate(RunAfters.java:31)
	at org.junit.runners.ParentRunner.run(ParentRunner.java:220)
	at junit.framework.JUnit4TestAdapter.run(JUnit4TestAdapter.java:39)
	at org.apache.tools.ant.taskdefs.optional.junit.JUnitTestRunner.run(JUnitTestRunner.java:420)
	at org.apache.tools.ant.taskdefs.optional.junit.JUnitTestRunner.launch(JUnitTestRunner.java:911)
	at org.apache.tools.ant.taskdefs.optional.junit.JUnitTestRunner.main(JUnitTestRunner.java:768)
</stderr><stdout>Attempting to load ESAPI.properties via file I/O.
Attempting to load ESAPI.properties as resource file via file I/O.
Not found in 'org.owasp.esapi.resources' directory or file not readable: /build/hudson/jobs/pentaho-big-data-plugin/workspace/ESAPI.properties
Not found in SystemResource Directory/resourceDirectory: .esapi/ESAPI.properties
Not found in 'user.home' (/home/tomcat) directory: /home/tomcat/esapi/ESAPI.properties
Loading ESAPI.properties via file I/O failed. Exception was: java.io.Fil
...[truncated 20866 chars]...
ished processing (I=0, O=0, R=1, W=1, U=0, E=0)
2014/10/07 15:31:52 - Add value.0 - Finished processing (I=0, O=0, R=1, W=1, U=0, E=0)
2014/10/07 15:31:52 - Remove garbage.0 - Finished processing (I=0, O=0, R=1, W=1, U=0, E=0)
2014/10/07 15:31:52 - Output.0 - Finished processing (I=0, O=0, R=1, W=1, U=0, E=0)
Could not retrieve the log level from the job configuration.  logLevel will not be set.
2014/10/07 15:31:52 - WordCount Reducer - Dispatching started for transformation [WordCount Reducer]
</stdout></case><case><age>0</age><className>org.pentaho.hadoop.mapreduce.test.PentahoMapReduceIntegrationTest</className><duration>0.051</duration><failedSince>0</failedSince><name>testMapperNoOutputStep</name><skipped>false</skipped><status>PASSED</status><stderr>org.pentaho.di.core.exception.KettleException: 
key or value is not defined in transformation injector step

	at org.pentaho.hadoop.mapreduce.PentahoMapRunnable.run(PentahoMapRunnable.java:414)
	at org.pentaho.hadoop.mapreduce.test.PentahoMapReduceIntegrationTest.testMapperBadInjectorFields(PentahoMapReduceIntegrationTest.java:83)
	at sun.reflect.NativeMethodAccessorImpl.invoke0(Native Method)
	at sun.reflect.NativeMethodAccessorImpl.invoke(NativeMethodAccessorImpl.java:57)
	at sun.reflect.Deleg
...[truncated 17173 chars]...
	at org.junit.internal.runners.statements.RunAfters.evaluate(RunAfters.java:31)
	at org.junit.runners.ParentRunner.run(ParentRunner.java:220)
	at junit.framework.JUnit4TestAdapter.run(JUnit4TestAdapter.java:39)
	at org.apache.tools.ant.taskdefs.optional.junit.JUnitTestRunner.run(JUnitTestRunner.java:420)
	at org.apache.tools.ant.taskdefs.optional.junit.JUnitTestRunner.launch(JUnitTestRunner.java:911)
	at org.apache.tools.ant.taskdefs.optional.junit.JUnitTestRunner.main(JUnitTestRunner.java:768)
</stderr><stdout>Attempting to load ESAPI.properties via file I/O.
Attempting to load ESAPI.properties as resource file via file I/O.
Not found in 'org.owasp.esapi.resources' directory or file not readable: /build/hudson/jobs/pentaho-big-data-plugin/workspace/ESAPI.properties
Not found in SystemResource Directory/resourceDirectory: .esapi/ESAPI.properties
Not found in 'user.home' (/home/tomcat) directory: /home/tomcat/esapi/ESAPI.properties
Loading ESAPI.properties via file I/O failed. Exception was: java.io.Fil
...[truncated 20866 chars]...
ished processing (I=0, O=0, R=1, W=1, U=0, E=0)
2014/10/07 15:31:52 - Add value.0 - Finished processing (I=0, O=0, R=1, W=1, U=0, E=0)
2014/10/07 15:31:52 - Remove garbage.0 - Finished processing (I=0, O=0, R=1, W=1, U=0, E=0)
2014/10/07 15:31:52 - Output.0 - Finished processing (I=0, O=0, R=1, W=1, U=0, E=0)
Could not retrieve the log level from the job configuration.  logLevel will not be set.
2014/10/07 15:31:52 - WordCount Reducer - Dispatching started for transformation [WordCount Reducer]
</stdout></case><case><age>0</age><className>org.pentaho.hadoop.mapreduce.test.PentahoMapReduceIntegrationTest</className><duration>0.047</duration><failedSince>0</failedSince><name>testReducerBadInjectorFields</name><skipped>false</skipped><status>PASSED</status><stderr>org.pentaho.di.core.exception.KettleException: 
key or value is not defined in transformation injector step

	at org.pentaho.hadoop.mapreduce.PentahoMapRunnable.run(PentahoMapRunnable.java:414)
	at org.pentaho.hadoop.mapreduce.test.PentahoMapReduceIntegrationTest.testMapperBadInjectorFields(PentahoMapReduceIntegrationTest.java:83)
	at sun.reflect.NativeMethodAccessorImpl.invoke0(Native Method)
	at sun.reflect.NativeMethodAccessorImpl.invoke(NativeMethodAccessorImpl.java:57)
	at sun.reflect.Deleg
...[truncated 17173 chars]...
	at org.junit.internal.runners.statements.RunAfters.evaluate(RunAfters.java:31)
	at org.junit.runners.ParentRunner.run(ParentRunner.java:220)
	at junit.framework.JUnit4TestAdapter.run(JUnit4TestAdapter.java:39)
	at org.apache.tools.ant.taskdefs.optional.junit.JUnitTestRunner.run(JUnitTestRunner.java:420)
	at org.apache.tools.ant.taskdefs.optional.junit.JUnitTestRunner.launch(JUnitTestRunner.java:911)
	at org.apache.tools.ant.taskdefs.optional.junit.JUnitTestRunner.main(JUnitTestRunner.java:768)
</stderr><stdout>Attempting to load ESAPI.properties via file I/O.
Attempting to load ESAPI.properties as resource file via file I/O.
Not found in 'org.owasp.esapi.resources' directory or file not readable: /build/hudson/jobs/pentaho-big-data-plugin/workspace/ESAPI.properties
Not found in SystemResource Directory/resourceDirectory: .esapi/ESAPI.properties
Not found in 'user.home' (/home/tomcat) directory: /home/tomcat/esapi/ESAPI.properties
Loading ESAPI.properties via file I/O failed. Exception was: java.io.Fil
...[truncated 20866 chars]...
ished processing (I=0, O=0, R=1, W=1, U=0, E=0)
2014/10/07 15:31:52 - Add value.0 - Finished processing (I=0, O=0, R=1, W=1, U=0, E=0)
2014/10/07 15:31:52 - Remove garbage.0 - Finished processing (I=0, O=0, R=1, W=1, U=0, E=0)
2014/10/07 15:31:52 - Output.0 - Finished processing (I=0, O=0, R=1, W=1, U=0, E=0)
Could not retrieve the log level from the job configuration.  logLevel will not be set.
2014/10/07 15:31:52 - WordCount Reducer - Dispatching started for transformation [WordCount Reducer]
</stdout></case><case><age>0</age><className>org.pentaho.hadoop.mapreduce.test.PentahoMapReduceIntegrationTest</className><duration>1.148</duration><failedSince>0</failedSince><name>testMapRunnable_wordCount</name><skipped>false</skipped><status>PASSED</status><stderr>org.pentaho.di.core.exception.KettleException: 
key or value is not defined in transformation injector step

	at org.pentaho.hadoop.mapreduce.PentahoMapRunnable.run(PentahoMapRunnable.java:414)
	at org.pentaho.hadoop.mapreduce.test.PentahoMapReduceIntegrationTest.testMapperBadInjectorFields(PentahoMapReduceIntegrationTest.java:83)
	at sun.reflect.NativeMethodAccessorImpl.invoke0(Native Method)
	at sun.reflect.NativeMethodAccessorImpl.invoke(NativeMethodAccessorImpl.java:57)
	at sun.reflect.Deleg
...[truncated 17173 chars]...
	at org.junit.internal.runners.statements.RunAfters.evaluate(RunAfters.java:31)
	at org.junit.runners.ParentRunner.run(ParentRunner.java:220)
	at junit.framework.JUnit4TestAdapter.run(JUnit4TestAdapter.java:39)
	at org.apache.tools.ant.taskdefs.optional.junit.JUnitTestRunner.run(JUnitTestRunner.java:420)
	at org.apache.tools.ant.taskdefs.optional.junit.JUnitTestRunner.launch(JUnitTestRunner.java:911)
	at org.apache.tools.ant.taskdefs.optional.junit.JUnitTestRunner.main(JUnitTestRunner.java:768)
</stderr><stdout>Attempting to load ESAPI.properties via file I/O.
Attempting to load ESAPI.properties as resource file via file I/O.
Not found in 'org.owasp.esapi.resources' directory or file not readable: /build/hudson/jobs/pentaho-big-data-plugin/workspace/ESAPI.properties
Not found in SystemResource Directory/resourceDirectory: .esapi/ESAPI.properties
Not found in 'user.home' (/home/tomcat) directory: /home/tomcat/esapi/ESAPI.properties
Loading ESAPI.properties via file I/O failed. Exception was: java.io.Fil
...[truncated 20866 chars]...
ished processing (I=0, O=0, R=1, W=1, U=0, E=0)
2014/10/07 15:31:52 - Add value.0 - Finished processing (I=0, O=0, R=1, W=1, U=0, E=0)
2014/10/07 15:31:52 - Remove garbage.0 - Finished processing (I=0, O=0, R=1, W=1, U=0, E=0)
2014/10/07 15:31:52 - Output.0 - Finished processing (I=0, O=0, R=1, W=1, U=0, E=0)
Could not retrieve the log level from the job configuration.  logLevel will not be set.
2014/10/07 15:31:52 - WordCount Reducer - Dispatching started for transformation [WordCount Reducer]
</stdout></case><case><age>0</age><className>org.pentaho.hadoop.mapreduce.test.PentahoMapReduceIntegrationTest</className><duration>0.059</duration><failedSince>0</failedSince><name>testMapper_null_output_value</name><skipped>false</skipped><status>PASSED</status><stderr>org.pentaho.di.core.exception.KettleException: 
key or value is not defined in transformation injector step

	at org.pentaho.hadoop.mapreduce.PentahoMapRunnable.run(PentahoMapRunnable.java:414)
	at org.pentaho.hadoop.mapreduce.test.PentahoMapReduceIntegrationTest.testMapperBadInjectorFields(PentahoMapReduceIntegrationTest.java:83)
	at sun.reflect.NativeMethodAccessorImpl.invoke0(Native Method)
	at sun.reflect.NativeMethodAccessorImpl.invoke(NativeMethodAccessorImpl.java:57)
	at sun.reflect.Deleg
...[truncated 17173 chars]...
	at org.junit.internal.runners.statements.RunAfters.evaluate(RunAfters.java:31)
	at org.junit.runners.ParentRunner.run(ParentRunner.java:220)
	at junit.framework.JUnit4TestAdapter.run(JUnit4TestAdapter.java:39)
	at org.apache.tools.ant.taskdefs.optional.junit.JUnitTestRunner.run(JUnitTestRunner.java:420)
	at org.apache.tools.ant.taskdefs.optional.junit.JUnitTestRunner.launch(JUnitTestRunner.java:911)
	at org.apache.tools.ant.taskdefs.optional.junit.JUnitTestRunner.main(JUnitTestRunner.java:768)
</stderr><stdout>Attempting to load ESAPI.properties via file I/O.
Attempting to load ESAPI.properties as resource file via file I/O.
Not found in 'org.owasp.esapi.resources' directory or file not readable: /build/hudson/jobs/pentaho-big-data-plugin/workspace/ESAPI.properties
Not found in SystemResource Directory/resourceDirectory: .esapi/ESAPI.properties
Not found in 'user.home' (/home/tomcat) directory: /home/tomcat/esapi/ESAPI.properties
Loading ESAPI.properties via file I/O failed. Exception was: java.io.Fil
...[truncated 20866 chars]...
ished processing (I=0, O=0, R=1, W=1, U=0, E=0)
2014/10/07 15:31:52 - Add value.0 - Finished processing (I=0, O=0, R=1, W=1, U=0, E=0)
2014/10/07 15:31:52 - Remove garbage.0 - Finished processing (I=0, O=0, R=1, W=1, U=0, E=0)
2014/10/07 15:31:52 - Output.0 - Finished processing (I=0, O=0, R=1, W=1, U=0, E=0)
Could not retrieve the log level from the job configuration.  logLevel will not be set.
2014/10/07 15:31:52 - WordCount Reducer - Dispatching started for transformation [WordCount Reducer]
</stdout></case><case><age>0</age><className>org.pentaho.hadoop.mapreduce.test.PentahoMapReduceIntegrationTest</className><duration>0.036</duration><failedSince>0</failedSince><name>testCombiner_null_output_value</name><skipped>false</skipped><status>PASSED</status><stderr>org.pentaho.di.core.exception.KettleException: 
key or value is not defined in transformation injector step

	at org.pentaho.hadoop.mapreduce.PentahoMapRunnable.run(PentahoMapRunnable.java:414)
	at org.pentaho.hadoop.mapreduce.test.PentahoMapReduceIntegrationTest.testMapperBadInjectorFields(PentahoMapReduceIntegrationTest.java:83)
	at sun.reflect.NativeMethodAccessorImpl.invoke0(Native Method)
	at sun.reflect.NativeMethodAccessorImpl.invoke(NativeMethodAccessorImpl.java:57)
	at sun.reflect.Deleg
...[truncated 17173 chars]...
	at org.junit.internal.runners.statements.RunAfters.evaluate(RunAfters.java:31)
	at org.junit.runners.ParentRunner.run(ParentRunner.java:220)
	at junit.framework.JUnit4TestAdapter.run(JUnit4TestAdapter.java:39)
	at org.apache.tools.ant.taskdefs.optional.junit.JUnitTestRunner.run(JUnitTestRunner.java:420)
	at org.apache.tools.ant.taskdefs.optional.junit.JUnitTestRunner.launch(JUnitTestRunner.java:911)
	at org.apache.tools.ant.taskdefs.optional.junit.JUnitTestRunner.main(JUnitTestRunner.java:768)
</stderr><stdout>Attempting to load ESAPI.properties via file I/O.
Attempting to load ESAPI.properties as resource file via file I/O.
Not found in 'org.owasp.esapi.resources' directory or file not readable: /build/hudson/jobs/pentaho-big-data-plugin/workspace/ESAPI.properties
Not found in SystemResource Directory/resourceDirectory: .esapi/ESAPI.properties
Not found in 'user.home' (/home/tomcat) directory: /home/tomcat/esapi/ESAPI.properties
Loading ESAPI.properties via file I/O failed. Exception was: java.io.Fil
...[truncated 20866 chars]...
ished processing (I=0, O=0, R=1, W=1, U=0, E=0)
2014/10/07 15:31:52 - Add value.0 - Finished processing (I=0, O=0, R=1, W=1, U=0, E=0)
2014/10/07 15:31:52 - Remove garbage.0 - Finished processing (I=0, O=0, R=1, W=1, U=0, E=0)
2014/10/07 15:31:52 - Output.0 - Finished processing (I=0, O=0, R=1, W=1, U=0, E=0)
Could not retrieve the log level from the job configuration.  logLevel will not be set.
2014/10/07 15:31:52 - WordCount Reducer - Dispatching started for transformation [WordCount Reducer]
</stdout></case><case><age>0</age><className>org.pentaho.hadoop.mapreduce.test.PentahoMapReduceIntegrationTest</className><duration>0.05</duration><failedSince>0</failedSince><name>testReducer_null_output_value</name><skipped>false</skipped><status>PASSED</status><stderr>org.pentaho.di.core.exception.KettleException: 
key or value is not defined in transformation injector step

	at org.pentaho.hadoop.mapreduce.PentahoMapRunnable.run(PentahoMapRunnable.java:414)
	at org.pentaho.hadoop.mapreduce.test.PentahoMapReduceIntegrationTest.testMapperBadInjectorFields(PentahoMapReduceIntegrationTest.java:83)
	at sun.reflect.NativeMethodAccessorImpl.invoke0(Native Method)
	at sun.reflect.NativeMethodAccessorImpl.invoke(NativeMethodAccessorImpl.java:57)
	at sun.reflect.Deleg
...[truncated 17173 chars]...
	at org.junit.internal.runners.statements.RunAfters.evaluate(RunAfters.java:31)
	at org.junit.runners.ParentRunner.run(ParentRunner.java:220)
	at junit.framework.JUnit4TestAdapter.run(JUnit4TestAdapter.java:39)
	at org.apache.tools.ant.taskdefs.optional.junit.JUnitTestRunner.run(JUnitTestRunner.java:420)
	at org.apache.tools.ant.taskdefs.optional.junit.JUnitTestRunner.launch(JUnitTestRunner.java:911)
	at org.apache.tools.ant.taskdefs.optional.junit.JUnitTestRunner.main(JUnitTestRunner.java:768)
</stderr><stdout>Attempting to load ESAPI.properties via file I/O.
Attempting to load ESAPI.properties as resource file via file I/O.
Not found in 'org.owasp.esapi.resources' directory or file not readable: /build/hudson/jobs/pentaho-big-data-plugin/workspace/ESAPI.properties
Not found in SystemResource Directory/resourceDirectory: .esapi/ESAPI.properties
Not found in 'user.home' (/home/tomcat) directory: /home/tomcat/esapi/ESAPI.properties
Loading ESAPI.properties via file I/O failed. Exception was: java.io.Fil
...[truncated 20866 chars]...
ished processing (I=0, O=0, R=1, W=1, U=0, E=0)
2014/10/07 15:31:52 - Add value.0 - Finished processing (I=0, O=0, R=1, W=1, U=0, E=0)
2014/10/07 15:31:52 - Remove garbage.0 - Finished processing (I=0, O=0, R=1, W=1, U=0, E=0)
2014/10/07 15:31:52 - Output.0 - Finished processing (I=0, O=0, R=1, W=1, U=0, E=0)
Could not retrieve the log level from the job configuration.  logLevel will not be set.
2014/10/07 15:31:52 - WordCount Reducer - Dispatching started for transformation [WordCount Reducer]
</stdout></case><case><age>0</age><className>org.pentaho.hadoop.mapreduce.test.PentahoMapReduceIntegrationTest</className><duration>0.186</duration><failedSince>0</failedSince><name>testLogChannelLeaking_mapper</name><skipped>false</skipped><status>PASSED</status><stderr>org.pentaho.di.core.exception.KettleException: 
key or value is not defined in transformation injector step

	at org.pentaho.hadoop.mapreduce.PentahoMapRunnable.run(PentahoMapRunnable.java:414)
	at org.pentaho.hadoop.mapreduce.test.PentahoMapReduceIntegrationTest.testMapperBadInjectorFields(PentahoMapReduceIntegrationTest.java:83)
	at sun.reflect.NativeMethodAccessorImpl.invoke0(Native Method)
	at sun.reflect.NativeMethodAccessorImpl.invoke(NativeMethodAccessorImpl.java:57)
	at sun.reflect.Deleg
...[truncated 17173 chars]...
	at org.junit.internal.runners.statements.RunAfters.evaluate(RunAfters.java:31)
	at org.junit.runners.ParentRunner.run(ParentRunner.java:220)
	at junit.framework.JUnit4TestAdapter.run(JUnit4TestAdapter.java:39)
	at org.apache.tools.ant.taskdefs.optional.junit.JUnitTestRunner.run(JUnitTestRunner.java:420)
	at org.apache.tools.ant.taskdefs.optional.junit.JUnitTestRunner.launch(JUnitTestRunner.java:911)
	at org.apache.tools.ant.taskdefs.optional.junit.JUnitTestRunner.main(JUnitTestRunner.java:768)
</stderr><stdout>Attempting to load ESAPI.properties via file I/O.
Attempting to load ESAPI.properties as resource file via file I/O.
Not found in 'org.owasp.esapi.resources' directory or file not readable: /build/hudson/jobs/pentaho-big-data-plugin/workspace/ESAPI.properties
Not found in SystemResource Directory/resourceDirectory: .esapi/ESAPI.properties
Not found in 'user.home' (/home/tomcat) directory: /home/tomcat/esapi/ESAPI.properties
Loading ESAPI.properties via file I/O failed. Exception was: java.io.Fil
...[truncated 20866 chars]...
ished processing (I=0, O=0, R=1, W=1, U=0, E=0)
2014/10/07 15:31:52 - Add value.0 - Finished processing (I=0, O=0, R=1, W=1, U=0, E=0)
2014/10/07 15:31:52 - Remove garbage.0 - Finished processing (I=0, O=0, R=1, W=1, U=0, E=0)
2014/10/07 15:31:52 - Output.0 - Finished processing (I=0, O=0, R=1, W=1, U=0, E=0)
Could not retrieve the log level from the job configuration.  logLevel will not be set.
2014/10/07 15:31:52 - WordCount Reducer - Dispatching started for transformation [WordCount Reducer]
</stdout></case><case><age>0</age><className>org.pentaho.hadoop.mapreduce.test.PentahoMapReduceIntegrationTest</className><duration>0.035</duration><failedSince>0</failedSince><name>testCombiner_single_threaded_wordcount</name><skipped>false</skipped><status>PASSED</status><stderr>org.pentaho.di.core.exception.KettleException: 
key or value is not defined in transformation injector step

	at org.pentaho.hadoop.mapreduce.PentahoMapRunnable.run(PentahoMapRunnable.java:414)
	at org.pentaho.hadoop.mapreduce.test.PentahoMapReduceIntegrationTest.testMapperBadInjectorFields(PentahoMapReduceIntegrationTest.java:83)
	at sun.reflect.NativeMethodAccessorImpl.invoke0(Native Method)
	at sun.reflect.NativeMethodAccessorImpl.invoke(NativeMethodAccessorImpl.java:57)
	at sun.reflect.Deleg
...[truncated 17173 chars]...
	at org.junit.internal.runners.statements.RunAfters.evaluate(RunAfters.java:31)
	at org.junit.runners.ParentRunner.run(ParentRunner.java:220)
	at junit.framework.JUnit4TestAdapter.run(JUnit4TestAdapter.java:39)
	at org.apache.tools.ant.taskdefs.optional.junit.JUnitTestRunner.run(JUnitTestRunner.java:420)
	at org.apache.tools.ant.taskdefs.optional.junit.JUnitTestRunner.launch(JUnitTestRunner.java:911)
	at org.apache.tools.ant.taskdefs.optional.junit.JUnitTestRunner.main(JUnitTestRunner.java:768)
</stderr><stdout>Attempting to load ESAPI.properties via file I/O.
Attempting to load ESAPI.properties as resource file via file I/O.
Not found in 'org.owasp.esapi.resources' directory or file not readable: /build/hudson/jobs/pentaho-big-data-plugin/workspace/ESAPI.properties
Not found in SystemResource Directory/resourceDirectory: .esapi/ESAPI.properties
Not found in 'user.home' (/home/tomcat) directory: /home/tomcat/esapi/ESAPI.properties
Loading ESAPI.properties via file I/O failed. Exception was: java.io.Fil
...[truncated 20866 chars]...
ished processing (I=0, O=0, R=1, W=1, U=0, E=0)
2014/10/07 15:31:52 - Add value.0 - Finished processing (I=0, O=0, R=1, W=1, U=0, E=0)
2014/10/07 15:31:52 - Remove garbage.0 - Finished processing (I=0, O=0, R=1, W=1, U=0, E=0)
2014/10/07 15:31:52 - Output.0 - Finished processing (I=0, O=0, R=1, W=1, U=0, E=0)
Could not retrieve the log level from the job configuration.  logLevel will not be set.
2014/10/07 15:31:52 - WordCount Reducer - Dispatching started for transformation [WordCount Reducer]
</stdout></case><duration>3.8930004</duration><name>org.pentaho.hadoop.mapreduce.test.PentahoMapReduceIntegrationTest</name><stderr>org.pentaho.di.core.exception.KettleException: 
key or value is not defined in transformation injector step

	at org.pentaho.hadoop.mapreduce.PentahoMapRunnable.run(PentahoMapRunnable.java:414)
	at org.pentaho.hadoop.mapreduce.test.PentahoMapReduceIntegrationTest.testMapperBadInjectorFields(PentahoMapReduceIntegrationTest.java:83)
	at sun.reflect.NativeMethodAccessorImpl.invoke0(Native Method)
	at sun.reflect.NativeMethodAccessorImpl.invoke(NativeMethodAccessorImpl.java:57)
	at sun.reflect.Deleg
...[truncated 17173 chars]...
	at org.junit.internal.runners.statements.RunAfters.evaluate(RunAfters.java:31)
	at org.junit.runners.ParentRunner.run(ParentRunner.java:220)
	at junit.framework.JUnit4TestAdapter.run(JUnit4TestAdapter.java:39)
	at org.apache.tools.ant.taskdefs.optional.junit.JUnitTestRunner.run(JUnitTestRunner.java:420)
	at org.apache.tools.ant.taskdefs.optional.junit.JUnitTestRunner.launch(JUnitTestRunner.java:911)
	at org.apache.tools.ant.taskdefs.optional.junit.JUnitTestRunner.main(JUnitTestRunner.java:768)
</stderr><stdout>Attempting to load ESAPI.properties via file I/O.
Attempting to load ESAPI.properties as resource file via file I/O.
Not found in 'org.owasp.esapi.resources' directory or file not readable: /build/hudson/jobs/pentaho-big-data-plugin/workspace/ESAPI.properties
Not found in SystemResource Directory/resourceDirectory: .esapi/ESAPI.properties
Not found in 'user.home' (/home/tomcat) directory: /home/tomcat/esapi/ESAPI.properties
Loading ESAPI.properties via file I/O failed. Exception was: java.io.Fil
...[truncated 20866 chars]...
ished processing (I=0, O=0, R=1, W=1, U=0, E=0)
2014/10/07 15:31:52 - Add value.0 - Finished processing (I=0, O=0, R=1, W=1, U=0, E=0)
2014/10/07 15:31:52 - Remove garbage.0 - Finished processing (I=0, O=0, R=1, W=1, U=0, E=0)
2014/10/07 15:31:52 - Output.0 - Finished processing (I=0, O=0, R=1, W=1, U=0, E=0)
Could not retrieve the log level from the job configuration.  logLevel will not be set.
2014/10/07 15:31:52 - WordCount Reducer - Dispatching started for transformation [WordCount Reducer]
</stdout><timestamp>2014-10-07T19:31:48</timestamp></suite><suite><case><age>0</age><className>org.pentaho.hbase.HBaseValueMetaTest</className><duration>0.159</duration><failedSince>0</failedSince><name>testDecodeKeyValueString</name><skipped>false</skipped><status>PASSED</status><stderr></stderr><stdout></stdout></case><case><age>0</age><className>org.pentaho.hbase.HBaseValueMetaTest</className><duration>0.0</duration><failedSince>0</failedSince><name>testDecodeKeyValueUnsignedLong</name><skipped>false</skipped><status>PASSED</status><stderr></stderr><stdout></stdout></case><case><age>0</age><className>org.pentaho.hbase.HBaseValueMetaTest</className><duration>0.0</duration><failedSince>0</failedSince><name>testDecodeKeyValueUnsignedDate</name><skipped>false</skipped><status>PASSED</status><stderr></stderr><stdout></stdout></case><case><age>0</age><className>org.pentaho.hbase.HBaseValueMetaTest</className><duration>0.0010</duration><failedSince>0</failedSince><name>testDecodeKeyValueUnsignedInteger</name><skipped>false</skipped><status>PASSED</status><stderr></stderr><stdout></stdout></case><case><age>0</age><className>org.pentaho.hbase.HBaseValueMetaTest</className><duration>0.0</duration><failedSince>0</failedSince><name>testEncodeKeyValueUnsignedInteger</name><skipped>false</skipped><status>PASSED</status><stderr></stderr><stdout></stdout></case><case><age>0</age><className>org.pentaho.hbase.HBaseValueMetaTest</className><duration>0.0010</duration><failedSince>0</failedSince><name>testEncodeKeyValueSignedInteger</name><skipped>false</skipped><status>PASSED</status><stderr></stderr><stdout></stdout></case><case><age>0</age><className>org.pentaho.hbase.HBaseValueMetaTest</className><duration>0.0010</duration><failedSince>0</failedSince><name>testEncodeKeyValueSignedLong</name><skipped>false</skipped><status>PASSED</status><stderr></stderr><stdout></stdout></case><case><age>0</age><className>org.pentaho.hbase.HBaseValueMetaTest</className><duration>0.0010</duration><failedSince>0</failedSince><name>testEncodeKeyValueSignedDate</name><skipped>false</skipped><status>PASSED</status><stderr></stderr><stdout></stdout></case><case><age>0</age><className>org.pentaho.hbase.HBaseValueMetaTest</className><duration>0.0010</duration><failedSince>0</failedSince><name>testEncodeColumnValueString</name><skipped>false</skipped><status>PASSED</status><stderr></stderr><stdout></stdout></case><case><age>0</age><className>org.pentaho.hbase.HBaseValueMetaTest</className><duration>0.0010</duration><failedSince>0</failedSince><name>testEncodeColumnValueLong</name><skipped>false</skipped><status>PASSED</status><stderr></stderr><stdout></stdout></case><case><age>0</age><className>org.pentaho.hbase.HBaseValueMetaTest</className><duration>0.0010</duration><failedSince>0</failedSince><name>testEncodeColumnValueInteger</name><skipped>false</skipped><status>PASSED</status><stderr></stderr><stdout></stdout></case><case><age>0</age><className>org.pentaho.hbase.HBaseValueMetaTest</className><duration>0.0010</duration><failedSince>0</failedSince><name>testEncodeColumnValueDouble</name><skipped>false</skipped><status>PASSED</status><stderr></stderr><stdout></stdout></case><case><age>0</age><className>org.pentaho.hbase.HBaseValueMetaTest</className><duration>0.0010</duration><failedSince>0</failedSince><name>testEncodeColumnValueFloat</name><skipped>false</skipped><status>PASSED</status><stderr></stderr><stdout></stdout></case><case><age>0</age><className>org.pentaho.hbase.HBaseValueMetaTest</className><duration>0.0010</duration><failedSince>0</failedSince><name>testEncodeColumnValueDate</name><skipped>false</skipped><status>PASSED</status><stderr></stderr><stdout></stdout></case><case><age>0</age><className>org.pentaho.hbase.HBaseValueMetaTest</className><duration>0.0010</duration><failedSince>0</failedSince><name>testEncodeColumnValueBoolean</name><skipped>false</skipped><status>PASSED</status><stderr></stderr><stdout></stdout></case><case><age>0</age><className>org.pentaho.hbase.HBaseValueMetaTest</className><duration>0.0030</duration><failedSince>0</failedSince><name>testEncodeColumnValueBigNumber</name><skipped>false</skipped><status>PASSED</status><stderr></stderr><stdout></stdout></case><case><age>0</age><className>org.pentaho.hbase.HBaseValueMetaTest</className><duration>0.0050</duration><failedSince>0</failedSince><name>testEncodeColumnValueSerializable</name><skipped>false</skipped><status>PASSED</status><stderr></stderr><stdout></stdout></case><case><age>0</age><className>org.pentaho.hbase.HBaseValueMetaTest</className><duration>0.0010</duration><failedSince>0</failedSince><name>testEncodeColumnValueBinary</name><skipped>false</skipped><status>PASSED</status><stderr></stderr><stdout></stdout></case><case><age>0</age><className>org.pentaho.hbase.HBaseValueMetaTest</className><duration>0.0010</duration><failedSince>0</failedSince><name>testDecodeColumnValueString</name><skipped>false</skipped><status>PASSED</status><stderr></stderr><stdout></stdout></case><case><age>0</age><className>org.pentaho.hbase.HBaseValueMetaTest</className><duration>0.0010</duration><failedSince>0</failedSince><name>testDecodeColumnValueStringIndexedStorage</name><skipped>false</skipped><status>PASSED</status><stderr></stderr><stdout></stdout></case><case><age>0</age><className>org.pentaho.hbase.HBaseValueMetaTest</className><duration>0.0020</duration><failedSince>0</failedSince><name>testDecodeColumnValueStringIndexedStorageIllegalValue</name><skipped>false</skipped><status>PASSED</status><stderr></stderr><stdout></stdout></case><case><age>0</age><className>org.pentaho.hbase.HBaseValueMetaTest</className><duration>0.0010</duration><failedSince>0</failedSince><name>testDecodeColumnValueFloat</name><skipped>false</skipped><status>PASSED</status><stderr></stderr><stdout></stdout></case><case><age>0</age><className>org.pentaho.hbase.HBaseValueMetaTest</className><duration>0.0010</duration><failedSince>0</failedSince><name>testDecodeColumnValueDouble</name><skipped>false</skipped><status>PASSED</status><stderr></stderr><stdout></stdout></case><case><age>0</age><className>org.pentaho.hbase.HBaseValueMetaTest</className><duration>0.0</duration><failedSince>0</failedSince><name>testDecodeColumnValueInteger</name><skipped>false</skipped><status>PASSED</status><stderr></stderr><stdout></stdout></case><case><age>0</age><className>org.pentaho.hbase.HBaseValueMetaTest</className><duration>0.0</duration><failedSince>0</failedSince><name>testDecodeColumnValueLong</name><skipped>false</skipped><status>PASSED</status><stderr></stderr><stdout></stdout></case><case><age>0</age><className>org.pentaho.hbase.HBaseValueMetaTest</className><duration>0.0</duration><failedSince>0</failedSince><name>testDecodeColumnValueDate</name><skipped>false</skipped><status>PASSED</status><stderr></stderr><stdout></stdout></case><case><age>0</age><className>org.pentaho.hbase.HBaseValueMetaTest</className><duration>0.0</duration><failedSince>0</failedSince><name>testDecodeColumnValueBooleanAsString</name><skipped>false</skipped><status>PASSED</status><stderr></stderr><stdout></stdout></case><case><age>0</age><className>org.pentaho.hbase.HBaseValueMetaTest</className><duration>0.0010</duration><failedSince>0</failedSince><name>testDecodeColumnValueBooleanAsInteger</name><skipped>false</skipped><status>PASSED</status><stderr></stderr><stdout></stdout></case><case><age>0</age><className>org.pentaho.hbase.HBaseValueMetaTest</className><duration>0.0</duration><failedSince>0</failedSince><name>testDecodeColumnValueBigDecimal</name><skipped>false</skipped><status>PASSED</status><stderr></stderr><stdout></stdout></case><case><age>0</age><className>org.pentaho.hbase.HBaseValueMetaTest</className><duration>0.0</duration><failedSince>0</failedSince><name>testDecodeColumnValueSerializable</name><skipped>false</skipped><status>PASSED</status><stderr></stderr><stdout></stdout></case><case><age>0</age><className>org.pentaho.hbase.HBaseValueMetaTest</className><duration>0.0</duration><failedSince>0</failedSince><name>testDecodeColumnValueBinary</name><skipped>false</skipped><status>PASSED</status><stderr></stderr><stdout></stdout></case><case><age>0</age><className>org.pentaho.hbase.HBaseValueMetaTest</className><duration>0.0010</duration><failedSince>0</failedSince><name>testDecodeKeyValueBinary</name><skipped>false</skipped><status>PASSED</status><stderr></stderr><stdout></stdout></case><case><age>0</age><className>org.pentaho.hbase.HBaseValueMetaTest</className><duration>0.0</duration><failedSince>0</failedSince><name>testDecodeKeyValueSignedLong</name><skipped>false</skipped><status>PASSED</status><stderr></stderr><stdout></stdout></case><case><age>0</age><className>org.pentaho.hbase.HBaseValueMetaTest</className><duration>0.0</duration><failedSince>0</failedSince><name>testDecodeKeyValueSignedDate</name><skipped>false</skipped><status>PASSED</status><stderr></stderr><stdout></stdout></case><case><age>0</age><className>org.pentaho.hbase.HBaseValueMetaTest</className><duration>0.0010</duration><failedSince>0</failedSince><name>testEncodeKeyValueBinary</name><skipped>false</skipped><status>PASSED</status><stderr></stderr><stdout></stdout></case><case><age>0</age><className>org.pentaho.hbase.HBaseValueMetaTest</className><duration>0.0</duration><failedSince>0</failedSince><name>testEncodeKeyValueHexKeyAsBinary</name><skipped>false</skipped><status>PASSED</status><stderr></stderr><stdout></stdout></case><case><age>0</age><className>org.pentaho.hbase.HBaseValueMetaTest</className><duration>0.0</duration><failedSince>0</failedSince><name>testEncodeKeyValueString</name><skipped>false</skipped><status>PASSED</status><stderr></stderr><stdout></stdout></case><case><age>0</age><className>org.pentaho.hbase.HBaseValueMetaTest</className><duration>0.0010</duration><failedSince>0</failedSince><name>testEncodeKeyValueUnsignedLong</name><skipped>false</skipped><status>PASSED</status><stderr></stderr><stdout></stdout></case><case><age>0</age><className>org.pentaho.hbase.HBaseValueMetaTest</className><duration>0.0</duration><failedSince>0</failedSince><name>testEncodeKeyValueUnsignedDate</name><skipped>false</skipped><status>PASSED</status><stderr></stderr><stdout></stdout></case><case><age>0</age><className>org.pentaho.hbase.HBaseValueMetaTest</className><duration>0.0</duration><failedSince>0</failedSince><name>testDecodeKeyValueSignedInteger</name><skipped>false</skipped><status>PASSED</status><stderr></stderr><stdout></stdout></case><duration>0.18900004</duration><name>org.pentaho.hbase.HBaseValueMetaTest</name><stderr></stderr><stdout></stdout><timestamp>2014-10-07T19:31:53</timestamp></suite><suite><case><age>0</age><className>org.pentaho.hbase.mapping.MappingAdminTest</className><duration>0.021</duration><failedSince>0</failedSince><name>testCreateMappingTable</name><skipped>false</skipped><status>PASSED</status><stderr></stderr><stdout></stdout></case><case><age>0</age><className>org.pentaho.hbase.mapping.MappingAdminTest</className><duration>0.0</duration><failedSince>0</failedSince><name>testCreateMappingTableTwice</name><skipped>false</skipped><status>PASSED</status><stderr></stderr><stdout></stdout></case><case><age>0</age><className>org.pentaho.hbase.mapping.MappingAdminTest</className><duration>0.115</duration><failedSince>0</failedSince><name>testAddMapping</name><skipped>false</skipped><status>PASSED</status><stderr></stderr><stdout></stdout></case><case><age>0</age><className>org.pentaho.hbase.mapping.MappingAdminTest</className><duration>0.0010</duration><failedSince>0</failedSince><name>testAddMappingTwiceNoOverwrite</name><skipped>false</skipped><status>PASSED</status><stderr></stderr><stdout></stdout></case><case><age>0</age><className>org.pentaho.hbase.mapping.MappingAdminTest</className><duration>0.0030</duration><failedSince>0</failedSince><name>testAddMappingTwiceOverwrite</name><skipped>false</skipped><status>PASSED</status><stderr></stderr><stdout></stdout></case><case><age>0</age><className>org.pentaho.hbase.mapping.MappingAdminTest</className><duration>0.0010</duration><failedSince>0</failedSince><name>testGetMappedTables</name><skipped>false</skipped><status>PASSED</status><stderr></stderr><stdout></stdout></case><case><age>0</age><className>org.pentaho.hbase.mapping.MappingAdminTest</className><duration>0.0010</duration><failedSince>0</failedSince><name>testGetMappingNames</name><skipped>false</skipped><status>PASSED</status><stderr></stderr><stdout></stdout></case><case><age>0</age><className>org.pentaho.hbase.mapping.MappingAdminTest</className><duration>0.0030</duration><failedSince>0</failedSince><name>testRetrieveMapping</name><skipped>false</skipped><status>PASSED</status><stderr></stderr><stdout></stdout></case><case><age>0</age><className>org.pentaho.hbase.mapping.MappingAdminTest</className><duration>0.0010</duration><failedSince>0</failedSince><name>testRetrieveNonExistentMapping</name><skipped>false</skipped><status>PASSED</status><stderr></stderr><stdout></stdout></case><case><age>0</age><className>org.pentaho.hbase.mapping.MappingAdminTest</className><duration>0.0010</duration><failedSince>0</failedSince><name>testDeleteMapping</name><skipped>false</skipped><status>PASSED</status><stderr></stderr><stdout></stdout></case><duration>0.14700003</duration><name>org.pentaho.hbase.mapping.MappingAdminTest</name><stderr></stderr><stdout></stdout><timestamp>2014-10-07T19:31:54</timestamp></suite><suite><case><age>0</age><className>org.pentaho.hbase.mapping.MappingTest</className><duration>0.063</duration><failedSince>0</failedSince><name>testAddMappedColum</name><skipped>false</skipped><status>PASSED</status><stderr></stderr><stdout></stdout></case><case><age>0</age><className>org.pentaho.hbase.mapping.MappingTest</className><duration>0.0</duration><failedSince>0</failedSince><name>testMappingConfigBasic</name><skipped>false</skipped><status>PASSED</status><stderr></stderr><stdout></stdout></case><case><age>0</age><className>org.pentaho.hbase.mapping.MappingTest</className><duration>0.0</duration><failedSince>0</failedSince><name>testAddSameMappedColumTwice</name><skipped>false</skipped><status>PASSED</status><stderr></stderr><stdout></stdout></case><case><age>0</age><className>org.pentaho.hbase.mapping.MappingTest</className><duration>0.0</duration><failedSince>0</failedSince><name>testAddColumnWithSameAliasTwice</name><skipped>false</skipped><status>PASSED</status><stderr></stderr><stdout></stdout></case><duration>0.063</duration><name>org.pentaho.hbase.mapping.MappingTest</name><stderr></stderr><stdout></stdout><timestamp>2014-10-07T19:31:56</timestamp></suite><suite><case><age>0</age><className>org.pentaho.trans.steps.hadoopfileoutput.HadoopFileOutputTest</className><duration>0.069</duration><failedSince>0</failedSince><name>testFileAsCommandOption</name><skipped>false</skipped><status>PASSED</status><stderr></stderr><stdout></stdout></case><duration>0.069</duration><name>org.pentaho.trans.steps.hadoopfileoutput.HadoopFileOutputTest</name><stderr></stderr><stdout></stdout><timestamp>2014-10-07T19:31:56</timestamp></suite></testResult>